SF:lib/core/widgets/game_card_graphic.dart
DA:37,1
DA:46,1
DA:47,1
DA:48,1
DA:50,1
DA:52,0
DA:54,0
DA:59,1
DA:60,1
DA:61,1
DA:62,1
DA:63,1
DA:64,0
DA:65,0
DA:66,0
DA:70,1
DA:71,1
DA:72,1
DA:74,1
DA:76,1
DA:78,1
DA:80,1
DA:82,1
DA:84,1
DA:86,1
DA:88,1
DA:90,1
DA:92,1
DA:94,1
DA:96,1
DA:101,1
DA:102,2
DA:103,2
DA:104,2
DA:107,1
DA:109,1
DA:110,0
DA:112,1
DA:115,0
DA:116,0
DA:117,0
DA:118,0
DA:119,0
DA:121,0
DA:122,0
DA:123,0
DA:124,0
DA:125,0
DA:131,0
DA:132,0
DA:133,0
DA:134,0
DA:135,0
DA:137,0
DA:138,0
DA:148,1
DA:149,1
DA:150,1
DA:151,1
DA:152,1
DA:154,1
DA:155,2
DA:156,1
DA:157,1
DA:158,1
DA:164,1
DA:165,1
DA:167,2
DA:169,0
DA:172,0
DA:174,0
DA:175,0
DA:176,0
DA:177,0
DA:178,0
DA:179,0
DA:184,0
DA:185,0
DA:186,0
DA:187,0
DA:188,0
DA:196,0
DA:199,0
DA:201,0
DA:203,0
DA:204,0
DA:205,0
DA:206,0
DA:207,0
DA:208,0
DA:213,0
DA:214,0
DA:215,0
DA:216,0
DA:217,0
DA:227,1
DA:228,1
DA:229,1
DA:230,1
DA:231,1
DA:232,4
DA:240,1
DA:242,1
DA:243,2
DA:244,2
DA:245,1
DA:246,2
DA:247,1
DA:249,1
DA:251,1
DA:253,1
DA:254,1
DA:255,1
DA:256,1
DA:257,1
DA:258,2
DA:263,1
DA:264,1
DA:265,1
DA:266,1
DA:267,2
DA:284,1
DA:291,1
DA:293,1
DA:295,1
DA:297,0
DA:298,0
DA:299,0
DA:309,1
DA:310,2
DA:311,1
DA:313,1
DA:314,1
DA:315,1
DA:316,1
DA:317,0
DA:318,1
DA:319,1
DA:320,0
DA:321,0
DA:323,0
DA:328,1
DA:329,1
DA:330,2
DA:331,2
DA:332,1
DA:334,1
DA:336,1
DA:338,1
DA:339,1
DA:340,1
DA:349,1
DA:351,1
DA:353,1
DA:367,0
DA:368,0
DA:369,0
DA:370,0
DA:371,0
DA:372,0
DA:375,0
DA:376,0
DA:383,1
DA:384,1
DA:385,2
DA:386,2
DA:387,1
DA:389,1
DA:391,1
DA:393,1
DA:394,1
DA:395,1
DA:398,1
DA:399,1
DA:404,1
DA:405,1
DA:407,1
DA:416,1
DA:418,1
DA:420,1
DA:423,1
DA:424,1
DA:434,0
DA:435,0
DA:436,0
DA:437,0
DA:438,0
DA:440,0
DA:442,0
DA:444,0
DA:445,0
DA:446,0
DA:455,0
DA:457,0
DA:459,0
LF:195
LH:117
end_of_record
SF:lib/features/ledger/services/settlement_service.dart
DA:8,1
DA:14,0
DA:15,0
DA:16,0
DA:17,0
DA:18,0
DA:22,0
DA:23,0
DA:24,0
DA:25,0
DA:26,0
DA:31,0
DA:40,1
DA:64,2
DA:66,4
DA:67,2
DA:71,1
DA:73,2
DA:74,3
DA:75,1
DA:79,4
DA:80,1
DA:83,0
DA:84,0
DA:88,1
DA:89,1
DA:91,2
DA:92,1
DA:93,2
DA:94,1
DA:95,2
DA:100,1
DA:105,4
DA:106,2
DA:107,2
DA:109,2
DA:110,2
DA:113,2
DA:114,1
DA:117,1
DA:118,1
DA:126,3
DA:127,3
DA:130,4
DA:131,4
LF:45
LH:32
end_of_record
SF:lib/features/game/logic/call_break_logic.dart
DA:7,2
DA:8,4
DA:10,4
DA:12,6
DA:13,4
DA:14,2
DA:16,2
DA:18,2
DA:23,2
DA:27,2
DA:32,2
DA:34,4
DA:35,2
DA:38,2
DA:40,8
DA:43,4
DA:45,2
DA:52,1
DA:53,1
DA:54,2
DA:55,4
LF:21
LH:21
end_of_record
SF:lib/features/game/models/game_state.dart
DA:18,0
DA:29,0
DA:30,0
DA:36,2
DA:44,0
DA:47,0
DA:50,0
DA:51,0
DA:53,0
DA:57,0
DA:58,0
DA:61,0
DA:62,0
DA:63,0
DA:75,0
DA:76,0
LF:16
LH:1
end_of_record
SF:lib/features/game/models/game_state.g.dart
DA:9,0
DA:10,0
DA:11,0
DA:14,0
DA:15,0
DA:16,0
DA:19,0
DA:20,0
DA:21,0
DA:24,0
DA:25,0
DA:27,0
DA:28,0
DA:29,0
DA:30,0
DA:31,0
DA:32,0
DA:35,0
DA:36,0
DA:37,0
DA:38,0
DA:48,0
DA:49,0
DA:50,0
DA:51,0
DA:54,0
DA:55,0
DA:56,0
DA:57,0
LF:29
LH:0
end_of_record
SF:lib/core/card_engine/pile.dart
DA:22,21
DA:25,21
DA:28,9
DA:31,0
DA:34,36
DA:37,12
DA:40,50
DA:43,2
DA:44,2
DA:45,8
DA:46,6
DA:52,20
DA:55,12
DA:61,10
DA:63,10
DA:64,50
DA:65,20
DA:66,20
DA:67,40
DA:68,20
DA:73,36
LF:21
LH:20
end_of_record
SF:lib/core/card_engine/deck.dart
DA:26,12
DA:27,12
DA:31,10
DA:34,2
DA:38,6
DA:39,6
DA:40,5
DA:42,4
DA:45,12
DA:46,12
DA:48,48
DA:50,24
DA:51,24
DA:52,24
DA:57,24
DA:58,18
DA:59,24
DA:65,10
DA:66,10
DA:67,10
DA:71,8
DA:72,24
DA:74,16
DA:75,16
DA:76,8
DA:78,16
LF:26
LH:26
end_of_record
SF:lib/core/card_engine/meld.dart
DA:25,8
DA:34,0
DA:37,0
DA:38,0
DA:42,0
DA:48,0
DA:49,0
DA:50,0
DA:51,0
DA:52,0
DA:53,0
DA:54,0
DA:55,0
DA:56,0
DA:58,0
DA:60,0
DA:61,0
DA:62,0
DA:63,0
DA:64,0
DA:71,8
DA:73,3
DA:75,9
DA:78,9
DA:79,15
DA:83,2
DA:84,4
DA:85,12
DA:89,4
DA:90,8
DA:98,0
DA:104,16
DA:106,5
DA:108,15
DA:111,15
DA:112,25
DA:115,8
DA:116,28
DA:120,12
DA:121,36
DA:130,5
DA:132,2
DA:133,2
DA:134,4
DA:135,4
DA:136,1
DA:141,3
DA:142,4
DA:144,4
DA:145,3
DA:147,3
DA:148,2
DA:160,0
DA:167,4
DA:168,4
DA:170,2
DA:172,6
DA:174,2
DA:176,9
DA:181,5
DA:182,2
DA:185,0
DA:186,0
DA:192,3
DA:193,3
DA:195,1
DA:197,3
DA:198,2
DA:200,10
DA:204,5
DA:208,0
DA:217,0
DA:218,0
DA:220,0
DA:222,0
DA:226,0
DA:228,0
DA:231,0
DA:232,0
DA:234,0
DA:235,0
DA:237,0
DA:238,0
DA:244,0
DA:245,0
DA:252,4
DA:256,4
DA:257,4
DA:260,28
DA:262,12
DA:263,8
DA:266,6
DA:267,18
DA:270,8
DA:271,18
DA:274,16
DA:275,12
DA:276,8
DA:284,0
DA:290,0
DA:292,0
DA:296,0
DA:297,0
DA:298,0
DA:307,2
DA:308,2
DA:309,2
DA:311,2
DA:312,0
DA:313,2
DA:314,8
DA:317,2
DA:319,6
DA:320,4
DA:323,8
DA:326,6
DA:327,2
DA:328,8
DA:329,2
DA:331,2
DA:334,4
DA:335,8
DA:338,4
DA:339,4
DA:340,4
DA:341,4
DA:343,2
DA:344,10
DA:348,14
DA:349,6
DA:350,6
DA:351,4
DA:354,6
DA:359,0
DA:368,1
DA:369,1
DA:370,1
DA:372,1
DA:373,0
DA:374,1
DA:375,4
DA:378,1
DA:380,3
DA:381,2
DA:382,4
DA:385,3
DA:386,1
DA:387,4
DA:388,1
DA:390,1
DA:393,2
DA:394,4
DA:397,0
DA:404,6
DA:405,6
DA:406,6
DA:408,12
DA:409,30
DA:412,12
DA:413,12
DA:414,8
DA:415,4
DA:416,3
DA:425,6
DA:426,6
DA:427,6
DA:429,12
DA:430,30
DA:433,12
DA:434,12
DA:436,6
DA:437,42
DA:441,18
DA:443,12
DA:444,54
DA:446,10
DA:447,6
DA:448,6
DA:449,12
DA:460,6
DA:461,6
DA:462,6
DA:464,12
DA:465,30
DA:466,24
DA:469,12
DA:470,12
DA:472,8
DA:473,4
DA:475,2
DA:476,4
DA:477,2
DA:478,6
DA:479,2
DA:481,2
DA:483,4
DA:492,7
DA:493,7
DA:494,7
DA:496,14
DA:497,35
DA:498,28
DA:501,14
DA:503,14
DA:514,10
DA:516,8
DA:517,8
DA:519,10
DA:520,10
DA:530,6
DA:531,6
DA:532,12
DA:533,12
DA:534,12
DA:535,12
DA:536,12
DA:540,6
DA:541,6
DA:547,18
DA:548,12
DA:550,3
DA:551,15
DA:553,3
DA:554,15
DA:556,3
DA:557,15
DA:562,0
DA:563,0
DA:564,0
DA:565,0
DA:566,0
DA:567,0
DA:569,0
DA:570,0
DA:571,0
DA:579,3
DA:583,3
DA:584,3
DA:587,12
DA:588,12
DA:590,3
DA:593,2
DA:594,4
DA:595,10
DA:599,4
DA:600,2
DA:601,2
DA:603,14
DA:606,6
DA:607,6
DA:612,8
DA:613,2
DA:615,2
DA:619,6
DA:621,10
DA:622,2
DA:623,2
DA:624,4
DA:626,2
DA:627,4
DA:635,2
DA:636,4
DA:638,4
DA:639,2
DA:640,4
DA:650,3
DA:654,3
DA:655,3
DA:657,12
DA:658,12
DA:660,3
DA:663,2
DA:664,4
DA:665,10
DA:669,4
DA:670,2
DA:672,4
DA:674,0
DA:675,0
DA:676,0
DA:679,8
DA:681,3
DA:682,1
DA:683,2
DA:691,4
DA:692,4
DA:695,4
DA:696,20
DA:698,4
DA:701,4
DA:702,4
DA:705,4
DA:709,4
DA:710,6
DA:711,2
DA:715,4
DA:716,7
DA:717,3
DA:721,4
DA:722,4
DA:723,0
DA:732,4
DA:733,6
DA:734,2
DA:739,0
DA:740,0
DA:741,0
DA:745,0
DA:746,0
DA:747,0
DA:751,0
DA:752,0
DA:753,0
DA:760,3
DA:765,15
DA:766,24
DA:771,12
DA:772,3
DA:773,3
DA:776,4
DA:780,24
DA:781,12
DA:783,2
DA:784,4
DA:785,12
DA:786,6
DA:787,8
DA:788,10
DA:795,4
DA:799,24
DA:800,28
DA:802,4
DA:803,20
DA:804,8
DA:807,12
DA:808,16
DA:809,4
DA:810,20
DA:813,12
DA:814,36
DA:819,6
DA:825,4
DA:830,32
DA:831,4
DA:832,12
DA:834,1
DA:835,1
DA:836,2
DA:837,2
DA:840,4
DA:841,0
DA:842,0
DA:843,0
DA:849,4
DA:854,32
DA:855,4
DA:856,12
DA:858,2
DA:859,4
DA:860,12
DA:861,6
DA:867,0
DA:872,0
DA:873,0
DA:875,0
DA:876,0
DA:879,0
DA:880,0
DA:883,0
DA:886,0
DA:887,0
DA:889,0
DA:890,0
DA:892,0
DA:893,0
DA:896,0
DA:897,0
DA:898,0
DA:907,0
DA:912,0
DA:913,0
DA:916,0
DA:917,0
DA:919,0
DA:922,0
DA:927,0
DA:928,0
DA:929,0
DA:932,0
DA:933,0
DA:934,0
DA:935,0
DA:938,0
DA:939,0
DA:940,0
DA:942,0
DA:943,0
DA:945,0
DA:947,0
DA:953,0
DA:954,0
DA:956,0
DA:959,0
DA:961,0
DA:962,0
DA:963,0
DA:965,0
DA:969,0
DA:971,0
DA:972,0
DA:974,0
DA:975,0
DA:977,0
DA:983,0
DA:984,0
DA:985,0
DA:986,0
DA:988,0
DA:990,0
DA:991,0
DA:992,0
DA:1003,0
DA:1008,0
DA:1009,0
DA:1011,0
DA:1012,0
DA:1014,0
DA:1016,0
DA:1020,0
DA:1021,0
DA:1022,0
DA:1025,0
DA:1026,0
DA:1028,0
DA:1029,0
DA:1030,0
DA:1033,0
DA:1039,0
DA:1040,0
DA:1042,0
DA:1045,0
DA:1046,0
DA:1047,0
DA:1048,0
DA:1049,0
DA:1051,0
DA:1052,0
DA:1054,0
DA:1058,0
DA:1060,0
DA:1062,0
DA:1063,0
DA:1065,0
LF:453
LH:288
end_of_record
SF:lib/core/card_engine/player_strategy.dart
DA:12,4
DA:13,8
DA:14,8
DA:15,20
DA:16,4
DA:17,20
DA:19,4
DA:20,4
DA:24,0
DA:25,0
DA:26,0
DA:27,0
DA:28,0
DA:29,0
DA:31,0
DA:32,0
DA:64,0
DA:67,0
DA:70,0
DA:77,0
DA:78,0
DA:79,0
DA:82,0
DA:89,0
DA:92,0
DA:101,0
DA:104,0
DA:107,0
DA:114,0
DA:115,0
DA:116,0
DA:119,0
DA:127,0
DA:130,0
DA:133,0
DA:134,0
DA:140,0
DA:143,0
DA:146,0
DA:153,0
DA:156,0
DA:157,0
DA:159,0
DA:160,0
DA:161,0
DA:165,0
DA:166,0
DA:167,0
DA:168,0
DA:171,0
DA:174,0
DA:181,0
DA:182,0
DA:184,0
DA:187,0
DA:190,0
DA:191,0
LF:57
LH:8
end_of_record
SF:lib/core/models/playing_card.dart
DA:41,3
DA:44,2
DA:52,19
DA:61,0
DA:62,0
DA:65,16
DA:73,8
DA:74,66
DA:77,0
DA:80,21
DA:83,0
DA:85,0
DA:89,3
DA:91,3
DA:92,6
DA:93,3
DA:97,9
DA:98,10
DA:103,6
DA:108,4
DA:109,2
DA:115,4
DA:120,4
DA:121,2
LF:24
LH:19
end_of_record
SF:lib/core/models/playing_card.g.dart
DA:9,0
DA:10,0
DA:11,0
DA:12,0
DA:13,0
DA:16,0
DA:17,0
DA:18,0
DA:19,0
DA:20,0
DA:21,0
LF:11
LH:0
end_of_record
SF:lib/config/casino_theme.dart
DA:96,0
DA:99,0
DA:100,0
DA:101,0
DA:106,0
DA:107,0
DA:108,0
DA:114,0
DA:115,0
DA:116,0
DA:124,2
DA:125,1
DA:130,1
DA:135,1
DA:140,1
DA:145,1
DA:150,1
DA:155,1
DA:160,1
DA:165,1
DA:173,2
DA:177,1
DA:178,1
DA:188,1
DA:191,2
DA:193,1
DA:194,1
DA:198,2
DA:199,1
DA:208,0
DA:212,0
DA:213,0
DA:223,0
DA:226,0
DA:228,0
DA:229,0
DA:233,0
DA:234,0
DA:245,0
DA:250,0
DA:251,0
DA:252,0
DA:253,0
DA:254,0
DA:257,0
DA:261,0
DA:262,0
DA:264,0
DA:265,0
DA:266,0
DA:269,0
DA:273,0
DA:277,0
DA:279,0
DA:280,0
DA:281,0
DA:282,0
DA:283,0
LF:58
LH:19
end_of_record
SF:lib/core/widgets/skeleton_loading.dart
DA:16,1
DA:23,1
DA:25,1
DA:26,1
DA:27,1
DA:29,1
DA:30,1
DA:31,1
DA:32,1
DA:34,2
DA:45,1
DA:47,1
DA:49,1
DA:50,1
DA:51,1
DA:53,1
DA:54,1
DA:55,1
DA:67,1
DA:69,0
DA:71,0
DA:74,0
DA:75,0
DA:76,0
DA:77,0
DA:79,0
DA:81,0
DA:83,0
DA:84,0
DA:87,0
DA:88,0
DA:102,0
DA:103,0
DA:105,0
DA:119,1
DA:121,1
DA:123,1
DA:126,1
DA:127,1
DA:128,1
DA:130,1
DA:131,1
DA:134,1
DA:135,1
DA:155,0
DA:157,0
DA:159,0
DA:160,0
DA:161,0
DA:162,0
DA:175,0
DA:177,0
DA:179,0
DA:180,0
DA:181,0
DA:183,0
DA:184,0
DA:186,0
DA:189,0
DA:190,0
DA:194,0
DA:195,0
DA:210,0
DA:212,0
DA:214,0
DA:216,0
DA:217,0
DA:218,0
DA:223,0
DA:224,0
DA:226,0
DA:228,0
DA:237,0
DA:239,0
DA:241,0
DA:254,0
DA:255,0
DA:257,0
DA:270,0
DA:272,0
DA:274,0
DA:276,0
DA:277,0
DA:279,0
DA:280,0
DA:293,0
DA:295,0
DA:297,0
DA:315,0
DA:317,0
DA:332,1
DA:334,1
DA:336,1
DA:338,1
DA:345,1
DA:346,1
DA:347,1
DA:349,1
DA:352,1
DA:353,1
DA:354,1
DA:355,1
DA:356,1
DA:360,1
DA:361,1
DA:363,1
DA:365,1
DA:383,1
DA:397,1
DA:398,1
DA:401,1
LF:111
LH:50
end_of_record
SF:lib/features/onboarding/onboarding_screen.dart
DA:18,1
DA:20,1
DA:21,1
DA:65,1
DA:67,2
DA:68,1
DA:71,0
DA:72,0
DA:73,0
DA:76,0
DA:77,0
DA:79,0
DA:80,0
DA:84,0
DA:85,0
DA:86,0
DA:88,0
DA:89,0
DA:94,0
DA:98,1
DA:100,1
DA:102,1
DA:106,1
DA:107,1
DA:108,1
DA:110,1
DA:112,1
DA:114,1
DA:115,1
DA:125,1
DA:126,1
DA:127,1
DA:128,2
DA:129,0
DA:130,0
DA:131,0
DA:133,1
DA:134,3
DA:140,1
DA:142,1
DA:144,4
DA:145,2
DA:146,1
DA:151,1
DA:153,1
DA:155,1
DA:156,1
DA:157,1
DA:171,1
DA:174,1
DA:175,1
DA:176,1
DA:179,1
DA:185,1
DA:186,1
DA:187,1
DA:188,1
DA:196,1
DA:198,1
DA:199,1
DA:200,5
DA:210,1
DA:211,5
DA:220,3
DA:221,3
DA:230,1
DA:231,1
DA:233,1
DA:235,1
DA:237,1
DA:239,1
DA:241,1
DA:242,1
DA:243,1
DA:244,2
DA:250,3
DA:252,1
DA:253,3
DA:254,1
DA:255,3
DA:256,1
DA:259,1
DA:266,1
DA:267,1
DA:275,4
DA:280,1
DA:281,1
DA:282,1
DA:283,1
DA:288,3
DA:293,1
DA:294,1
DA:301,3
DA:315,1
LF:94
LH:78
end_of_record
SF:lib/features/tournament/tournament_model.dart
DA:30,0
DA:55,0
DA:56,0
DA:59,0
DA:60,0
DA:61,0
DA:64,0
DA:67,0
DA:68,0
DA:69,0
DA:70,0
DA:71,0
DA:78,1
DA:97,0
DA:98,0
DA:101,2
DA:104,0
DA:118,0
DA:132,0
DA:133,0
DA:139,0
DA:152,0
DA:153,0
LF:23
LH:2
end_of_record
SF:lib/features/tournament/tournament_model.g.dart
DA:9,0
DA:10,0
DA:11,0
DA:12,0
DA:13,0
DA:14,0
DA:15,0
DA:16,0
DA:18,0
DA:20,0
DA:21,0
DA:22,0
DA:23,0
DA:24,0
DA:26,0
DA:27,0
DA:29,0
DA:30,0
DA:32,0
DA:34,0
DA:35,0
DA:36,0
DA:39,0
DA:40,0
DA:41,0
DA:43,0
DA:44,0
DA:45,0
DA:47,0
DA:50,0
DA:51,0
DA:52,0
DA:53,0
DA:54,0
DA:55,0
DA:56,0
DA:57,0
DA:58,0
DA:59,0
DA:60,0
DA:61,0
DA:62,0
DA:63,0
DA:64,0
DA:65,0
DA:66,0
DA:67,0
DA:68,0
DA:69,0
DA:70,0
DA:71,0
DA:88,0
DA:89,0
DA:90,0
DA:91,0
DA:92,0
DA:93,0
DA:94,0
DA:95,0
DA:96,0
DA:97,0
DA:98,0
DA:99,0
DA:100,0
DA:102,0
DA:104,0
DA:106,0
DA:107,0
DA:109,0
DA:112,0
DA:113,0
DA:114,0
DA:115,0
DA:116,0
DA:117,0
DA:118,0
DA:119,0
DA:120,0
DA:121,0
DA:122,0
DA:123,0
DA:124,0
DA:125,0
DA:126,0
DA:127,0
DA:137,0
DA:139,0
DA:140,0
DA:141,0
DA:142,0
DA:143,0
DA:144,0
DA:145,0
DA:146,0
DA:147,0
DA:148,0
DA:151,0
DA:153,0
DA:154,0
DA:155,0
DA:156,0
DA:157,0
DA:158,0
DA:159,0
DA:160,0
DA:161,0
DA:162,0
DA:165,0
DA:166,0
DA:167,0
DA:168,0
DA:169,0
DA:170,0
DA:171,0
DA:172,0
DA:173,0
DA:174,0
DA:177,0
DA:178,0
DA:179,0
DA:180,0
DA:181,0
DA:182,0
DA:183,0
DA:184,0
DA:185,0
DA:186,0
LF:127
LH:0
end_of_record
SF:lib/features/tournament/widgets/bracket_view.dart
DA:15,1
DA:17,1
DA:20,1
DA:21,2
DA:22,5
DA:25,3
DA:27,1
DA:30,1
DA:32,1
DA:33,2
DA:34,1
DA:36,1
DA:37,2
DA:39,2
DA:40,0
DA:41,0
DA:57,1
DA:63,1
DA:65,1
DA:67,1
DA:68,1
DA:69,1
DA:71,1
DA:72,3
DA:73,1
DA:75,1
DA:77,1
DA:79,3
DA:82,5
DA:84,2
DA:85,2
DA:87,1
DA:98,1
DA:100,1
DA:102,3
DA:103,3
DA:105,1
DA:108,1
DA:109,1
DA:110,1
DA:117,1
DA:118,1
DA:126,1
DA:127,1
DA:128,1
DA:133,1
DA:134,1
DA:140,1
DA:141,1
DA:143,1
DA:145,1
DA:151,1
DA:153,1
DA:154,1
DA:155,3
DA:164,1
DA:169,1
DA:171,1
DA:182,3
DA:183,2
DA:185,1
DA:194,1
DA:195,2
DA:196,2
DA:197,5
DA:200,2
DA:202,1
DA:203,2
DA:204,2
DA:205,5
DA:207,2
DA:211,5
DA:222,1
DA:230,1
DA:232,1
DA:234,2
DA:235,1
DA:237,1
DA:238,1
DA:239,2
DA:240,1
DA:244,1
DA:245,1
DA:246,1
DA:247,1
DA:248,1
DA:249,1
DA:250,1
DA:255,2
DA:256,1
DA:257,2
DA:258,1
DA:260,1
LF:93
LH:91
end_of_record
SF:lib/config/visual_effects.dart
DA:13,1
DA:22,1
DA:23,1
DA:32,1
DA:34,1
DA:36,2
DA:39,1
DA:41,2
DA:44,1
DA:46,1
DA:49,1
DA:50,1
DA:51,5
DA:52,1
DA:53,1
DA:54,1
DA:55,3
DA:56,3
DA:57,3
DA:58,3
DA:59,1
DA:64,1
DA:66,2
DA:67,2
DA:68,1
DA:71,1
DA:73,1
DA:74,2
DA:75,1
DA:76,1
DA:79,1
DA:88,1
DA:89,1
DA:91,1
DA:92,1
DA:93,1
DA:94,1
DA:95,1
DA:96,1
DA:97,2
DA:98,2
DA:99,2
DA:100,2
DA:108,1
DA:109,1
DA:110,1
DA:111,1
DA:112,1
DA:113,2
DA:114,2
DA:122,2
DA:138,1
DA:156,1
DA:164,1
DA:166,2
DA:169,9
DA:171,7
DA:173,2
DA:174,2
DA:178,2
DA:179,6
DA:181,1
DA:182,4
DA:185,1
DA:187,3
DA:190,2
DA:191,1
DA:192,4
DA:193,1
DA:195,1
DA:196,1
DA:197,1
DA:198,2
DA:205,1
DA:207,3
DA:208,0
DA:216,1
DA:218,1
DA:221,1
DA:222,5
DA:223,5
DA:224,5
DA:227,3
DA:228,1
DA:230,8
DA:232,1
DA:233,1
DA:234,4
DA:235,2
DA:239,1
DA:240,2
DA:241,1
DA:244,1
DA:248,1
DA:250,3
DA:262,0
DA:271,0
DA:272,0
DA:281,0
DA:283,0
DA:284,0
DA:286,0
DA:288,0
DA:289,0
DA:292,0
DA:293,0
DA:294,0
DA:295,0
DA:300,0
DA:301,0
DA:302,0
DA:307,0
DA:309,0
DA:310,0
DA:311,0
DA:312,0
DA:314,0
DA:319,0
DA:321,0
DA:322,0
DA:325,0
DA:327,0
DA:328,0
DA:329,0
DA:330,0
DA:331,0
DA:333,0
DA:335,0
DA:336,0
DA:337,0
DA:339,0
DA:340,0
DA:342,0
DA:343,0
DA:357,0
DA:364,0
DA:365,0
DA:374,0
DA:376,0
DA:378,0
DA:379,0
DA:385,0
DA:386,0
DA:389,0
DA:390,0
DA:392,0
DA:393,0
DA:396,0
DA:397,0
DA:399,0
DA:402,0
DA:403,0
DA:404,0
DA:405,0
DA:406,0
DA:411,0
DA:413,0
DA:414,0
DA:416,0
DA:419,0
DA:421,0
DA:423,0
DA:424,0
DA:425,0
DA:426,0
DA:427,0
DA:428,0
DA:429,0
DA:430,0
DA:431,0
DA:446,0
DA:452,0
DA:453,0
DA:461,0
DA:463,0
DA:465,0
DA:470,0
DA:472,0
DA:473,0
DA:477,0
DA:478,0
DA:479,0
DA:480,0
DA:481,0
DA:482,0
DA:483,0
DA:484,0
DA:485,0
DA:486,0
DA:487,0
DA:493,0
DA:498,0
DA:500,0
DA:501,0
DA:502,0
DA:503,0
DA:504,0
DA:508,0
DA:510,0
DA:511,0
DA:514,0
DA:516,0
DA:517,0
DA:518,0
DA:519,0
DA:520,0
DA:521,0
DA:522,0
DA:523,0
DA:524,0
DA:525,0
DA:526,0
DA:546,0
DA:561,0
DA:563,0
DA:565,0
DA:566,0
DA:567,0
DA:569,0
DA:570,0
DA:572,0
DA:574,0
DA:575,0
DA:576,0
DA:578,0
DA:579,0
DA:580,0
DA:582,0
DA:583,0
DA:585,0
DA:586,0
DA:591,0
DA:595,0
DA:597,0
LF:234
LH:94
end_of_record
SF:lib/core/services/sound_service.dart
DA:9,3
DA:10,0
DA:16,0
DA:21,0
DA:22,0
DA:23,0
DA:30,0
DA:32,0
DA:38,0
DA:40,0
DA:43,0
DA:45,0
DA:47,0
DA:49,0
DA:53,0
DA:54,0
DA:56,0
DA:60,0
DA:63,0
DA:65,0
DA:69,0
DA:70,0
DA:71,0
DA:75,0
DA:77,0
DA:79,0
DA:84,0
DA:86,0
DA:88,0
DA:94,0
DA:96,0
DA:101,0
DA:103,0
DA:108,0
DA:110,0
DA:111,0
DA:116,0
DA:118,0
DA:120,0
DA:126,0
DA:136,0
DA:138,0
DA:142,0
DA:143,0
DA:144,0
DA:147,0
DA:148,0
DA:149,0
DA:152,0
DA:153,0
DA:154,0
DA:158,0
DA:159,0
DA:162,0
DA:163,0
DA:167,0
DA:172,0
DA:173,0
DA:175,0
DA:177,0
DA:182,0
DA:183,0
DA:184,0
DA:187,0
DA:188,0
DA:189,0
DA:192,0
DA:193,0
DA:194,0
DA:197,0
DA:198,0
DA:200,0
DA:202,0
DA:207,0
DA:208,0
DA:210,0
DA:212,0
DA:216,0
DA:217,0
DA:219,0
DA:221,0
DA:228,0
DA:229,0
DA:231,0
DA:232,0
DA:236,0
DA:241,0
DA:242,0
DA:244,0
DA:245,0
DA:249,0
DA:254,0
DA:255,0
DA:257,0
DA:258,0
DA:262,0
DA:267,0
DA:268,0
DA:270,0
DA:271,0
DA:275,0
DA:280,1
DA:281,1
DA:283,2
DA:284,1
DA:288,0
DA:293,0
DA:294,0
DA:296,0
DA:298,0
LF:110
LH:5
end_of_record
SF:lib/features/tournament/widgets/bracket_connector.dart
DA:8,0
DA:15,0
DA:17,0
DA:18,0
DA:19,0
DA:20,0
DA:21,0
DA:22,0
DA:23,0
DA:35,0
DA:42,0
DA:44,0
DA:45,0
DA:46,0
DA:47,0
DA:51,0
DA:52,0
DA:55,0
DA:57,0
DA:60,0
DA:68,0
DA:72,0
DA:73,0
DA:74,0
DA:82,0
DA:85,0
DA:86,0
DA:87,0
DA:88,0
DA:92,0
LF:30
LH:0
end_of_record
SF:lib/features/wallet/models/user_tier.dart
DA:11,0
DA:13,0
DA:15,0
DA:17,0
DA:19,0
DA:21,0
DA:26,0
DA:28,0
DA:30,0
DA:32,0
DA:34,0
DA:36,0
DA:42,2
DA:45,1
DA:47,1
DA:49,1
DA:51,1
DA:53,1
DA:55,1
DA:56,1
DA:61,1
DA:63,1
DA:65,1
DA:67,1
DA:69,1
DA:71,1
DA:72,1
LF:27
LH:15
end_of_record
SF:lib/features/wallet/diamond_wallet.dart
DA:9,0
DA:11,0
DA:12,0
DA:16,0
DA:17,0
DA:18,0
DA:19,0
DA:22,0
DA:23,0
DA:80,0
DA:81,0
DA:98,0
DA:99,0
LF:13
LH:0
end_of_record
SF:lib/features/wallet/diamond_wallet.g.dart
DA:9,0
DA:11,0
DA:12,0
DA:13,0
DA:14,0
DA:16,0
DA:17,0
DA:20,0
DA:21,0
DA:22,0
DA:23,0
DA:24,0
DA:25,0
DA:26,0
DA:27,0
DA:28,0
DA:29,0
DA:32,0
DA:34,0
DA:35,0
DA:36,0
DA:37,0
DA:38,0
DA:39,0
DA:40,0
DA:41,0
DA:42,0
DA:43,0
DA:44,0
DA:45,0
DA:46,0
DA:47,0
DA:48,0
DA:59,0
DA:60,0
DA:61,0
DA:62,0
DA:63,0
DA:64,0
DA:65,0
DA:66,0
DA:67,0
DA:70,0
DA:71,0
DA:72,0
DA:73,0
DA:74,0
DA:75,0
DA:76,0
DA:77,0
DA:78,0
LF:51
LH:0
end_of_record
SF:lib/features/governance/governance_service.dart
DA:6,0
DA:7,0
DA:8,0
DA:14,0
DA:17,0
DA:18,0
DA:30,0
DA:34,1
DA:38,3
DA:39,2
DA:40,1
DA:42,1
DA:43,3
DA:44,1
DA:48,1
DA:50,1
DA:53,2
DA:56,1
DA:58,4
LF:19
LH:12
end_of_record
SF:lib/features/wallet/diamond_service.dart
DA:7,3
DA:8,0
DA:17,0
DA:19,0
DA:21,0
DA:24,0
DA:29,0
DA:31,0
DA:33,0
DA:35,0
DA:36,0
DA:39,0
DA:45,0
DA:46,0
DA:47,0
DA:48,0
DA:50,0
DA:51,0
DA:52,0
DA:54,0
DA:55,0
DA:61,0
DA:62,0
DA:63,0
DA:71,0
DA:79,0
DA:80,0
DA:84,0
DA:86,0
DA:91,0
DA:92,0
DA:93,0
DA:96,0
DA:101,0
DA:103,0
DA:111,0
DA:119,0
DA:122,0
DA:127,0
DA:129,0
DA:131,0
DA:132,0
DA:133,0
DA:136,0
DA:143,0
DA:146,0
DA:154,0
DA:156,0
DA:157,0
DA:160,0
DA:166,0
DA:172,0
DA:173,0
DA:179,0
DA:185,0
DA:187,0
DA:188,0
DA:189,0
DA:191,0
DA:198,0
DA:204,0
DA:205,0
DA:211,0
DA:220,0
DA:227,0
DA:234,0
DA:237,0
DA:241,0
DA:246,0
DA:247,0
DA:248,0
DA:249,0
DA:250,0
DA:251,0
DA:253,0
DA:254,0
DA:255,0
DA:257,0
DA:258,0
LF:79
LH:1
end_of_record
SF:lib/features/wallet/models/diamond_origin.dart
DA:14,1
DA:16,1
DA:18,1
DA:20,0
DA:22,0
DA:24,0
DA:31,0
DA:33,0
DA:35,0
DA:37,0
DA:39,0
DA:41,0
DA:43,0
DA:45,0
DA:47,0
LF:15
LH:3
end_of_record
SF:lib/features/game/engine/widgets/playing_card_widget.dart
DA:17,1
DA:29,1
DA:30,1
DA:41,1
DA:43,1
DA:44,3
DA:45,2
DA:48,2
DA:50,3
DA:53,0
DA:55,0
DA:56,0
DA:57,0
DA:58,0
DA:60,0
DA:62,0
DA:63,0
DA:67,1
DA:69,2
DA:70,1
DA:74,1
DA:77,1
DA:78,1
DA:80,1
DA:82,1
DA:84,1
DA:87,3
DA:89,2
DA:90,1
DA:93,1
DA:95,1
DA:98,1
DA:99,2
DA:100,8
DA:101,1
DA:103,2
DA:104,1
DA:105,6
DA:106,2
DA:108,1
DA:109,1
DA:110,1
DA:112,3
DA:113,2
DA:115,1
DA:116,1
DA:117,1
DA:118,1
DA:120,2
DA:121,1
DA:123,1
DA:129,1
DA:141,1
DA:154,1
DA:156,2
DA:157,1
DA:159,2
DA:160,2
DA:161,1
DA:162,1
DA:163,1
DA:164,2
DA:165,2
DA:167,2
DA:169,1
DA:170,1
DA:171,1
DA:177,1
DA:178,1
DA:179,1
DA:180,1
DA:182,1
DA:183,2
DA:184,3
DA:185,1
DA:187,2
DA:188,0
DA:189,0
DA:190,0
DA:191,0
DA:210,1
DA:211,1
DA:214,2
DA:215,2
DA:216,0
DA:217,0
DA:218,0
DA:219,0
DA:220,0
DA:223,0
DA:231,1
DA:232,1
DA:233,2
DA:234,1
DA:235,1
DA:237,2
DA:238,2
DA:239,0
DA:240,0
DA:246,0
DA:247,0
DA:248,0
DA:250,0
DA:252,0
DA:254,0
DA:256,0
DA:258,0
DA:260,0
DA:262,0
DA:264,0
DA:265,0
DA:266,0
DA:267,0
DA:268,0
DA:274,0
DA:275,0
DA:276,0
DA:277,0
DA:286,0
DA:287,0
DA:288,0
DA:289,0
DA:290,0
DA:294,0
DA:296,0
DA:298,0
DA:300,0
DA:301,0
DA:302,0
DA:303,0
DA:304,0
DA:310,0
DA:311,0
DA:312,0
DA:313,0
DA:329,1
DA:330,1
DA:331,1
DA:332,1
DA:333,1
DA:335,1
DA:336,3
LF:142
LH:86
end_of_record
SF:lib/features/game/services/card_validation_service.dart
DA:7,0
DA:13,0
DA:18,0
DA:22,0
DA:25,0
DA:26,0
DA:34,0
DA:35,0
DA:39,1
DA:44,2
DA:45,1
DA:48,1
DA:51,5
DA:52,1
DA:57,1
DA:61,0
DA:62,0
DA:66,1
DA:70,5
DA:72,5
DA:73,1
DA:74,2
DA:77,5
DA:79,5
DA:80,1
DA:81,1
DA:84,1
DA:85,1
DA:86,1
DA:87,1
DA:88,1
DA:89,1
LF:32
LH:22
end_of_record
SF:lib/features/profile/user_profile.dart
DA:9,1
DA:57,1
DA:58,1
DA:61,0
DA:64,0
DA:65,0
DA:66,0
DA:67,0
DA:68,0
DA:69,0
DA:77,0
DA:97,0
DA:98,0
DA:107,0
DA:121,0
DA:122,0
DA:131,0
DA:142,0
DA:143,0
DA:160,0
DA:170,0
DA:171,0
LF:22
LH:3
end_of_record
SF:lib/features/profile/user_profile.g.dart
DA:9,2
DA:10,1
DA:11,1
DA:12,1
DA:13,1
DA:14,1
DA:15,1
DA:16,1
DA:17,1
DA:18,1
DA:19,1
DA:20,1
DA:21,1
DA:22,1
DA:23,1
DA:24,1
DA:26,1
DA:27,0
DA:28,0
DA:31,1
DA:33,1
DA:34,1
DA:35,1
DA:36,1
DA:37,1
DA:38,1
DA:39,1
DA:40,1
DA:41,1
DA:43,0
DA:44,1
DA:46,0
DA:47,1
DA:49,1
DA:50,0
DA:51,0
DA:55,1
DA:56,1
DA:57,1
DA:58,1
DA:59,1
DA:60,1
DA:61,1
DA:62,1
DA:63,1
DA:64,1
DA:65,1
DA:66,1
DA:67,1
DA:68,1
DA:69,1
DA:70,1
DA:71,1
DA:72,1
DA:73,1
DA:74,1
DA:75,1
DA:76,1
DA:77,1
DA:78,1
DA:79,1
DA:80,1
DA:81,1
DA:82,1
DA:83,1
DA:84,1
DA:85,1
DA:88,0
DA:89,0
DA:90,0
DA:91,0
DA:92,0
DA:93,0
DA:94,0
DA:96,0
DA:99,0
DA:101,0
DA:102,0
DA:103,0
DA:104,0
DA:105,0
DA:106,0
DA:107,0
DA:110,0
DA:111,0
DA:112,0
DA:113,0
DA:114,0
DA:115,0
DA:116,0
DA:117,0
DA:118,0
DA:119,0
DA:120,0
DA:121,0
DA:122,0
DA:123,0
DA:124,0
DA:125,0
DA:136,0
DA:137,0
DA:138,0
DA:139,0
DA:140,0
DA:142,0
DA:144,0
DA:146,0
DA:147,0
DA:148,0
DA:149,0
DA:152,0
DA:153,0
DA:154,0
DA:155,0
DA:156,0
DA:157,0
DA:158,0
DA:159,0
DA:160,0
DA:161,0
DA:162,0
DA:173,0
DA:174,0
DA:175,0
DA:176,0
DA:177,0
DA:178,0
DA:180,0
DA:182,0
DA:184,0
DA:187,0
DA:188,0
DA:189,0
DA:190,0
DA:191,0
DA:192,0
DA:193,0
DA:194,0
DA:207,0
DA:208,0
DA:209,0
DA:210,0
DA:211,0
DA:212,0
DA:213,0
DA:216,0
DA:217,0
DA:218,0
DA:219,0
DA:220,0
DA:221,0
DA:222,0
LF:152
LH:61
end_of_record
SF:lib/features/leaderboard/leaderboard_screen.dart
DA:10,0
DA:11,0
DA:12,0
DA:23,2
DA:32,12
DA:33,12
DA:37,2
DA:39,0
DA:41,0
DA:43,0
DA:44,0
DA:46,0
DA:48,0
DA:53,0
DA:54,0
DA:55,0
DA:57,0
DA:58,0
DA:63,0
DA:65,0
DA:66,0
DA:67,0
DA:69,0
DA:70,0
DA:75,0
DA:79,0
DA:88,0
DA:89,0
DA:90,0
DA:93,0
DA:94,0
DA:95,0
DA:96,0
DA:100,0
DA:101,0
DA:103,0
DA:104,0
DA:106,0
DA:113,0
DA:114,0
DA:115,0
DA:124,0
DA:126,0
DA:128,0
DA:129,0
DA:138,0
DA:139,0
DA:140,0
DA:152,0
DA:153,0
DA:154,0
DA:155,0
DA:158,0
DA:159,0
DA:161,0
DA:164,0
DA:165,0
DA:167,0
DA:169,0
DA:170,0
DA:172,0
DA:177,0
DA:178,0
DA:179,0
DA:180,0
DA:183,0
DA:185,0
DA:187,0
DA:188,0
DA:189,0
DA:193,0
DA:197,0
DA:203,0
DA:204,0
DA:206,0
DA:207,0
DA:221,0
DA:223,0
DA:225,0
DA:228,0
DA:229,0
DA:232,0
DA:234,0
DA:235,0
DA:236,0
DA:237,0
DA:243,0
DA:244,0
DA:245,0
DA:247,0
DA:249,0
DA:251,0
DA:253,0
DA:256,0
DA:258,0
DA:259,0
DA:260,0
DA:264,0
DA:265,0
DA:267,0
DA:269,0
DA:272,0
DA:273,0
DA:274,0
DA:278,0
DA:280,0
DA:282,0
DA:284,0
DA:287,0
DA:288,0
DA:289,0
DA:293,0
DA:294,0
DA:296,0
DA:301,0
DA:313,0
DA:322,0
DA:324,0
DA:326,0
DA:328,0
DA:330,0
DA:332,0
DA:333,0
DA:334,0
DA:339,0
DA:341,0
DA:344,0
DA:346,0
DA:348,0
DA:349,0
DA:350,0
DA:351,0
DA:357,0
DA:358,0
DA:360,0
DA:361,0
DA:362,0
DA:363,0
DA:364,0
DA:366,0
DA:367,0
DA:368,0
DA:369,0
DA:370,0
DA:372,0
DA:380,0
DA:383,0
DA:384,0
DA:385,0
DA:386,0
DA:387,0
DA:397,0
DA:400,0
DA:401,0
DA:402,0
DA:404,0
DA:405,0
DA:414,0
DA:417,0
DA:418,0
DA:419,0
DA:420,0
DA:421,0
DA:424,0
DA:425,0
DA:426,0
DA:430,0
DA:432,0
DA:434,0
DA:435,0
DA:438,0
DA:439,0
DA:442,0
DA:443,0
DA:444,0
DA:445,0
DA:448,0
DA:454,0
DA:455,0
DA:456,0
DA:459,0
DA:475,0
DA:477,0
DA:479,0
DA:481,0
DA:484,0
DA:485,0
DA:486,0
DA:487,0
DA:488,0
DA:489,0
DA:490,0
DA:494,0
DA:495,0
DA:497,0
DA:500,0
DA:501,0
DA:502,0
DA:504,0
DA:505,0
DA:506,0
DA:507,0
DA:509,0
DA:517,0
DA:519,0
DA:520,0
DA:521,0
DA:523,0
DA:524,0
DA:525,0
DA:526,0
DA:528,0
DA:536,0
DA:537,0
DA:539,0
DA:540,0
DA:541,0
DA:542,0
DA:547,0
DA:548,0
DA:549,0
DA:551,0
DA:555,0
DA:557,0
DA:567,0
DA:569,0
DA:570,0
DA:571,0
DA:573,0
DA:575,0
DA:576,0
DA:596,0
DA:602,0
DA:604,0
DA:606,0
DA:607,0
DA:609,0
DA:610,0
DA:611,0
DA:613,0
DA:624,0
DA:626,0
DA:628,0
DA:629,0
DA:631,0
DA:633,0
DA:634,0
DA:636,0
DA:637,0
DA:638,0
DA:642,0
DA:645,0
DA:647,0
DA:649,0
DA:651,0
DA:653,0
DA:655,0
DA:657,0
DA:659,0
DA:660,0
DA:663,0
DA:665,0
DA:666,0
DA:669,0
DA:670,0
DA:675,0
DA:676,0
DA:679,0
LF:268
LH:4
end_of_record
SF:lib/core/ai/hybrid_ai_service.dart
DA:30,0
DA:39,0
DA:41,0
DA:42,0
DA:43,0
DA:48,0
DA:50,0
DA:63,0
DA:64,0
DA:65,0
DA:67,0
DA:72,0
DA:75,0
DA:76,0
DA:78,0
DA:79,0
DA:80,0
DA:81,0
DA:82,0
DA:85,0
DA:90,0
DA:97,0
DA:100,0
DA:101,0
DA:102,0
DA:103,0
DA:104,0
DA:113,0
DA:118,0
DA:119,0
DA:123,0
DA:124,0
DA:129,0
DA:131,0
DA:132,0
DA:133,0
DA:136,0
DA:139,0
DA:141,0
DA:142,0
DA:146,0
DA:147,0
DA:148,0
DA:152,0
DA:155,0
DA:161,0
DA:163,0
DA:164,0
DA:167,0
DA:172,0
DA:184,0
DA:189,0
DA:190,0
DA:192,0
DA:194,0
DA:195,0
DA:201,0
DA:208,0
DA:209,0
DA:222,0
DA:223,0
DA:226,0
DA:227,0
DA:228,0
DA:230,0
DA:233,0
DA:234,0
DA:235,0
DA:238,0
DA:239,0
DA:240,0
DA:243,0
DA:244,0
DA:245,0
DA:246,0
DA:247,0
DA:248,0
DA:250,0
DA:257,0
DA:259,0
DA:260,0
DA:261,0
DA:264,0
DA:266,0
DA:267,0
DA:268,0
DA:271,0
DA:276,0
DA:277,0
DA:278,0
DA:279,0
DA:283,0
DA:284,0
DA:285,0
DA:286,0
DA:288,0
DA:289,0
DA:292,0
DA:297,0
DA:298,0
LF:100
LH:0
end_of_record
SF:lib/core/config/ad_config.dart
DA:29,0
DA:30,0
DA:32,0
DA:35,0
DA:39,0
DA:40,0
DA:42,0
DA:45,0
DA:50,0
DA:51,0
DA:52,0
LF:11
LH:0
end_of_record
SF:lib/core/config/admin_config.dart
DA:15,0
DA:18,0
DA:19,0
DA:20,0
DA:24,0
DA:25,0
DA:29,0
DA:30,0
DA:33,0
DA:57,0
DA:58,0
DA:63,0
DA:64,0
LF:13
LH:0
end_of_record
SF:lib/core/config/club_royale_theme.dart
DA:62,0
DA:63,0
DA:64,0
DA:70,0
DA:71,0
DA:72,0
DA:80,0
DA:81,0
DA:82,0
DA:85,0
DA:87,0
DA:88,0
DA:89,0
DA:94,0
DA:98,0
DA:101,0
DA:105,0
DA:136,0
DA:150,0
LF:19
LH:0
end_of_record
SF:lib/core/config/diamond_config.dart
DA:94,0
DA:95,0
DA:96,0
DA:97,0
DA:101,0
DA:102,0
DA:103,0
DA:104,0
DA:108,0
DA:109,0
DA:113,0
DA:114,0
DA:115,0
DA:360,2
LF:14
LH:1
end_of_record
SF:lib/core/config/game_settings.dart
DA:7,0
DA:8,0
DA:9,0
DA:13,0
DA:15,0
DA:19,0
DA:26,2
DA:28,0
DA:29,0
DA:30,0
DA:31,0
DA:39,0
DA:42,0
DA:46,0
DA:47,0
DA:48,0
DA:52,0
DA:57,0
DA:58,0
DA:60,0
DA:66,0
DA:69,0
DA:70,0
DA:71,0
DA:74,0
DA:82,0
DA:85,0
DA:91,0
DA:92,0
DA:94,0
DA:95,0
DA:97,0
DA:114,0
DA:120,0
LF:34
LH:1
end_of_record
SF:lib/core/config/game_terminology.dart
DA:14,0
DA:18,0
DA:19,0
DA:23,0
DA:24,0
DA:25,0
DA:27,0
DA:32,0
DA:33,0
DA:34,0
DA:36,0
DA:41,0
DA:42,0
DA:44,0
DA:45,0
DA:47,0
DA:48,0
DA:49,0
DA:51,0
DA:56,0
DA:57,0
DA:58,0
DA:60,0
DA:65,0
DA:66,0
DA:68,0
DA:69,0
DA:70,0
DA:72,0
DA:77,0
DA:78,0
DA:79,0
DA:81,0
DA:86,0
DA:87,0
DA:88,0
DA:90,0
DA:95,0
DA:96,0
DA:97,0
DA:99,0
DA:106,0
DA:107,0
DA:108,0
DA:110,0
DA:115,0
DA:116,0
DA:117,0
DA:119,0
DA:124,0
DA:125,0
DA:126,0
DA:128,0
DA:133,0
DA:134,0
DA:135,0
DA:136,0
DA:137,0
DA:141,0
DA:142,0
DA:143,0
DA:145,0
DA:150,0
DA:151,0
DA:152,0
DA:153,0
DA:157,0
DA:158,0
DA:159,0
DA:160,0
DA:161,0
DA:165,0
DA:166,0
DA:167,0
DA:169,0
DA:174,0
DA:175,0
DA:176,0
DA:177,0
DA:179,0
DA:180,0
DA:185,0
DA:186,0
DA:190,0
DA:191,0
DA:192,0
DA:193,0
DA:197,0
DA:198,0
DA:199,0
DA:200,0
DA:201,0
DA:203,0
DA:208,0
DA:209,0
DA:210,0
DA:211,0
DA:212,0
DA:213,0
DA:217,0
DA:218,0
DA:219,0
DA:220,0
DA:224,0
DA:225,0
DA:226,0
DA:227,0
DA:228,0
DA:229,0
DA:230,0
DA:231,0
DA:232,0
DA:233,0
LF:113
LH:0
end_of_record
SF:lib/core/constants/disclaimers.dart
DA:114,0
DA:115,0
DA:116,0
DA:117,0
DA:118,0
DA:119,0
DA:126,0
DA:127,0
DA:128,0
DA:132,0
DA:133,0
DA:134,0
LF:12
LH:0
end_of_record
SF:lib/core/demo/demo_data.dart
DA:10,0
DA:11,0
DA:17,0
DA:18,0
DA:23,0
DA:24,0
DA:28,0
DA:34,0
DA:35,0
DA:40,0
DA:41,0
DA:45,0
DA:51,0
DA:52,0
DA:57,0
DA:58,0
DA:65,0
DA:66,0
DA:71,0
DA:74,0
DA:76,0
DA:81,0
DA:82,0
DA:84,0
DA:87,0
DA:89,0
DA:94,0
DA:95,0
DA:100,0
DA:101,0
DA:108,0
DA:109,0
DA:111,0
DA:118,0
DA:119,0
DA:124,0
DA:125,0
DA:133,0
DA:134,0
DA:136,0
DA:144,0
LF:41
LH:0
end_of_record
SF:lib/features/stories/models/story.dart
DA:19,0
DA:42,0
DA:48,0
DA:57,0
DA:58,0
DA:64,0
DA:75,0
DA:76,0
LF:8
LH:0
end_of_record
SF:lib/features/stories/models/story.g.dart
DA:9,0
DA:10,0
DA:11,0
DA:12,0
DA:13,0
DA:14,0
DA:16,0
DA:18,0
DA:19,0
DA:21,0
DA:23,0
DA:24,0
DA:25,0
DA:26,0
DA:27,0
DA:28,0
DA:29,0
DA:30,0
DA:31,0
DA:35,0
DA:36,0
DA:37,0
DA:38,0
DA:39,0
DA:40,0
DA:41,0
DA:42,0
DA:43,0
DA:44,0
DA:45,0
DA:46,0
DA:47,0
DA:48,0
DA:49,0
DA:50,0
DA:51,0
DA:52,0
DA:61,0
DA:62,0
DA:63,0
DA:64,0
DA:65,0
DA:68,0
DA:69,0
DA:70,0
DA:71,0
DA:72,0
DA:73,0
DA:76,0
DA:77,0
DA:78,0
DA:79,0
DA:80,0
DA:81,0
DA:82,0
DA:83,0
DA:84,0
DA:86,0
DA:89,0
DA:90,0
DA:91,0
DA:92,0
DA:93,0
DA:94,0
DA:95,0
DA:96,0
LF:66
LH:0
end_of_record
SF:lib/features/social/models/social_activity.dart
DA:15,0
DA:26,0
DA:27,0
DA:28,0
DA:29,0
DA:30,0
DA:31,0
DA:32,0
DA:33,0
DA:34,0
DA:35,0
DA:36,0
LF:12
LH:0
end_of_record
SF:lib/features/social/voice_rooms/models/voice_room.dart
DA:9,2
DA:21,0
DA:22,0
DA:28,0
DA:45,0
DA:46,0
LF:6
LH:1
end_of_record
SF:lib/features/social/voice_rooms/models/voice_room.g.dart
DA:9,0
DA:10,0
DA:11,0
DA:12,0
DA:13,0
DA:14,0
DA:15,0
DA:16,0
DA:17,0
DA:19,0
DA:22,0
DA:23,0
DA:24,0
DA:25,0
DA:26,0
DA:27,0
DA:28,0
DA:29,0
DA:30,0
DA:33,0
DA:34,0
DA:35,0
DA:36,0
DA:37,0
DA:38,0
DA:40,0
DA:41,0
DA:42,0
DA:45,0
DA:46,0
DA:47,0
DA:48,0
DA:49,0
DA:50,0
DA:53,0
DA:54,0
DA:55,0
DA:56,0
DA:57,0
DA:58,0
DA:59,0
DA:60,0
DA:61,0
DA:62,0
DA:63,0
DA:64,0
DA:65,0
DA:66,0
LF:48
LH:0
end_of_record
SF:lib/features/game/game_room.dart
DA:14,2
DA:16,1
DA:18,1
DA:19,3
DA:20,0
DA:24,1
DA:25,1
DA:30,2
DA:109,1
DA:110,1
DA:113,1
DA:114,6
DA:117,5
DA:132,2
DA:138,1
DA:140,0
DA:141,0
DA:142,0
DA:147,1
DA:150,0
DA:153,0
DA:155,0
DA:156,0
DA:157,0
DA:158,0
DA:165,1
DA:166,1
DA:167,1
DA:168,0
DA:174,0
DA:175,0
DA:177,0
DA:178,0
DA:179,0
DA:180,0
DA:187,1
DA:188,1
DA:189,1
DA:190,0
DA:196,1
DA:198,0
DA:199,0
DA:204,1
LF:43
LH:23
end_of_record
SF:lib/features/game/game_room.g.dart
DA:9,2
DA:10,1
DA:11,1
DA:12,1
DA:13,1
DA:14,1
DA:16,2
DA:17,1
DA:18,1
DA:20,2
DA:21,1
DA:22,3
DA:23,1
DA:24,2
DA:25,1
DA:26,1
DA:27,2
DA:28,2
DA:29,2
DA:30,2
DA:31,1
DA:33,0
DA:35,1
DA:36,0
DA:39,1
DA:41,0
DA:43,1
DA:44,0
DA:45,0
DA:48,1
DA:49,0
DA:52,1
DA:54,0
DA:55,1
DA:58,2
DA:59,1
DA:60,1
DA:61,1
DA:62,1
DA:63,2
DA:64,1
DA:65,1
DA:66,1
DA:67,1
DA:68,1
DA:69,1
DA:70,2
DA:71,2
DA:72,1
DA:73,2
DA:74,2
DA:75,1
DA:76,1
DA:77,1
DA:78,1
DA:79,2
DA:80,1
DA:83,2
DA:84,1
DA:85,1
DA:86,1
DA:88,0
DA:89,1
DA:90,1
DA:93,2
DA:94,1
DA:95,1
DA:96,1
DA:97,1
DA:98,1
LF:70
LH:62
end_of_record
SF:lib/features/game/game_config.dart
DA:27,1
DA:28,1
LF:2
LH:2
end_of_record
SF:lib/features/game/game_config.g.dart
DA:9,2
DA:10,2
DA:11,2
DA:12,1
DA:13,2
DA:14,2
DA:17,0
DA:18,0
DA:19,0
DA:20,0
DA:21,0
DA:22,0
DA:23,0
LF:13
LH:6
end_of_record
SF:lib/core/design_system/animations/card_animations.dart
DA:15,0
DA:20,0
DA:21,0
DA:22,0
DA:26,0
DA:27,0
DA:28,0
DA:31,0
DA:34,0
DA:38,0
DA:39,0
DA:40,0
DA:41,0
LF:13
LH:0
end_of_record
SF:lib/core/design_system/game/flying_card_animation.dart
DA:24,0
DA:36,0
DA:37,0
DA:47,0
DA:49,0
DA:50,0
DA:54,0
DA:55,0
DA:56,0
DA:57,0
DA:59,0
DA:60,0
DA:61,0
DA:62,0
DA:65,0
DA:67,0
DA:68,0
DA:70,0
DA:73,0
DA:75,0
DA:76,0
DA:79,0
DA:81,0
DA:82,0
DA:83,0
DA:84,0
DA:85,0
DA:86,0
DA:87,0
DA:88,0
DA:89,0
DA:90,0
DA:91,0
DA:92,0
DA:93,0
LF:35
LH:0
end_of_record
SF:lib/core/design_system/animations/rive_animations.dart
DA:27,2
DA:38,0
DA:39,0
DA:45,0
DA:47,0
DA:48,0
DA:51,0
DA:53,0
DA:54,0
DA:56,0
DA:57,0
DA:58,0
DA:61,0
DA:62,0
DA:64,0
DA:67,0
DA:68,0
DA:70,0
DA:73,0
DA:74,0
DA:78,0
DA:79,0
DA:80,0
DA:82,0
DA:85,0
DA:89,0
DA:91,0
DA:95,0
DA:105,0
DA:112,0
DA:113,0
DA:119,0
DA:123,0
DA:124,0
DA:125,0
DA:126,0
DA:128,0
DA:135,0
DA:137,0
DA:138,0
DA:139,0
DA:143,0
DA:145,0
DA:146,0
DA:147,0
DA:148,0
DA:151,0
DA:161,2
DA:163,0
DA:165,0
DA:179,2
DA:181,0
DA:183,0
DA:184,0
DA:185,0
DA:198,0
DA:200,0
DA:202,0
DA:203,0
DA:204,0
LF:60
LH:3
end_of_record
SF:lib/core/design_system/game/emote_widget.dart
DA:34,0
DA:36,0
DA:37,0
DA:41,0
DA:43,0
DA:44,0
DA:46,0
DA:49,0
DA:52,0
DA:54,0
DA:55,0
DA:56,0
DA:57,0
DA:58,0
DA:64,0
DA:66,0
DA:68,0
DA:70,0
DA:74,0
DA:77,0
DA:82,0
DA:84,0
DA:85,0
DA:87,0
DA:88,0
DA:91,0
DA:92,0
DA:93,0
DA:94,0
DA:96,0
DA:97,0
DA:98,0
DA:109,0
DA:111,0
DA:113,0
DA:114,0
DA:116,0
DA:118,0
DA:119,0
DA:123,0
DA:125,0
DA:126,0
DA:128,0
DA:129,0
DA:134,0
DA:135,0
DA:144,0
DA:145,0
DA:157,0
DA:165,0
DA:166,0
DA:176,0
DA:178,0
DA:179,0
DA:184,0
DA:185,0
DA:186,0
DA:190,0
DA:191,0
DA:192,0
DA:193,0
DA:194,0
DA:196,0
DA:197,0
DA:198,0
DA:199,0
DA:200,0
DA:202,0
DA:205,0
DA:207,0
DA:208,0
DA:211,0
DA:213,0
DA:214,0
DA:215,0
DA:216,0
DA:217,0
DA:218,0
DA:219,0
DA:220,0
DA:221,0
DA:222,0
DA:223,0
DA:224,0
LF:84
LH:0
end_of_record
SF:lib/core/design_system/game/felt_texture_painter.dart
DA:13,0
DA:15,0
DA:17,0
DA:18,0
DA:19,0
DA:20,0
DA:23,0
DA:24,0
DA:25,0
DA:26,0
DA:27,0
DA:31,0
DA:32,0
DA:33,0
DA:34,0
DA:36,0
DA:37,0
DA:38,0
DA:39,0
DA:40,0
DA:42,0
DA:43,0
DA:44,0
DA:45,0
DA:46,0
DA:53,0
DA:55,0
DA:56,0
DA:57,0
DA:69,2
DA:78,0
DA:80,0
DA:82,0
DA:84,0
DA:85,0
DA:86,0
DA:89,0
DA:90,0
DA:91,0
DA:92,0
DA:99,0
DA:100,0
DA:103,0
DA:104,0
DA:105,0
DA:106,0
DA:109,0
DA:110,0
DA:118,0
LF:49
LH:1
end_of_record
SF:lib/core/design_system/game/premium_card_widget.dart
DA:34,0
DA:47,0
DA:48,0
DA:53,0
DA:55,0
DA:57,0
DA:58,0
DA:62,0
DA:65,0
DA:66,0
DA:67,0
DA:68,0
DA:69,0
DA:70,0
DA:73,0
DA:74,0
DA:75,0
DA:76,0
DA:81,0
DA:82,0
DA:84,0
DA:91,0
DA:93,0
DA:94,0
DA:95,0
DA:96,0
DA:101,0
DA:102,0
DA:103,0
DA:104,0
DA:106,0
DA:108,0
DA:111,0
DA:112,0
DA:113,0
LF:35
LH:0
end_of_record
SF:lib/core/services/game_audio_mixin.dart
DA:22,0
DA:23,0
DA:28,0
DA:29,0
DA:30,0
DA:31,0
DA:32,0
DA:33,0
DA:37,0
DA:38,0
DA:39,0
DA:43,0
DA:44,0
DA:45,0
DA:46,0
DA:50,0
DA:51,0
DA:52,0
DA:53,0
DA:54,0
DA:55,0
DA:56,0
DA:61,0
LF:23
LH:0
end_of_record
SF:lib/core/design_system/game/maal_badge_widget.dart
DA:16,0
DA:23,0
DA:25,0
DA:29,0
DA:30,0
DA:31,0
DA:32,0
DA:33,0
DA:34,0
DA:35,0
DA:39,0
DA:41,0
DA:42,0
DA:43,0
DA:44,0
DA:47,0
DA:49,0
DA:50,0
DA:51,0
DA:52,0
DA:53,0
DA:54,0
DA:58,0
DA:60,0
DA:61,0
DA:62,0
DA:63,0
DA:64,0
DA:65,0
DA:66,0
DA:68,0
DA:78,0
DA:80,0
DA:85,0
DA:90,0
DA:95,0
DA:100,0
DA:105,0
DA:119,2
DA:127,0
DA:129,0
DA:130,0
DA:131,0
DA:132,0
DA:133,0
DA:134,0
LF:46
LH:1
end_of_record
SF:lib/core/design_system/game/nepali_rules_overlay.dart
DA:25,0
DA:36,0
DA:38,0
DA:40,0
DA:41,0
DA:42,0
DA:43,0
DA:45,0
DA:47,0
DA:49,0
DA:50,0
DA:55,0
DA:56,0
DA:61,0
DA:63,0
DA:66,0
DA:69,0
DA:74,0
DA:77,0
DA:83,0
DA:97,0
DA:99,0
DA:101,0
DA:103,0
DA:104,0
DA:105,0
DA:107,0
DA:108,0
DA:122,0
DA:124,0
DA:126,0
DA:128,0
DA:134,0
DA:135,0
DA:136,0
DA:137,0
DA:143,0
DA:145,0
DA:148,0
DA:151,0
DA:161,0
DA:162,0
DA:163,0
DA:167,0
DA:168,0
DA:169,0
DA:188,0
DA:190,0
DA:192,0
DA:194,0
DA:195,0
DA:196,0
DA:198,0
DA:199,0
DA:200,0
DA:201,0
DA:203,0
DA:205,0
DA:206,0
DA:207,0
DA:212,0
DA:213,0
DA:214,0
DA:231,0
DA:233,0
DA:235,0
DA:237,0
DA:238,0
DA:239,0
DA:240,0
DA:242,0
DA:244,0
DA:247,0
DA:250,0
DA:259,0
DA:260,0
DA:276,2
DA:278,0
DA:280,0
DA:282,0
DA:286,0
DA:287,0
DA:288,0
DA:289,0
DA:311,0
DA:312,0
DA:313,0
DA:316,0
DA:327,0
DA:334,0
DA:336,0
DA:338,0
DA:339,0
DA:340,0
DA:342,0
DA:344,0
DA:346,0
DA:347,0
DA:349,0
DA:351,0
DA:353,0
DA:354,0
DA:366,0
DA:369,0
DA:370,0
DA:375,0
DA:378,0
DA:379,0
LF:108
LH:1
end_of_record
SF:lib/core/design_system/game/opponent_widget.dart
DA:20,0
DA:38,0
DA:45,0
DA:47,0
DA:49,0
DA:51,0
DA:53,0
DA:55,0
DA:56,0
DA:58,0
DA:59,0
DA:61,0
DA:64,0
DA:66,0
DA:67,0
DA:68,0
DA:69,0
DA:76,0
DA:78,0
DA:79,0
DA:82,0
DA:83,0
DA:84,0
DA:96,0
DA:99,0
DA:101,0
DA:103,0
DA:104,0
DA:106,0
DA:108,0
DA:111,0
DA:112,0
DA:125,0
DA:126,0
DA:129,0
DA:140,0
DA:141,0
DA:142,0
DA:143,0
DA:144,0
DA:160,0
DA:162,0
DA:163,0
DA:164,0
DA:166,0
DA:167,0
DA:168,0
DA:169,0
DA:171,0
DA:179,0
DA:181,0
DA:183,0
DA:184,0
DA:185,0
DA:187,0
DA:188,0
DA:195,0
DA:197,0
DA:198,0
DA:207,0
DA:209,0
DA:210,0
DA:213,0
DA:226,0
DA:232,0
DA:234,0
DA:236,0
DA:237,0
DA:238,0
DA:239,0
DA:240,0
DA:243,0
DA:245,0
DA:247,0
DA:249,0
DA:250,0
DA:253,0
DA:254,0
DA:255,0
DA:268,0
DA:270,0
DA:271,0
DA:272,0
DA:274,0
DA:275,0
LF:85
LH:0
end_of_record
SF:lib/core/design_system/game/premium_game_table.dart
DA:29,0
DA:42,0
DA:44,0
DA:46,0
DA:55,0
DA:58,0
DA:59,0
DA:60,0
DA:62,0
DA:63,0
DA:65,0
DA:69,0
DA:72,0
DA:74,0
DA:75,0
DA:76,0
DA:77,0
DA:79,0
DA:80,0
DA:81,0
DA:83,0
DA:84,0
DA:90,0
DA:93,0
DA:99,0
DA:104,0
DA:105,0
DA:107,0
DA:108,0
DA:109,0
DA:110,0
DA:113,0
DA:115,0
DA:116,0
DA:125,0
DA:126,0
DA:127,0
DA:128,0
DA:131,0
DA:133,0
DA:134,0
DA:135,0
DA:142,0
DA:143,0
DA:145,0
DA:146,0
DA:147,0
DA:148,0
DA:151,0
DA:153,0
DA:157,0
DA:158,0
DA:175,0
DA:181,0
DA:185,0
DA:188,0
DA:194,0
DA:195,0
DA:196,0
DA:199,0
DA:202,0
DA:204,0
DA:205,0
DA:208,0
DA:210,0
DA:211,0
DA:212,0
DA:213,0
DA:215,0
DA:219,0
DA:227,0
DA:228,0
DA:229,0
DA:230,0
DA:232,0
DA:233,0
DA:234,0
DA:239,0
DA:240,0
DA:241,0
DA:242,0
DA:257,0
DA:268,0
DA:270,0
DA:272,0
DA:274,0
DA:276,0
DA:277,0
DA:278,0
DA:279,0
DA:281,0
DA:282,0
DA:284,0
DA:289,0
DA:290,0
DA:291,0
DA:293,0
DA:294,0
DA:308,0
DA:309,0
DA:311,0
DA:312,0
DA:313,0
DA:314,0
DA:315,0
DA:316,0
DA:317,0
DA:323,0
DA:326,0
DA:331,0
DA:332,0
DA:333,0
DA:351,0
DA:352,0
DA:353,0
DA:354,0
DA:355,0
DA:357,0
DA:358,0
DA:359,0
DA:360,0
DA:361,0
DA:363,0
DA:364,0
DA:366,0
DA:367,0
DA:368,0
DA:369,0
DA:370,0
DA:371,0
DA:377,0
DA:380,0
DA:385,0
DA:387,0
DA:388,0
LF:135
LH:0
end_of_record
SF:lib/core/design_system/game/premium_hand_widget.dart
DA:28,0
DA:40,0
DA:41,0
DA:49,0
DA:51,0
DA:52,0
DA:53,0
DA:57,0
DA:59,0
DA:60,0
DA:63,0
DA:64,0
DA:65,0
DA:67,0
DA:71,0
DA:72,0
DA:74,0
DA:75,0
DA:76,0
DA:77,0
DA:78,0
DA:79,0
DA:81,0
DA:82,0
DA:83,0
DA:84,0
DA:85,0
DA:87,0
DA:88,0
DA:89,0
DA:90,0
DA:91,0
DA:92,0
DA:93,0
DA:95,0
DA:96,0
DA:104,0
DA:105,0
DA:106,0
DA:107,0
DA:110,0
DA:112,0
DA:113,0
DA:114,0
DA:116,0
DA:117,0
DA:118,0
DA:124,0
DA:126,0
DA:128,0
DA:131,0
DA:134,0
DA:135,0
DA:142,0
DA:143,0
DA:145,0
DA:147,0
DA:149,0
DA:151,0
DA:152,0
DA:153,0
DA:155,0
DA:158,0
DA:160,0
DA:162,0
DA:170,0
DA:171,0
DA:172,0
DA:175,0
DA:176,0
DA:179,0
DA:182,0
DA:183,0
DA:185,0
DA:187,0
DA:190,0
DA:191,0
DA:198,0
DA:199,0
DA:200,0
DA:203,0
DA:204,0
DA:205,0
DA:213,0
DA:214,0
DA:219,0
DA:220,0
DA:222,0
DA:223,0
DA:227,0
DA:229,0
DA:230,0
DA:233,0
DA:234,0
DA:235,0
DA:236,0
DA:237,0
DA:239,0
DA:240,0
DA:241,0
DA:242,0
DA:243,0
DA:245,0
DA:247,0
DA:248,0
DA:252,0
DA:254,0
DA:259,0
DA:264,0
DA:269,0
DA:272,0
DA:283,0
DA:284,0
DA:286,0
DA:288,0
DA:293,0
DA:294,0
DA:295,0
DA:297,0
DA:298,0
DA:299,0
DA:301,0
DA:302,0
DA:304,0
DA:306,0
DA:307,0
DA:309,0
DA:312,0
DA:328,0
DA:334,0
DA:336,0
DA:338,0
DA:339,0
DA:340,0
DA:341,0
DA:343,0
DA:345,0
DA:346,0
DA:348,0
DA:349,0
DA:350,0
DA:351,0
DA:368,0
DA:375,0
DA:377,0
DA:378,0
DA:379,0
DA:380,0
DA:382,0
DA:384,0
DA:385,0
DA:386,0
DA:388,0
DA:389,0
DA:390,0
DA:393,0
DA:395,0
DA:396,0
DA:398,0
DA:399,0
DA:400,0
DA:401,0
DA:421,0
DA:431,0
DA:433,0
DA:434,0
DA:435,0
DA:436,0
DA:437,0
DA:438,0
DA:440,0
DA:441,0
DA:451,0
DA:457,0
DA:459,0
DA:460,0
DA:461,0
DA:463,0
DA:465,0
DA:466,0
LF:180
LH:0
end_of_record
SF:lib/core/design_system/game/table_meld_widget.dart
DA:21,0
DA:28,0
DA:30,0
DA:32,0
DA:34,0
DA:37,0
DA:38,0
DA:40,0
DA:42,0
DA:43,0
DA:44,0
DA:47,0
DA:51,0
DA:61,0
DA:63,0
DA:67,0
DA:68,0
DA:69,0
DA:71,0
DA:73,0
DA:74,0
DA:75,0
DA:76,0
DA:77,0
DA:78,0
DA:79,0
DA:96,0
DA:98,0
DA:100,0
DA:101,0
DA:103,0
DA:105,0
DA:106,0
DA:107,0
DA:108,0
DA:110,0
DA:112,0
DA:121,0
DA:123,0
DA:125,0
DA:127,0
DA:129,0
DA:131,0
DA:132,0
DA:133,0
DA:135,0
LF:46
LH:0
end_of_record
SF:lib/games/marriage/marriage_maal_calculator.dart
DA:36,2
DA:42,2
DA:44,4
DA:49,2
DA:52,16
DA:56,6
DA:62,2
DA:64,2
DA:67,2
DA:70,11
DA:78,2
DA:80,2
DA:83,2
DA:86,11
DA:91,8
DA:92,6
DA:93,4
DA:101,2
DA:103,2
DA:104,4
DA:105,2
DA:106,2
DA:107,2
DA:108,2
DA:109,2
DA:110,2
DA:111,2
DA:112,2
DA:113,2
DA:119,0
DA:121,0
DA:123,0
DA:125,0
DA:127,0
DA:129,0
DA:131,0
DA:137,2
DA:139,4
DA:140,2
DA:141,4
DA:147,0
DA:148,0
DA:150,0
DA:151,0
DA:152,0
DA:153,0
DA:154,0
DA:163,0
DA:164,0
DA:166,0
DA:167,0
DA:168,0
DA:169,0
DA:178,0
DA:179,0
DA:185,0
DA:186,0
DA:187,0
DA:188,0
DA:189,0
DA:194,0
DA:201,0
DA:203,0
DA:204,0
DA:205,0
DA:206,0
DA:207,0
DA:212,0
DA:213,0
DA:220,0
DA:221,0
DA:223,0
DA:224,0
DA:225,0
DA:226,0
DA:227,0
DA:231,0
DA:232,0
DA:233,0
DA:236,0
DA:237,0
DA:238,0
DA:239,0
DA:240,0
DA:245,0
DA:246,0
DA:249,0
DA:259,0
DA:261,0
DA:263,0
LF:90
LH:33
end_of_record
SF:lib/core/error/error_display.dart
DA:19,0
DA:29,0
DA:30,0
DA:40,0
DA:41,0
DA:51,0
DA:52,0
DA:62,0
DA:63,0
DA:73,0
DA:74,0
DA:83,0
DA:85,0
DA:87,0
DA:88,0
DA:90,0
DA:92,0
DA:94,0
DA:96,0
DA:98,0
DA:100,0
DA:102,0
DA:103,0
DA:106,0
DA:112,0
DA:113,0
DA:120,0
DA:125,0
DA:126,0
DA:127,0
DA:128,0
DA:132,0
DA:135,0
DA:137,0
DA:150,0
DA:152,0
DA:154,0
DA:155,0
DA:156,0
DA:157,0
DA:159,0
DA:161,0
DA:162,0
DA:163,0
DA:164,0
DA:166,0
DA:168,0
DA:169,0
DA:171,0
DA:173,0
DA:174,0
DA:182,0
DA:191,0
DA:193,0
DA:195,0
DA:197,0
DA:200,0
DA:201,0
DA:202,0
DA:203,0
DA:205,0
DA:206,0
DA:209,0
DA:210,0
DA:211,0
DA:217,0
DA:223,0
DA:228,0
DA:231,0
DA:232,0
DA:233,0
DA:236,0
DA:238,0
DA:240,0
DA:247,0
DA:256,0
DA:262,0
DA:263,0
DA:267,0
DA:269,0
DA:270,0
DA:273,0
DA:275,0
DA:277,0
DA:278,0
DA:279,0
DA:280,0
DA:281,0
DA:282,0
DA:288,0
DA:289,0
DA:292,0
DA:293,0
DA:294,0
DA:301,0
DA:302,0
DA:307,0
DA:313,0
DA:318,0
DA:319,0
DA:320,0
DA:321,0
DA:324,0
DA:329,0
DA:341,0
DA:343,0
DA:344,0
DA:350,0
DA:351,0
DA:354,0
DA:356,0
DA:357,0
DA:358,0
DA:360,0
DA:363,0
DA:375,0
DA:384,0
DA:386,0
DA:387,0
DA:388,0
DA:390,0
DA:393,0
DA:394,0
DA:397,0
LF:124
LH:0
end_of_record
SF:lib/core/performance/asset_preloader.dart
DA:12,0
DA:13,0
DA:14,0
DA:17,0
DA:89,0
DA:90,0
DA:92,0
DA:94,0
DA:96,0
DA:102,0
DA:103,0
DA:105,0
DA:109,0
DA:111,0
DA:112,0
DA:114,0
DA:119,0
DA:120,0
DA:121,0
DA:123,0
DA:127,0
DA:128,0
DA:131,0
DA:132,0
DA:137,0
DA:139,0
DA:152,0
DA:158,0
DA:159,0
DA:166,0
DA:168,0
DA:169,0
DA:172,0
DA:173,0
DA:176,0
DA:179,0
DA:180,0
DA:181,0
DA:184,0
DA:185,0
DA:189,0
DA:193,0
DA:194,0
DA:196,0
DA:200,0
DA:201,0
DA:202,0
DA:206,0
DA:209,0
DA:211,0
DA:212,0
DA:215,0
DA:217,0
DA:218,0
DA:220,0
DA:222,0
DA:225,0
DA:226,0
DA:251,0
DA:253,0
DA:254,0
DA:255,0
DA:256,0
DA:261,0
DA:262,0
LF:65
LH:0
end_of_record
SF:lib/core/services/ad_service.dart
DA:10,0
DA:11,0
DA:12,0
DA:15,0
DA:16,0
DA:17,0
DA:19,0
DA:20,0
DA:21,0
DA:22,0
DA:23,0
DA:25,0
DA:26,0
DA:27,0
DA:28,0
DA:29,0
DA:30,0
DA:37,0
DA:40,0
DA:41,0
DA:42,0
DA:46,0
DA:47,0
DA:48,0
DA:49,0
DA:50,0
DA:51,0
DA:52,0
DA:54,0
DA:55,0
DA:56,0
DA:57,0
DA:61,0
DA:62,0
DA:63,0
DA:67,0
LF:36
LH:0
end_of_record
SF:lib/core/services/analytics_service.dart
DA:41,3
DA:42,2
DA:43,1
DA:49,0
DA:51,0
DA:53,0
DA:57,0
DA:59,0
DA:61,0
DA:66,0
DA:67,0
DA:70,0
DA:71,0
DA:74,0
DA:75,0
DA:80,0
DA:85,0
DA:87,0
DA:95,0
DA:99,0
DA:101,0
DA:105,0
DA:110,0
DA:112,0
DA:120,0
DA:126,0
DA:128,0
DA:138,0
DA:139,0
DA:146,0
DA:151,0
DA:153,0
DA:159,0
DA:160,0
DA:162,0
DA:166,0
DA:167,0
DA:169,0
DA:173,0
DA:174,0
DA:176,0
DA:182,0
DA:183,0
DA:186,0
DA:191,0
DA:193,0
DA:201,0
DA:207,0
DA:210,0
DA:211,0
DA:221,0
DA:225,0
DA:227,0
DA:232,0
DA:237,0
DA:245,0
DA:246,0
DA:255,0
DA:256,0
DA:263,0
DA:264,0
DA:271,0
DA:272,0
DA:274,0
DA:278,0
DA:282,0
DA:285,0
DA:286,0
DA:288,0
DA:294,0
DA:295,0
DA:298,0
DA:299,0
DA:302,0
DA:303,0
DA:306,0
DA:307,0
DA:310,0
DA:311,0
DA:314,0
DA:315,0
DA:316,0
DA:317,0
DA:318,0
DA:324,0
DA:325,0
DA:329,0
DA:331,0
DA:332,0
LF:89
LH:3
end_of_record
SF:lib/core/services/app_logger.dart
DA:17,0
DA:19,0
DA:24,0
DA:26,0
DA:31,0
DA:33,0
DA:38,0
DA:45,0
DA:47,0
DA:50,0
DA:57,0
DA:59,0
DA:60,0
DA:66,0
DA:68,0
DA:73,0
DA:75,0
DA:80,0
DA:82,0
LF:19
LH:0
end_of_record
SF:lib/core/services/feature_flags.dart
DA:33,3
DA:34,2
DA:35,1
DA:58,0
DA:59,0
DA:63,1
DA:64,1
DA:65,1
DA:67,0
DA:71,0
DA:72,0
DA:73,0
DA:77,0
DA:78,0
DA:79,0
DA:83,0
DA:84,0
DA:88,0
DA:89,0
DA:90,0
DA:99,1
DA:100,2
DA:103,2
DA:106,0
DA:109,0
DA:112,2
DA:115,2
DA:119,0
LF:28
LH:11
end_of_record
SF:lib/core/services/feedback_service.dart
DA:9,0
DA:10,0
DA:11,0
DA:17,0
DA:22,0
DA:24,0
DA:25,0
DA:26,0
DA:27,0
DA:31,0
DA:37,0
DA:39,0
DA:41,0
DA:43,0
LF:14
LH:0
end_of_record
SF:lib/core/services/game_audio_service.dart
DA:16,0
DA:93,0
DA:94,0
DA:97,0
DA:99,0
DA:100,0
DA:103,0
DA:108,0
DA:112,0
DA:113,0
DA:114,0
DA:121,0
DA:124,0
DA:127,0
DA:130,0
DA:133,0
DA:136,0
DA:141,0
DA:144,0
DA:147,0
DA:152,0
DA:155,0
DA:158,0
DA:161,0
DA:166,0
DA:169,0
DA:172,0
DA:175,0
DA:178,0
DA:181,0
DA:184,0
DA:189,0
DA:190,0
DA:192,0
DA:197,0
DA:198,0
DA:200,0
DA:205,0
DA:206,0
DA:210,0
DA:211,0
DA:215,0
DA:218,0
DA:221,0
DA:224,0
DA:229,0
DA:230,0
DA:231,0
LF:48
LH:0
end_of_record
SF:lib/core/services/game_score_persistence.dart
DA:18,0
DA:19,0
DA:25,0
DA:26,0
DA:27,0
DA:28,0
DA:32,0
DA:33,0
DA:34,0
DA:35,0
DA:38,0
DA:39,0
DA:41,0
DA:46,0
DA:47,0
DA:48,0
DA:54,0
DA:60,0
DA:61,0
DA:67,0
DA:71,0
DA:72,0
DA:73,0
DA:75,0
DA:84,0
DA:85,0
DA:87,0
DA:99,0
DA:106,0
DA:107,0
DA:114,0
DA:118,0
DA:119,0
DA:120,0
DA:122,0
DA:132,0
DA:133,0
DA:135,0
DA:146,0
DA:147,0
DA:148,0
DA:149,0
DA:150,0
LF:43
LH:0
end_of_record
SF:lib/core/services/haptic_service.dart
DA:12,0
DA:15,1
DA:16,1
DA:20,0
DA:21,0
DA:25,0
DA:26,0
DA:30,0
DA:31,0
DA:35,0
DA:36,0
DA:40,0
DA:41,0
DA:45,0
DA:46,0
DA:50,0
DA:51,0
DA:55,1
DA:56,1
DA:60,0
DA:61,0
DA:65,0
DA:66,0
DA:67,0
DA:68,0
DA:72,0
DA:73,0
DA:74,0
DA:75,0
DA:76,0
DA:77,0
LF:31
LH:4
end_of_record
SF:lib/core/services/notification_service.dart
DA:7,0
DA:13,0
DA:15,0
DA:21,0
DA:22,0
DA:25,0
DA:27,0
DA:31,0
DA:34,0
DA:35,0
DA:36,0
DA:37,0
DA:38,0
DA:39,0
DA:42,0
DA:43,0
DA:44,0
DA:47,0
DA:52,0
DA:58,0
DA:62,0
DA:63,0
DA:66,0
DA:67,0
DA:68,0
DA:69,0
DA:70,0
LF:27
LH:0
end_of_record
SF:lib/core/services/receipt_service_mobile.dart
DA:8,0
DA:14,0
DA:15,0
DA:16,0
DA:18,0
DA:19,0
LF:6
LH:0
end_of_record
SF:lib/core/services/share_service.dart
DA:7,0
DA:25,0
DA:28,0
DA:29,0
DA:32,0
DA:33,0
DA:41,0
DA:42,0
DA:43,0
DA:44,0
DA:53,0
DA:59,0
DA:60,0
DA:63,0
DA:64,0
DA:65,0
DA:66,0
DA:75,0
DA:94,0
DA:97,0
DA:98,0
DA:101,0
DA:102,0
DA:110,0
DA:111,0
DA:112,0
DA:113,0
DA:122,0
DA:143,0
DA:144,0
DA:147,0
DA:148,0
DA:149,0
DA:150,0
DA:159,0
DA:165,0
DA:166,0
DA:169,0
DA:170,0
DA:171,0
DA:172,0
LF:41
LH:0
end_of_record
SF:lib/core/services/toast_service.dart
DA:6,0
DA:7,0
DA:10,0
DA:11,0
DA:12,0
DA:13,0
DA:15,0
DA:22,0
DA:23,0
DA:26,0
DA:27,0
LF:11
LH:0
end_of_record
SF:lib/main.dart
DA:79,0
DA:82,0
DA:83,0
DA:86,0
DA:88,0
DA:89,0
DA:90,0
DA:92,0
DA:96,0
DA:98,0
DA:101,0
DA:102,0
DA:104,0
DA:108,0
DA:110,0
DA:114,0
DA:116,0
DA:117,0
DA:118,0
DA:121,0
DA:123,0
DA:127,0
DA:129,0
DA:133,0
DA:135,0
DA:136,0
DA:137,0
DA:140,0
DA:142,0
DA:143,0
DA:145,0
DA:147,0
DA:152,0
DA:154,0
DA:160,0
DA:162,0
DA:163,0
DA:164,0
DA:167,0
DA:169,0
DA:173,0
DA:175,0
DA:179,0
DA:181,0
DA:185,0
DA:187,0
DA:191,0
DA:193,0
DA:197,0
DA:199,0
DA:200,0
DA:201,0
DA:204,0
DA:206,0
DA:207,0
DA:208,0
DA:211,0
DA:213,0
DA:214,0
DA:215,0
DA:218,0
DA:220,0
DA:221,0
DA:222,0
DA:225,0
DA:227,0
DA:228,0
DA:229,0
DA:233,0
DA:235,0
DA:239,0
DA:241,0
DA:245,0
DA:247,0
DA:251,0
DA:253,0
DA:257,0
DA:259,0
DA:263,0
DA:265,0
DA:270,0
DA:272,0
DA:276,0
DA:278,0
DA:279,0
DA:280,0
DA:281,0
DA:282,0
DA:283,0
DA:291,0
DA:293,0
DA:294,0
DA:295,0
DA:299,0
DA:301,0
DA:302,0
DA:303,0
DA:306,0
DA:308,0
DA:309,0
DA:310,0
DA:313,0
DA:315,0
DA:316,0
DA:317,0
DA:320,0
DA:322,0
DA:327,0
DA:329,0
DA:333,0
DA:335,0
DA:341,0
DA:343,0
DA:347,0
DA:349,0
DA:353,0
DA:355,0
DA:359,0
DA:361,0
DA:365,0
DA:367,0
DA:371,0
DA:373,0
DA:378,0
DA:380,0
DA:384,0
DA:386,0
DA:390,0
DA:392,0
DA:396,0
DA:398,0
DA:403,0
DA:405,0
DA:409,0
DA:411,0
DA:412,0
DA:413,0
DA:416,0
DA:418,0
DA:428,0
DA:429,0
DA:433,0
DA:434,0
DA:436,0
DA:441,0
DA:446,0
DA:453,0
DA:454,0
DA:458,0
DA:459,0
DA:462,0
DA:464,0
DA:472,0
DA:475,0
DA:476,0
DA:477,0
DA:481,0
DA:482,0
DA:485,0
DA:486,0
DA:490,0
DA:493,0
DA:494,0
DA:498,2
DA:500,0
DA:503,0
DA:504,0
DA:506,0
DA:507,0
DA:508,0
DA:509,0
DA:513,0
LF:172
LH:1
end_of_record
SF:lib/core/services/update_service.dart
DA:9,0
DA:10,0
DA:24,0
DA:29,0
DA:30,0
DA:39,0
DA:47,0
DA:48,0
DA:50,0
DA:55,0
DA:59,0
DA:60,0
DA:62,0
DA:63,0
DA:64,0
DA:65,0
DA:67,0
DA:68,0
DA:71,0
DA:72,0
DA:73,0
DA:76,0
DA:80,0
DA:86,0
DA:89,0
DA:91,0
DA:93,0
DA:94,0
DA:96,0
DA:97,0
DA:100,0
DA:101,0
DA:102,0
DA:103,0
DA:113,0
DA:114,0
DA:115,0
DA:116,0
LF:38
LH:0
end_of_record
SF:lib/core/theme/app_theme.dart
DA:22,0
DA:23,0
DA:44,0
DA:46,0
DA:51,0
DA:56,0
DA:63,0
DA:68,0
DA:75,0
DA:76,0
DA:82,0
DA:86,0
DA:95,0
DA:96,0
DA:99,0
DA:100,0
DA:106,0
DA:124,0
DA:125,0
DA:126,0
DA:127,0
DA:128,0
LF:22
LH:0
end_of_record
SF:lib/core/theme/game_themes.dart
DA:69,0
DA:72,0
DA:75,0
DA:78,0
DA:82,0
DA:83,0
DA:84,0
DA:85,0
DA:154,0
DA:157,0
DA:158,0
DA:159,0
DA:160,0
DA:182,2
DA:191,0
DA:192,0
DA:193,0
DA:194,0
DA:195,0
DA:196,0
DA:198,0
DA:199,0
DA:201,0
DA:206,0
DA:207,0
DA:208,0
DA:209,0
DA:210,0
DA:211,0
DA:212,0
DA:217,0
DA:218,0
DA:222,0
DA:223,0
DA:227,0
DA:234,0
DA:235,0
DA:236,0
DA:237,0
DA:238,0
DA:239,0
LF:41
LH:1
end_of_record
SF:lib/core/theme/multi_theme.dart
DA:23,2
DA:28,0
DA:29,0
DA:35,0
DA:37,0
DA:41,0
DA:43,0
DA:45,0
DA:46,0
DA:48,0
DA:50,0
DA:52,0
DA:59,0
DA:60,0
DA:61,0
DA:62,0
DA:65,0
DA:66,0
DA:67,0
DA:68,0
DA:71,0
DA:72,0
DA:73,0
DA:79,0
DA:80,0
DA:97,2
DA:229,0
DA:231,0
DA:233,0
DA:235,0
DA:237,0
DA:239,0
DA:247,0
DA:248,0
DA:251,0
DA:252,0
DA:255,0
DA:256,0
DA:259,0
DA:261,0
DA:264,0
DA:266,0
DA:269,0
DA:271,0
DA:274,0
DA:276,0
DA:279,0
DA:281,0
DA:284,0
DA:286,0
DA:289,0
DA:291,0
DA:294,0
DA:296,0
DA:299,0
DA:303,0
DA:304,0
DA:305,0
DA:306,0
DA:307,0
DA:309,0
DA:316,0
DA:317,0
DA:318,0
DA:320,0
DA:322,0
DA:323,0
DA:324,0
DA:325,0
DA:327,0
DA:331,0
DA:332,0
DA:336,0
DA:337,0
DA:338,0
DA:339,0
DA:345,0
DA:346,0
DA:347,0
DA:348,0
DA:349,0
DA:350,0
DA:351,0
DA:355,0
DA:360,0
DA:361,0
DA:364,0
DA:366,0
DA:367,0
DA:368,0
DA:369,0
DA:374,0
DA:375,0
DA:380,0
DA:382,0
DA:385,0
DA:386,0
DA:387,0
DA:390,0
DA:391,0
DA:398,0
DA:399,0
DA:401,0
DA:402,0
DA:403,0
DA:404,0
DA:405,0
DA:406,0
DA:407,0
DA:418,0
DA:420,0
DA:421,0
DA:429,0
DA:432,0
DA:436,0
DA:437,0
DA:438,0
DA:442,0
DA:443,0
DA:444,0
DA:449,0
DA:451,0
DA:453,0
DA:455,0
DA:457,0
DA:459,0
DA:464,0
DA:466,0
DA:468,0
DA:470,0
DA:472,0
DA:474,0
DA:479,0
DA:481,0
DA:482,0
DA:483,0
DA:485,0
DA:487,0
LF:138
LH:2
end_of_record
SF:lib/core/utils/error_helper.dart
DA:18,0
DA:19,0
DA:22,0
DA:23,0
DA:24,0
DA:29,0
DA:34,0
DA:35,0
DA:38,0
DA:41,0
DA:44,0
DA:47,0
DA:52,0
DA:55,0
DA:58,0
DA:61,0
DA:64,0
DA:69,0
DA:72,0
DA:75,0
DA:78,0
DA:81,0
DA:84,0
DA:89,0
DA:92,0
DA:97,0
DA:100,0
DA:105,0
DA:109,0
DA:112,0
DA:113,0
DA:114,0
DA:115,0
DA:116,0
DA:117,0
DA:120,0
DA:121,0
DA:122,0
DA:123,0
DA:128,0
DA:129,0
DA:133,0
DA:134,0
DA:135,0
DA:136,0
DA:140,0
DA:146,0
DA:147,0
DA:149,0
DA:152,0
DA:155,0
DA:158,0
DA:161,0
LF:53
LH:0
end_of_record
SF:lib/core/utils/haptic_helper.dart
DA:10,0
DA:11,0
DA:15,0
DA:16,0
DA:20,0
DA:21,0
DA:25,0
DA:26,0
DA:30,0
DA:31,0
DA:32,0
DA:33,0
DA:37,0
DA:38,0
DA:42,0
DA:43,0
DA:47,0
DA:48,0
DA:52,0
DA:53,0
DA:54,0
DA:55,0
DA:60,0
DA:61,0
LF:24
LH:0
end_of_record
SF:lib/core/widgets/animated_card_cover.dart
DA:9,0
DA:17,0
DA:18,0
DA:25,0
DA:27,0
DA:28,0
DA:30,0
DA:31,0
DA:35,0
DA:36,0
DA:37,0
DA:38,0
DA:39,0
DA:40,0
DA:43,0
DA:48,0
DA:50,0
DA:51,0
DA:54,0
DA:56,0
DA:57,0
DA:58,0
DA:59,0
DA:60,0
DA:61,0
DA:62,0
DA:66,0
DA:67,0
DA:68,0
DA:79,0
DA:81,0
DA:83,0
DA:84,0
DA:90,0
DA:91,0
DA:92,0
DA:93,0
DA:95,0
DA:96,0
DA:97,0
DA:98,0
DA:99,0
DA:100,0
DA:101,0
DA:103,0
DA:104,0
DA:105,0
DA:106,0
DA:107,0
DA:108,0
DA:113,0
DA:114,0
DA:117,0
DA:119,0
LF:54
LH:0
end_of_record
SF:lib/core/widgets/contextual_loader.dart
DA:16,2
DA:24,0
DA:29,0
DA:34,0
DA:37,0
DA:40,0
DA:45,0
DA:50,0
DA:55,0
DA:60,1
DA:62,1
DA:63,1
DA:65,1
DA:66,1
DA:68,1
DA:70,1
DA:72,1
DA:73,1
DA:76,1
DA:77,1
DA:82,1
DA:83,1
DA:86,1
DA:92,1
DA:95,1
DA:104,1
DA:105,1
DA:106,3
DA:107,2
DA:124,0
DA:133,0
DA:135,0
DA:136,0
DA:137,0
DA:138,0
DA:144,0
DA:145,0
DA:158,2
DA:168,0
DA:169,0
DA:177,0
DA:178,0
DA:186,0
DA:187,0
DA:195,0
DA:201,0
DA:203,0
DA:204,0
DA:206,0
DA:207,0
DA:209,0
DA:211,0
DA:213,0
DA:215,0
DA:216,0
DA:219,0
DA:220,0
DA:225,0
DA:226,0
DA:227,0
DA:231,0
DA:234,0
DA:236,0
DA:237,0
DA:238,0
DA:239,0
DA:242,0
DA:246,0
DA:248,0
DA:249,0
DA:251,0
DA:252,0
LF:72
LH:22
end_of_record
SF:lib/core/widgets/dynamic_chip_stack.dart
DA:26,0
DA:35,0
DA:36,0
DA:37,0
DA:38,0
DA:42,0
DA:43,0
DA:44,0
DA:46,0
DA:48,0
DA:50,0
DA:55,0
DA:56,0
DA:57,0
DA:59,0
DA:61,0
DA:63,0
DA:68,0
DA:70,0
DA:71,0
DA:72,0
DA:73,0
DA:74,0
DA:75,0
DA:76,0
DA:77,0
DA:78,0
DA:82,0
DA:83,0
DA:84,0
DA:85,0
DA:87,0
DA:91,0
DA:93,0
DA:94,0
DA:95,0
DA:96,0
DA:100,0
DA:102,0
DA:104,0
DA:105,0
DA:107,0
DA:109,0
DA:110,0
DA:111,0
DA:112,0
DA:114,0
DA:115,0
DA:116,0
DA:117,0
DA:128,0
DA:130,0
DA:131,0
DA:133,0
DA:134,0
DA:135,0
DA:136,0
DA:138,0
DA:139,0
DA:147,0
DA:148,0
DA:149,0
DA:150,0
DA:151,0
DA:153,0
DA:163,0
DA:170,0
DA:172,0
DA:174,0
DA:175,0
DA:176,0
DA:177,0
DA:184,0
DA:185,0
LF:74
LH:0
end_of_record
SF:lib/core/widgets/game_mode_banner.dart
DA:38,2
DA:46,0
DA:47,0
DA:49,0
DA:56,0
DA:58,0
DA:60,0
DA:62,0
DA:63,0
DA:64,0
DA:65,0
DA:66,0
DA:69,0
DA:70,0
DA:71,0
DA:75,0
DA:77,0
DA:79,0
DA:81,0
DA:82,0
DA:83,0
DA:84,0
DA:85,0
DA:86,0
DA:89,0
DA:90,0
DA:91,0
DA:92,0
DA:93,0
DA:94,0
DA:99,0
DA:101,0
DA:109,0
DA:110,0
DA:112,0
DA:113,0
DA:114,0
DA:116,0
DA:118,0
DA:119,0
DA:120,0
DA:121,0
DA:123,0
DA:124,0
DA:125,0
DA:126,0
DA:127,0
DA:134,0
DA:135,0
DA:136,0
DA:137,0
DA:140,0
DA:142,0
DA:143,0
DA:146,0
DA:148,0
DA:149,0
DA:152,0
DA:163,0
DA:175,0
DA:181,0
DA:183,0
DA:185,0
DA:187,0
DA:189,0
DA:190,0
DA:191,0
DA:193,0
DA:195,0
DA:196,0
DA:199,0
DA:202,0
DA:204,0
DA:207,0
LF:74
LH:1
end_of_record
SF:lib/core/widgets/game_opponent_widget.dart
DA:24,0
DA:51,0
DA:53,0
DA:54,0
DA:55,0
DA:59,0
DA:60,0
DA:64,0
DA:74,0
DA:82,0
DA:84,0
DA:85,0
DA:86,0
DA:87,0
DA:88,0
DA:90,0
DA:92,0
DA:95,0
DA:97,0
DA:104,0
DA:107,0
DA:109,0
DA:111,0
DA:113,0
DA:114,0
DA:115,0
DA:116,0
DA:117,0
DA:119,0
DA:120,0
DA:121,0
DA:122,0
DA:123,0
DA:124,0
DA:130,0
DA:133,0
DA:139,0
DA:142,0
DA:144,0
DA:145,0
DA:146,0
DA:148,0
DA:149,0
DA:163,0
DA:165,0
DA:166,0
DA:167,0
DA:168,0
DA:169,0
DA:171,0
DA:176,0
DA:180,0
DA:182,0
DA:184,0
DA:185,0
DA:187,0
DA:188,0
DA:190,0
DA:192,0
DA:193,0
DA:194,0
DA:195,0
DA:206,0
DA:207,0
DA:208,0
DA:209,0
DA:210,0
DA:211,0
DA:212,0
DA:218,0
DA:219,0
DA:220,0
DA:221,0
DA:226,0
DA:227,0
DA:229,0
DA:230,0
DA:231,0
DA:233,0
DA:235,0
DA:236,0
DA:237,0
DA:240,0
DA:241,0
DA:242,0
DA:243,0
DA:253,0
DA:254,0
DA:256,0
DA:257,0
DA:260,0
DA:261,0
DA:262,0
DA:263,0
DA:269,0
DA:270,0
DA:271,0
DA:272,0
DA:273,0
DA:274,0
DA:284,0
DA:285,0
DA:286,0
DA:287,0
DA:293,0
DA:294,0
DA:297,0
DA:299,0
DA:301,0
DA:305,0
DA:306,0
DA:307,0
DA:309,0
DA:310,0
DA:311,0
DA:313,0
DA:317,0
DA:318,0
DA:320,0
DA:321,0
DA:322,0
DA:323,0
DA:324,0
DA:327,0
DA:331,0
DA:332,0
DA:340,0
DA:341,0
DA:342,0
DA:343,0
DA:344,0
DA:345,0
DA:346,0
DA:347,0
DA:348,0
DA:349,0
DA:350,0
DA:351,0
DA:353,0
DA:361,0
DA:369,0
DA:371,0
DA:373,0
DA:375,0
DA:378,0
DA:379,0
DA:381,0
DA:383,0
LF:148
LH:0
end_of_record
SF:lib/core/widgets/game_top_bar.dart
DA:12,0
DA:22,0
DA:24,0
DA:25,0
DA:27,0
DA:29,0
DA:31,0
DA:33,0
DA:34,0
DA:36,0
DA:38,0
DA:40,0
DA:45,0
DA:46,0
DA:47,0
DA:48,0
DA:49,0
DA:51,0
DA:52,0
DA:53,0
DA:59,0
DA:61,0
DA:68,0
DA:69,0
DA:70,0
DA:78,0
DA:84,0
DA:86,0
DA:87,0
DA:96,0
DA:103,0
DA:109,0
DA:110,0
DA:111,0
DA:128,0
DA:130,0
DA:137,0
DA:138,0
DA:139,0
DA:140,0
DA:142,0
DA:144,0
DA:145,0
LF:43
LH:0
end_of_record
SF:lib/core/widgets/interactive_tutorial.dart
DA:12,0
DA:19,0
DA:21,0
DA:22,0
DA:23,0
DA:24,0
DA:28,0
DA:29,0
DA:31,0
DA:38,0
DA:39,0
DA:42,0
DA:43,0
DA:46,0
DA:49,0
DA:50,0
DA:53,0
DA:56,0
DA:58,0
DA:61,0
DA:62,0
DA:63,0
DA:64,0
DA:66,0
DA:69,0
DA:70,0
DA:73,0
DA:76,0
DA:77,0
DA:79,0
DA:82,0
DA:83,0
DA:84,0
DA:85,0
DA:87,0
DA:90,0
DA:91,0
DA:94,0
DA:96,0
DA:97,0
DA:98,0
DA:101,0
DA:104,0
DA:105,0
DA:108,0
DA:110,0
DA:111,0
DA:113,0
DA:116,0
DA:117,0
DA:120,0
DA:122,0
DA:123,0
DA:126,0
DA:128,0
DA:148,1
DA:167,1
DA:169,0
DA:170,0
DA:171,0
DA:172,0
DA:173,0
DA:175,0
DA:176,0
DA:177,0
DA:178,0
DA:180,0
DA:184,0
DA:185,0
DA:186,0
DA:187,0
DA:191,0
DA:192,0
DA:193,0
DA:194,0
DA:198,0
DA:199,0
DA:200,0
DA:203,0
DA:204,0
DA:207,0
DA:208,0
DA:209,0
DA:210,0
DA:214,0
DA:215,0
DA:218,0
DA:219,0
DA:230,0
DA:237,0
DA:239,0
DA:240,0
DA:241,0
DA:242,0
DA:246,0
DA:247,0
DA:251,0
DA:253,0
DA:255,0
DA:256,0
DA:257,0
DA:258,0
DA:259,0
DA:260,0
DA:265,0
DA:266,0
DA:268,0
DA:269,0
DA:270,0
DA:274,0
DA:278,0
DA:279,0
DA:280,0
DA:281,0
DA:283,0
DA:287,0
DA:290,0
DA:297,0
DA:298,0
DA:299,0
DA:300,0
DA:301,0
DA:302,0
DA:304,0
DA:305,0
DA:306,0
DA:307,0
DA:308,0
DA:309,0
DA:310,0
DA:317,0
DA:318,0
DA:321,0
DA:326,0
DA:334,0
DA:337,0
DA:342,0
DA:344,0
DA:346,0
DA:347,0
DA:348,0
DA:349,0
DA:350,0
DA:351,0
DA:352,0
DA:357,0
DA:360,0
DA:362,0
DA:363,0
DA:364,0
DA:365,0
DA:372,0
DA:373,0
DA:383,0
DA:384,0
DA:394,0
DA:396,0
DA:397,0
DA:398,0
DA:399,0
DA:400,0
DA:401,0
DA:408,0
DA:409,0
DA:410,0
DA:411,0
DA:412,0
DA:418,0
DA:419,0
DA:420,0
DA:421,0
DA:422,0
DA:423,0
DA:424,0
DA:425,0
DA:427,0
DA:430,0
DA:434,0
DA:435,0
DA:436,0
DA:447,0
DA:452,0
DA:453,0
DA:457,0
DA:459,0
DA:460,0
DA:461,0
DA:463,0
DA:465,0
DA:466,0
DA:468,0
DA:469,0
LF:192
LH:2
end_of_record
SF:lib/core/widgets/legal_disclaimer_widget.dart
DA:18,2
DA:24,0
DA:26,0
DA:29,0
DA:30,0
DA:31,0
DA:33,0
DA:34,0
DA:35,0
DA:37,0
DA:38,0
DA:39,0
DA:40,0
DA:42,0
DA:52,0
DA:53,0
DA:54,0
DA:56,0
DA:58,0
DA:60,0
DA:62,0
DA:72,0
DA:74,0
DA:76,0
DA:79,0
DA:81,0
DA:93,0
DA:96,0
DA:97,0
DA:103,0
DA:104,0
DA:105,0
DA:122,0
DA:124,0
DA:126,0
DA:128,0
DA:129,0
DA:130,0
DA:131,0
DA:133,0
DA:135,0
DA:136,0
DA:138,0
DA:139,0
DA:140,0
DA:141,0
DA:143,0
LF:47
LH:1
end_of_record
SF:lib/core/widgets/reconnection_overlay.dart
DA:12,0
DA:19,0
DA:20,0
DA:28,0
DA:30,0
DA:31,0
DA:32,0
DA:36,0
DA:38,0
DA:39,0
DA:40,0
DA:41,0
DA:42,0
DA:43,0
DA:47,0
DA:49,0
DA:50,0
DA:53,0
DA:54,0
DA:55,0
DA:56,0
DA:57,0
DA:62,0
DA:63,0
DA:64,0
DA:65,0
DA:68,0
DA:71,0
DA:72,0
DA:73,0
DA:78,0
DA:80,0
DA:82,0
DA:83,0
DA:84,0
DA:85,0
DA:88,0
DA:89,0
DA:92,0
DA:94,0
DA:97,0
DA:98,0
DA:99,0
DA:102,0
DA:103,0
DA:104,0
DA:110,0
DA:112,0
DA:114,0
DA:118,0
DA:119,0
DA:129,0
DA:130,0
DA:132,0
DA:133,0
DA:140,0
DA:141,0
DA:142,0
DA:143,0
DA:144,0
DA:148,0
DA:151,0
DA:152,0
DA:160,0
DA:161,0
DA:164,0
DA:173,0
DA:176,0
DA:177,0
DA:178,0
DA:180,0
DA:181,0
DA:189,0
DA:190,0
DA:191,0
DA:196,0
DA:197,0
DA:200,0
DA:202,0
DA:204,0
DA:207,0
DA:209,0
DA:212,0
DA:213,0
DA:216,0
DA:218,0
DA:221,0
DA:222,0
DA:224,0
DA:226,0
DA:227,0
DA:229,0
DA:231,0
DA:232,0
DA:245,0
DA:247,0
DA:248,0
DA:249,0
DA:250,0
DA:255,0
DA:256,0
DA:259,0
DA:261,0
DA:262,0
LF:104
LH:0
end_of_record
SF:lib/core/widgets/scale_button.dart
DA:11,0
DA:20,0
DA:21,0
DA:29,0
DA:31,0
DA:32,0
DA:34,0
DA:38,0
DA:39,0
DA:43,0
DA:45,0
DA:46,0
DA:49,0
DA:50,0
DA:51,0
DA:52,0
DA:56,0
DA:57,0
DA:58,0
DA:59,0
DA:63,0
DA:64,0
DA:65,0
DA:69,0
DA:71,0
DA:72,0
DA:73,0
DA:74,0
DA:76,0
DA:77,0
DA:78,0
LF:31
LH:0
end_of_record
SF:lib/core/widgets/social_bottom_nav.dart
DA:13,0
DA:19,0
DA:21,0
DA:23,0
DA:24,0
DA:25,0
DA:26,0
DA:27,0
DA:29,0
DA:30,0
DA:31,0
DA:32,0
DA:33,0
DA:34,0
DA:38,0
DA:39,0
DA:40,0
DA:46,0
DA:48,0
DA:51,0
DA:53,0
DA:57,0
DA:58,0
DA:62,0
DA:66,0
DA:68,0
DA:72,0
DA:75,0
DA:79,0
DA:80,0
DA:84,0
DA:88,0
DA:89,0
DA:98,0
DA:99,0
DA:113,0
DA:115,0
DA:117,0
DA:118,0
DA:119,0
DA:123,0
DA:130,0
DA:131,0
DA:132,0
DA:138,0
DA:139,0
DA:164,0
DA:173,0
DA:175,0
DA:176,0
DA:178,0
DA:180,0
DA:183,0
DA:184,0
DA:186,0
DA:187,0
DA:188,0
DA:189,0
DA:192,0
DA:193,0
DA:196,0
DA:203,0
DA:204,0
DA:205,0
DA:218,0
DA:219,0
DA:220,0
DA:221,0
DA:223,0
LF:69
LH:0
end_of_record
SF:lib/features/social/providers/dashboard_providers.dart
DA:10,0
DA:11,0
DA:12,0
DA:14,0
DA:15,0
DA:16,0
DA:17,0
DA:18,0
DA:19,0
DA:23,0
DA:24,0
DA:25,0
DA:29,0
DA:30,0
DA:31,0
DA:32,0
DA:33,0
DA:34,0
DA:35,0
DA:39,0
DA:40,0
DA:41,0
DA:42,0
DA:43,0
DA:44,0
DA:45,0
DA:46,0
DA:47,0
DA:48,0
DA:49,0
DA:50,0
DA:55,0
DA:56,0
DA:57,0
DA:58,0
DA:59,0
DA:60,0
DA:61,0
DA:62,0
DA:63,0
DA:64,0
DA:65,0
DA:66,0
DA:67,0
DA:72,0
DA:73,0
DA:74,0
DA:76,0
DA:77,0
DA:78,0
DA:79,0
DA:80,0
DA:81,0
DA:85,0
DA:89,0
DA:90,0
DA:92,0
DA:93,0
DA:94,0
DA:95,0
DA:96,0
DA:97,0
DA:98,0
DA:99,0
DA:100,0
DA:101,0
DA:102,0
LF:67
LH:0
end_of_record
SF:lib/core/widgets/theme_selector.dart
DA:8,2
DA:10,0
DA:12,0
DA:13,0
DA:15,0
DA:17,0
DA:19,0
DA:21,0
DA:22,0
DA:25,0
DA:27,0
DA:29,0
DA:36,0
DA:38,0
DA:41,0
DA:42,0
DA:43,0
DA:44,0
DA:45,0
DA:46,0
DA:48,0
DA:49,0
DA:50,0
DA:53,0
DA:54,0
DA:56,0
DA:60,0
DA:61,0
DA:62,0
DA:64,0
DA:70,0
DA:77,0
DA:78,0
DA:79,0
DA:88,0
DA:90,0
DA:93,0
DA:102,0
DA:103,0
DA:104,0
DA:110,0
DA:111,0
DA:113,0
DA:121,0
DA:122,0
DA:133,0
DA:135,0
DA:136,0
DA:137,0
DA:138,0
DA:139,0
DA:140,0
DA:142,0
DA:145,0
DA:146,0
DA:148,0
DA:149,0
DA:150,0
DA:151,0
DA:154,0
DA:155,0
DA:156,0
DA:158,0
DA:160,0
DA:162,0
DA:163,0
DA:166,0
DA:168,0
DA:171,0
DA:173,0
DA:174,0
DA:177,0
DA:179,0
DA:181,0
DA:190,0
DA:191,0
DA:192,0
DA:193,0
DA:196,0
DA:197,0
DA:198,0
DA:200,0
DA:202,0
DA:204,0
DA:205,0
DA:208,0
DA:210,0
DA:213,0
DA:215,0
DA:216,0
DA:219,0
DA:221,0
DA:223,0
DA:242,0
DA:244,0
DA:246,0
DA:247,0
DA:249,0
DA:250,0
DA:251,0
DA:255,0
DA:256,0
DA:264,0
DA:265,0
DA:268,0
DA:269,0
DA:270,0
DA:273,0
DA:274,0
DA:276,0
DA:278,0
DA:281,0
DA:282,0
DA:283,0
DA:287,0
DA:289,0
DA:291,0
LF:117
LH:1
end_of_record
SF:lib/core/widgets/turn_timeout_warning.dart
DA:14,0
DA:22,0
DA:23,0
DA:31,0
DA:33,0
DA:34,0
DA:37,0
DA:40,0
DA:42,0
DA:45,0
DA:46,0
DA:47,0
DA:48,0
DA:52,0
DA:53,0
DA:54,0
DA:55,0
DA:59,0
DA:60,0
DA:63,0
DA:65,0
DA:66,0
DA:69,0
DA:71,0
DA:72,0
DA:76,0
DA:80,0
DA:81,0
DA:82,0
DA:83,0
DA:85,0
DA:86,0
DA:88,0
DA:90,0
DA:91,0
DA:94,0
DA:96,0
DA:115,0
DA:121,0
DA:123,0
DA:124,0
DA:125,0
DA:133,0
DA:135,0
DA:136,0
DA:137,0
DA:138,0
DA:140,0
DA:142,0
DA:144,0
DA:147,0
DA:148,0
DA:149,0
DA:152,0
DA:155,0
DA:156,0
DA:168,0
DA:169,0
DA:170,0
DA:179,0
DA:181,0
DA:183,0
DA:186,0
DA:197,0
DA:203,0
DA:205,0
DA:206,0
DA:207,0
DA:208,0
DA:211,0
DA:212,0
DA:213,0
DA:214,0
DA:216,0
DA:218,0
DA:225,0
DA:226,0
DA:235,0
DA:236,0
DA:237,0
DA:239,0
DA:246,0
DA:247,0
DA:248,0
LF:84
LH:0
end_of_record
SF:lib/core/widgets/turn_timer.dart
DA:17,0
DA:25,0
DA:27,0
DA:28,0
DA:29,0
DA:31,0
DA:32,0
DA:33,0
DA:34,0
DA:35,0
DA:37,0
DA:39,0
DA:40,0
DA:41,0
DA:48,0
DA:50,0
DA:52,0
DA:53,0
DA:54,0
DA:55,0
DA:58,0
DA:63,0
DA:64,0
DA:65,0
DA:68,0
DA:76,0
DA:78,0
DA:79,0
DA:82,0
DA:84,0
DA:85,0
DA:88,0
DA:95,0
DA:96,0
DA:97,0
DA:107,2
DA:113,0
DA:115,0
DA:116,0
DA:117,0
DA:119,0
DA:121,0
DA:122,0
DA:123,0
DA:124,0
DA:126,0
DA:128,0
DA:129,0
DA:132,0
DA:135,0
DA:136,0
DA:140,0
DA:141,0
DA:142,0
DA:151,0
DA:152,0
DA:154,0
DA:155,0
DA:157,0
DA:162,0
DA:163,0
DA:164,0
LF:62
LH:1
end_of_record
SF:lib/core/widgets/tutorial_overlay.dart
DA:12,0
DA:26,0
DA:33,0
DA:34,0
DA:40,0
DA:41,0
DA:42,0
DA:44,0
DA:48,0
DA:49,0
DA:50,0
DA:53,0
DA:55,0
DA:57,0
DA:61,0
DA:63,0
DA:65,0
DA:66,0
DA:67,0
DA:68,0
DA:69,0
DA:70,0
DA:71,0
DA:76,0
DA:77,0
DA:79,0
DA:80,0
DA:81,0
DA:84,0
DA:85,0
DA:86,0
DA:93,0
DA:94,0
DA:95,0
DA:96,0
DA:97,0
DA:98,0
DA:99,0
DA:101,0
DA:111,0
DA:112,0
DA:113,0
DA:114,0
DA:115,0
DA:117,0
DA:118,0
DA:119,0
DA:120,0
DA:123,0
DA:124,0
DA:127,0
DA:129,0
DA:130,0
DA:131,0
DA:134,0
DA:135,0
DA:142,0
DA:147,0
DA:155,0
DA:158,0
DA:161,0
DA:165,0
DA:171,0
DA:176,0
DA:179,0
DA:181,0
DA:183,0
DA:184,0
DA:185,0
DA:186,0
DA:187,0
DA:194,0
DA:197,0
DA:198,0
DA:199,0
DA:207,0
DA:208,0
DA:216,0
DA:218,0
DA:219,0
DA:220,0
DA:227,0
DA:228,0
DA:229,0
DA:237,0
DA:238,0
DA:247,0
DA:248,0
DA:249,0
LF:89
LH:0
end_of_record
SF:lib/features/admin/admin_chat_service.dart
DA:5,0
DA:6,0
DA:14,0
DA:19,0
DA:25,0
DA:26,0
DA:32,0
DA:33,0
DA:34,0
DA:35,0
DA:36,0
DA:41,0
DA:44,0
DA:48,0
DA:55,0
DA:61,0
DA:65,0
DA:66,0
DA:73,0
DA:74,0
DA:75,0
DA:76,0
DA:77,0
DA:78,0
DA:79,0
DA:80,0
DA:81,0
DA:82,0
DA:87,0
DA:88,0
DA:89,0
DA:90,0
DA:91,0
DA:92,0
DA:93,0
DA:94,0
DA:95,0
DA:96,0
DA:101,0
DA:102,0
DA:103,0
DA:104,0
DA:105,0
DA:106,0
DA:107,0
DA:108,0
DA:109,0
DA:110,0
DA:111,0
DA:116,0
DA:117,0
DA:118,0
DA:119,0
DA:120,0
DA:121,0
DA:122,0
DA:123,0
DA:124,0
DA:125,0
DA:126,0
DA:131,0
DA:132,0
DA:138,0
DA:139,0
DA:142,0
DA:147,0
DA:148,0
DA:167,0
DA:180,0
DA:181,0
DA:182,0
DA:183,0
DA:184,0
DA:185,0
DA:186,0
DA:187,0
DA:188,0
DA:189,0
DA:190,0
DA:191,0
DA:192,0
DA:207,0
DA:217,0
DA:218,0
DA:219,0
DA:220,0
DA:221,0
DA:222,0
DA:223,0
DA:224,0
DA:225,0
DA:226,0
LF:92
LH:0
end_of_record
SF:lib/features/admin/admin_diamond_service.dart
DA:8,0
DA:9,0
DA:17,0
DA:25,0
DA:26,0
DA:30,0
DA:31,0
DA:32,0
DA:37,0
DA:43,0
DA:44,0
DA:45,0
DA:46,0
DA:47,0
DA:48,0
DA:54,0
DA:55,0
DA:56,0
DA:59,0
DA:62,0
DA:63,0
DA:65,0
DA:72,0
DA:73,0
DA:74,0
DA:77,0
DA:78,0
DA:80,0
DA:81,0
DA:82,0
DA:83,0
DA:86,0
DA:87,0
DA:88,0
DA:92,0
DA:93,0
DA:96,0
DA:99,0
DA:100,0
DA:107,0
DA:113,0
DA:114,0
DA:121,0
DA:126,0
DA:127,0
DA:130,0
DA:134,0
DA:141,0
DA:142,0
DA:143,0
DA:144,0
DA:145,0
DA:146,0
DA:147,0
DA:148,0
DA:149,0
DA:150,0
DA:155,0
DA:156,0
DA:157,0
DA:158,0
DA:159,0
DA:160,0
DA:161,0
DA:162,0
DA:164,0
DA:169,0
DA:170,0
DA:171,0
DA:173,0
DA:174,0
DA:175,0
DA:178,0
DA:181,0
DA:182,0
DA:183,0
DA:184,0
DA:185,0
DA:189,0
DA:190,0
DA:196,0
DA:200,0
DA:201,0
DA:203,0
DA:206,0
DA:207,0
DA:211,0
DA:212,0
DA:213,0
DA:214,0
DA:215,0
DA:216,0
DA:217,0
DA:219,0
DA:220,0
DA:225,0
DA:226,0
DA:227,0
DA:228,0
DA:229,0
DA:230,0
DA:231,0
DA:232,0
DA:233,0
DA:234,0
DA:235,0
DA:240,0
DA:241,0
DA:244,0
DA:245,0
DA:246,0
DA:247,0
DA:248,0
DA:249,0
DA:250,0
DA:251,0
DA:252,0
DA:253,0
DA:258,0
DA:259,0
DA:260,0
DA:261,0
DA:262,0
DA:268,0
DA:269,0
DA:270,0
DA:271,0
DA:272,0
DA:273,0
DA:274,0
DA:275,0
DA:276,0
DA:277,0
DA:295,0
DA:308,0
DA:309,0
DA:310,0
DA:311,0
DA:312,0
DA:313,0
DA:314,0
DA:315,0
DA:316,0
DA:317,0
DA:318,0
DA:319,0
DA:320,0
DA:324,0
DA:325,0
LF:149
LH:0
end_of_record
SF:lib/features/social/models/social_user_model.dart
DA:11,0
DA:31,0
DA:32,0
DA:35,0
DA:37,0
DA:38,0
DA:39,0
DA:40,0
DA:42,0
DA:46,0
DA:47,0
LF:11
LH:0
end_of_record
SF:lib/features/social/models/social_user_model.g.dart
DA:9,0
DA:10,0
DA:11,0
DA:12,0
DA:14,0
DA:16,0
DA:17,0
DA:18,0
DA:19,0
DA:20,0
DA:23,0
DA:24,0
DA:25,0
DA:26,0
DA:27,0
DA:28,0
DA:29,0
DA:30,0
DA:31,0
DA:32,0
DA:33,0
LF:21
LH:0
end_of_record
SF:lib/features/admin/screens/admin_chat_screen.dart
DA:11,2
DA:13,0
DA:15,0
DA:18,0
DA:19,0
DA:20,0
DA:25,0
DA:27,0
DA:28,0
DA:30,0
DA:31,0
DA:33,0
DA:39,0
DA:40,0
DA:41,0
DA:42,0
DA:46,0
DA:47,0
DA:50,0
DA:52,0
DA:53,0
DA:54,0
DA:56,0
DA:57,0
DA:60,0
DA:63,0
DA:65,0
DA:66,0
DA:76,0
DA:78,0
DA:79,0
DA:80,0
DA:81,0
DA:82,0
DA:84,0
DA:85,0
DA:88,0
DA:90,0
DA:91,0
DA:92,0
DA:96,0
DA:97,0
DA:98,0
DA:102,0
DA:103,0
DA:106,0
DA:111,0
DA:114,0
DA:115,0
DA:116,0
DA:117,0
DA:119,0
DA:121,0
DA:130,0
DA:141,0
DA:142,0
DA:144,0
DA:145,0
DA:162,0
DA:164,0
DA:166,0
DA:174,0
DA:176,0
DA:178,0
DA:179,0
DA:180,0
DA:181,0
DA:185,0
DA:186,0
DA:188,0
DA:189,0
DA:190,0
DA:193,0
DA:196,0
DA:197,0
DA:198,0
DA:199,0
DA:200,0
DA:206,0
DA:207,0
DA:208,0
DA:209,0
DA:216,0
DA:217,0
DA:218,0
DA:219,0
DA:222,0
DA:226,0
DA:227,0
DA:230,0
DA:231,0
DA:232,0
DA:237,0
DA:238,0
DA:239,0
DA:242,0
DA:243,0
DA:244,0
DA:251,0
DA:252,0
DA:253,0
DA:254,0
DA:258,0
DA:260,0
DA:262,0
DA:263,0
DA:264,0
DA:266,0
DA:267,0
DA:268,0
DA:269,0
DA:274,0
DA:275,0
DA:278,0
DA:280,0
DA:283,0
DA:284,0
DA:286,0
DA:287,0
DA:288,0
DA:295,0
DA:296,0
DA:298,0
DA:299,0
DA:300,0
DA:301,0
DA:302,0
DA:306,0
DA:308,0
DA:309,0
DA:314,0
DA:315,0
DA:316,0
DA:318,0
DA:319,0
DA:327,0
DA:329,0
DA:330,0
DA:331,0
DA:332,0
DA:333,0
DA:339,0
DA:340,0
DA:341,0
DA:342,0
DA:343,0
DA:344,0
DA:345,0
DA:346,0
DA:348,0
DA:349,0
DA:353,0
DA:354,0
DA:355,0
DA:356,0
DA:363,0
DA:367,0
DA:368,0
DA:369,0
DA:394,0
DA:396,0
DA:398,0
DA:399,0
DA:400,0
DA:402,0
DA:403,0
DA:407,0
DA:409,0
DA:411,0
DA:413,0
DA:414,0
DA:415,0
DA:418,0
DA:419,0
DA:421,0
DA:423,0
DA:426,0
DA:427,0
DA:430,0
DA:432,0
DA:434,0
DA:435,0
DA:437,0
DA:438,0
DA:439,0
DA:442,0
DA:447,0
DA:448,0
DA:449,0
DA:451,0
DA:452,0
DA:454,0
DA:455,0
DA:456,0
DA:457,0
DA:458,0
DA:462,0
DA:464,0
DA:468,0
LF:199
LH:1
end_of_record
SF:lib/features/auth/auth_service.dart
DA:9,3
DA:10,0
DA:14,0
DA:15,0
DA:16,0
DA:20,0
DA:21,0
DA:22,0
DA:24,0
DA:26,0
DA:35,0
DA:36,0
DA:37,0
DA:39,0
DA:42,0
DA:51,0
DA:53,0
DA:55,0
DA:57,0
DA:58,0
DA:65,0
DA:68,0
DA:70,0
DA:71,0
DA:73,0
DA:77,0
DA:82,0
DA:86,0
DA:92,0
DA:94,0
DA:99,0
DA:101,0
DA:102,0
DA:103,0
DA:104,0
DA:105,0
DA:106,0
DA:108,0
DA:115,0
DA:120,0
DA:121,0
DA:122,0
DA:123,0
DA:124,0
DA:126,0
DA:127,0
DA:128,0
DA:129,0
DA:130,0
DA:131,0
DA:132,0
DA:133,0
DA:134,0
DA:144,0
DA:145,0
DA:146,0
DA:147,0
DA:148,0
DA:149,0
DA:150,0
DA:151,0
DA:152,0
DA:153,0
DA:154,0
DA:159,0
DA:164,0
DA:167,0
DA:172,0
DA:175,0
DA:176,0
DA:177,0
DA:181,0
DA:186,0
DA:187,0
DA:188,0
DA:192,0
DA:193,0
DA:194,0
DA:197,0
DA:199,0
DA:205,0
DA:207,0
DA:210,0
DA:211,0
DA:212,0
DA:215,0
DA:217,0
DA:221,0
DA:222,0
DA:231,0
DA:232,0
DA:235,0
DA:236,0
DA:238,0
DA:239,0
DA:242,0
DA:246,0
DA:247,0
DA:249,0
DA:250,0
DA:251,0
DA:255,0
DA:256,0
DA:258,0
DA:265,0
DA:268,0
DA:271,0
DA:274,0
DA:277,0
DA:280,0
DA:281,0
DA:283,0
DA:284,0
DA:286,0
DA:289,0
DA:292,0
DA:293,0
DA:295,0
DA:298,0
DA:302,0
DA:305,0
DA:308,0
DA:310,0
DA:313,0
DA:315,0
DA:318,0
DA:320,0
DA:323,0
DA:327,0
DA:330,0
DA:332,0
DA:335,0
DA:338,0
DA:343,0
DA:345,0
DA:348,0
DA:351,0
DA:353,0
DA:356,0
DA:359,0
DA:362,0
DA:365,0
DA:371,0
DA:376,0
DA:379,0
DA:381,0
DA:384,0
DA:386,0
DA:389,0
DA:391,0
DA:394,0
DA:396,0
LF:152
LH:1
end_of_record
SF:lib/features/admin/screens/grant_request_screen.dart
DA:11,2
DA:13,0
DA:14,0
DA:26,0
DA:28,0
DA:29,0
DA:32,0
DA:33,0
DA:35,0
DA:38,0
DA:40,0
DA:42,0
DA:43,0
DA:44,0
DA:45,0
DA:46,0
DA:48,0
DA:51,0
DA:53,0
DA:54,0
DA:55,0
DA:56,0
DA:59,0
DA:64,0
DA:67,0
DA:68,0
DA:69,0
DA:73,0
DA:77,0
DA:79,0
DA:80,0
DA:82,0
DA:83,0
DA:84,0
DA:89,0
DA:93,0
DA:94,0
DA:95,0
DA:97,0
DA:98,0
DA:99,0
DA:101,0
DA:103,0
DA:104,0
DA:105,0
DA:107,0
DA:108,0
DA:111,0
DA:113,0
DA:129,0
DA:130,0
DA:137,0
DA:138,0
DA:147,0
DA:148,0
DA:156,0
DA:157,0
DA:160,0
DA:169,0
DA:170,0
DA:171,0
DA:179,0
DA:182,0
DA:183,0
DA:186,0
DA:187,0
DA:190,0
DA:191,0
DA:199,0
DA:200,0
DA:208,0
DA:209,0
DA:212,0
DA:221,0
DA:222,0
DA:223,0
DA:224,0
DA:226,0
DA:227,0
DA:233,0
DA:234,0
DA:236,0
DA:237,0
DA:241,0
DA:242,0
DA:243,0
DA:244,0
DA:245,0
DA:247,0
DA:263,0
DA:264,0
DA:265,0
DA:273,0
DA:284,0
DA:286,0
DA:287,0
DA:288,0
DA:289,0
DA:290,0
LF:99
LH:1
end_of_record
SF:lib/features/admin/screens/admin_panel_screen.dart
DA:14,2
DA:16,0
DA:18,0
DA:19,0
DA:21,0
DA:22,0
DA:23,0
DA:38,0
DA:39,0
DA:41,0
DA:42,0
DA:44,0
DA:45,0
DA:47,0
DA:48,0
DA:54,0
DA:56,0
DA:58,0
DA:59,0
DA:60,0
DA:62,0
DA:63,0
DA:66,0
DA:67,0
DA:68,0
DA:70,0
DA:78,0
DA:79,0
DA:80,0
DA:81,0
DA:82,0
DA:85,0
DA:87,0
DA:93,0
DA:94,0
DA:95,0
DA:96,0
DA:98,0
DA:99,0
DA:102,0
DA:104,0
DA:110,0
DA:114,0
DA:118,0
DA:122,0
DA:125,0
DA:127,0
DA:129,0
DA:134,0
DA:138,0
DA:140,0
DA:142,0
DA:147,0
DA:151,0
DA:159,0
DA:160,0
DA:162,0
DA:166,0
DA:167,0
DA:170,0
DA:171,0
DA:176,0
DA:178,0
DA:179,0
DA:181,0
DA:182,0
DA:183,0
DA:186,0
DA:187,0
DA:189,0
DA:193,0
DA:194,0
DA:196,0
DA:197,0
DA:201,0
DA:202,0
DA:208,0
DA:210,0
DA:211,0
DA:212,0
DA:213,0
DA:214,0
DA:215,0
DA:217,0
DA:220,0
DA:221,0
DA:223,0
DA:224,0
DA:225,0
DA:230,0
DA:231,0
DA:233,0
DA:235,0
DA:236,0
DA:237,0
DA:239,0
DA:240,0
DA:262,2
DA:264,0
DA:265,0
DA:273,0
DA:274,0
DA:276,0
DA:278,0
DA:279,0
DA:280,0
DA:281,0
DA:282,0
DA:285,0
DA:286,0
DA:287,0
DA:291,0
DA:295,0
DA:297,0
DA:299,0
DA:301,0
DA:303,0
DA:304,0
DA:305,0
DA:306,0
DA:308,0
DA:310,0
DA:313,0
DA:316,0
DA:317,0
DA:318,0
DA:319,0
DA:320,0
DA:322,0
DA:323,0
DA:324,0
DA:325,0
DA:326,0
DA:327,0
DA:328,0
DA:330,0
DA:331,0
DA:334,0
DA:335,0
DA:336,0
DA:337,0
DA:338,0
DA:339,0
DA:341,0
DA:347,0
DA:348,0
DA:352,0
DA:353,0
DA:354,0
DA:369,0
DA:377,0
DA:379,0
DA:381,0
DA:382,0
DA:383,0
DA:384,0
DA:385,0
DA:386,0
DA:388,0
DA:389,0
DA:392,0
DA:398,0
DA:399,0
DA:410,0
DA:411,0
DA:413,0
LF:166
LH:2
end_of_record
SF:lib/features/admin/screens/pending_approvals_screen.dart
DA:11,2
DA:13,0
DA:15,0
DA:16,0
DA:18,0
DA:19,0
DA:20,0
DA:25,0
DA:27,0
DA:28,0
DA:29,0
DA:30,0
DA:31,0
DA:32,0
DA:39,0
DA:41,0
DA:55,0
DA:57,0
DA:58,0
DA:59,0
DA:60,0
DA:62,0
DA:63,0
DA:64,0
DA:65,0
DA:66,0
DA:75,0
DA:82,0
DA:83,0
DA:85,0
DA:86,0
DA:94,0
DA:95,0
DA:96,0
DA:97,0
DA:105,0
DA:111,0
DA:113,0
DA:115,0
DA:117,0
DA:125,0
DA:126,0
DA:127,0
DA:130,0
DA:131,0
DA:132,0
DA:139,0
DA:141,0
DA:142,0
DA:145,0
DA:148,0
DA:149,0
DA:157,0
DA:158,0
DA:159,0
DA:165,0
DA:175,0
DA:182,0
DA:184,0
DA:185,0
DA:186,0
DA:187,0
DA:189,0
DA:191,0
DA:193,0
DA:195,0
DA:197,0
DA:198,0
DA:199,0
DA:200,0
DA:201,0
DA:202,0
DA:203,0
DA:204,0
DA:205,0
DA:209,0
DA:210,0
DA:212,0
DA:213,0
DA:214,0
DA:215,0
DA:217,0
DA:218,0
DA:219,0
DA:224,0
DA:229,0
DA:230,0
DA:231,0
DA:233,0
DA:234,0
DA:246,0
DA:249,0
DA:250,0
DA:251,0
DA:253,0
DA:255,0
DA:260,0
DA:267,0
DA:268,0
DA:271,0
DA:272,0
DA:273,0
DA:275,0
DA:289,0
DA:290,0
DA:291,0
DA:296,0
DA:298,0
DA:299,0
DA:300,0
DA:304,0
DA:305,0
DA:306,0
DA:309,0
DA:314,0
DA:315,0
DA:328,0
DA:330,0
DA:332,0
DA:334,0
DA:336,0
DA:343,0
DA:345,0
DA:347,0
DA:349,0
DA:351,0
LF:126
LH:1
end_of_record
SF:lib/features/agents/models/bot_personality.dart
DA:42,2
DA:57,2
DA:135,1
DA:136,1
DA:137,5
DA:141,0
DA:143,0
DA:150,1
DA:152,1
DA:153,3
DA:154,1
DA:155,2
DA:156,2
DA:157,2
DA:158,2
DA:160,0
DA:161,0
DA:163,0
DA:167,1
DA:168,1
DA:169,3
DA:172,0
DA:173,0
DA:174,0
DA:175,0
DA:176,0
DA:177,0
DA:178,0
DA:188,0
DA:195,0
DA:196,0
DA:198,0
DA:199,0
DA:200,0
DA:203,0
DA:204,0
DA:205,0
DA:206,0
LF:38
LH:16
end_of_record
SF:lib/features/ai/ai_service.dart
DA:10,0
DA:11,0
DA:14,0
DA:22,0
DA:23,0
DA:33,0
DA:34,0
DA:35,0
DA:36,0
DA:37,0
DA:38,0
DA:43,0
DA:53,0
DA:54,0
DA:65,0
DA:66,0
DA:67,0
DA:68,0
DA:73,0
DA:79,0
DA:80,0
DA:87,0
DA:88,0
DA:89,0
DA:90,0
DA:91,0
DA:92,0
DA:93,0
DA:98,0
DA:103,0
DA:104,0
DA:110,0
DA:111,0
DA:112,0
DA:113,0
DA:114,0
DA:115,0
DA:116,0
DA:121,0
DA:128,0
DA:130,0
DA:136,0
DA:138,0
DA:139,0
DA:140,0
DA:141,0
DA:145,0
DA:147,0
DA:148,0
DA:154,0
DA:155,0
DA:156,0
DA:157,0
DA:158,0
DA:174,0
DA:186,0
DA:196,0
DA:212,0
DA:226,0
DA:234,0
DA:235,0
DA:239,0
DA:243,0
DA:244,0
DA:245,0
DA:246,0
DA:247,0
DA:248,0
DA:249,0
DA:250,0
DA:255,0
DA:256,0
DA:260,0
DA:261,0
DA:262,0
DA:263,0
DA:264,0
DA:280,0
DA:289,0
DA:292,0
DA:293,0
DA:294,0
DA:295,0
DA:297,0
DA:298,0
DA:306,0
DA:312,0
DA:315,0
DA:316,0
DA:317,0
DA:318,0
DA:320,0
DA:321,0
LF:93
LH:0
end_of_record
SF:lib/features/auth/auth_gate.dart
DA:16,2
DA:18,0
DA:19,0
DA:23,0
DA:25,0
DA:27,0
DA:30,0
DA:31,0
DA:32,0
DA:36,0
DA:38,0
DA:39,0
DA:41,0
DA:42,0
DA:43,0
DA:44,0
DA:50,0
DA:51,0
DA:52,0
DA:53,0
DA:54,0
DA:56,0
DA:57,0
DA:59,0
DA:65,0
DA:66,0
DA:70,0
LF:27
LH:1
end_of_record
SF:lib/features/auth/auth_screen.dart
DA:13,2
DA:15,1
DA:16,1
DA:29,1
DA:31,1
DA:32,2
DA:35,1
DA:37,2
DA:40,1
DA:42,2
DA:45,1
DA:47,2
DA:50,1
DA:52,2
DA:55,1
DA:58,1
DA:60,2
DA:61,2
DA:62,2
DA:63,2
DA:64,2
DA:65,1
DA:68,0
DA:69,0
DA:70,0
DA:71,0
DA:75,0
DA:76,0
DA:79,0
DA:80,0
DA:82,0
DA:83,0
DA:87,0
DA:89,0
DA:92,0
DA:93,0
DA:94,0
DA:100,1
DA:102,1
DA:103,1
DA:104,1
DA:106,1
DA:109,1
DA:112,1
DA:115,1
DA:118,1
DA:119,1
DA:120,1
DA:122,1
DA:124,1
DA:128,1
DA:133,1
DA:138,1
DA:143,1
DA:148,1
DA:151,1
DA:153,1
DA:157,1
DA:160,1
DA:162,1
DA:165,1
DA:167,1
DA:178,1
DA:179,1
DA:193,1
DA:194,1
DA:195,1
DA:196,1
DA:197,1
DA:198,2
DA:199,2
DA:208,1
DA:209,1
DA:210,1
DA:211,1
DA:212,1
DA:213,3
DA:220,1
DA:221,1
DA:222,1
DA:223,1
DA:224,1
DA:225,3
DA:232,1
DA:233,1
DA:234,1
DA:235,1
DA:236,1
DA:237,2
DA:239,7
DA:240,2
DA:242,5
DA:243,2
DA:245,5
DA:246,2
DA:248,1
DA:249,1
DA:250,1
DA:251,1
DA:252,2
DA:253,1
DA:254,1
DA:255,1
DA:265,1
DA:266,1
DA:267,1
DA:274,1
DA:277,1
DA:278,1
DA:279,1
DA:280,4
DA:282,1
DA:283,1
DA:284,2
DA:285,1
DA:287,3
DA:295,1
DA:296,1
DA:298,1
DA:299,1
DA:300,1
DA:301,1
DA:302,1
DA:305,1
DA:306,2
DA:308,1
DA:310,1
DA:311,1
DA:313,1
DA:315,1
DA:323,1
DA:327,1
DA:328,2
DA:329,1
DA:330,1
DA:331,1
DA:332,1
DA:336,1
DA:337,1
DA:338,4
DA:339,1
DA:340,5
DA:341,4
DA:343,1
DA:344,1
DA:345,1
DA:348,1
DA:358,1
DA:359,1
DA:360,1
DA:364,1
DA:365,2
DA:371,1
DA:373,1
DA:375,2
DA:376,2
DA:377,1
DA:379,1
DA:381,1
DA:385,1
DA:387,1
DA:394,1
DA:397,1
DA:400,1
DA:420,1
DA:421,2
DA:422,1
DA:425,1
DA:429,1
DA:430,1
DA:431,1
DA:432,1
DA:433,4
DA:434,3
DA:436,1
DA:437,2
DA:438,1
DA:439,2
DA:440,2
DA:441,2
DA:443,1
DA:444,1
DA:446,1
DA:451,1
DA:452,1
DA:453,2
DA:456,1
DA:457,2
DA:460,1
DA:461,2
DA:470,1
DA:471,3
DA:472,2
DA:475,1
DA:476,1
DA:478,1
DA:480,1
DA:481,1
DA:483,1
DA:484,1
DA:489,1
DA:491,1
DA:493,1
DA:500,1
DA:502,1
DA:503,1
DA:509,4
DA:512,0
DA:513,0
DA:516,0
DA:517,0
DA:518,0
DA:519,0
DA:521,0
DA:522,0
DA:525,0
DA:526,0
DA:527,0
DA:536,1
DA:537,1
DA:538,1
DA:539,1
DA:540,4
DA:542,1
DA:545,1
DA:546,1
DA:550,1
DA:551,1
DA:552,1
DA:556,1
DA:557,2
DA:563,1
DA:565,1
DA:566,2
DA:567,1
DA:568,1
DA:569,1
DA:604,1
DA:605,3
DA:606,2
DA:609,0
DA:610,0
DA:611,0
DA:612,0
DA:613,0
DA:614,0
DA:617,0
DA:619,0
DA:621,0
DA:622,0
DA:623,0
DA:624,0
DA:625,0
DA:626,0
DA:628,0
DA:629,0
DA:631,0
DA:633,0
DA:636,0
DA:638,0
DA:639,0
DA:649,0
DA:652,1
DA:653,1
DA:655,1
DA:656,1
DA:657,1
DA:658,2
DA:659,1
DA:660,1
DA:661,1
DA:667,1
DA:668,1
DA:669,1
DA:670,1
DA:671,1
DA:672,1
DA:677,5
DA:680,1
DA:681,1
DA:686,4
DA:691,1
DA:692,1
DA:693,1
DA:694,1
DA:699,5
DA:702,1
DA:703,1
DA:708,4
DA:714,4
DA:717,1
DA:718,1
DA:720,1
DA:721,1
DA:722,1
DA:723,2
DA:725,1
DA:726,1
DA:727,1
DA:729,1
DA:730,1
DA:733,1
DA:736,1
DA:738,1
DA:739,1
DA:747,1
DA:750,1
DA:751,1
DA:758,4
DA:769,1
DA:776,1
DA:778,1
DA:780,1
DA:781,1
DA:782,1
DA:783,3
DA:784,1
DA:785,3
DA:788,1
DA:789,1
DA:791,1
DA:794,1
DA:795,1
DA:796,1
DA:797,2
DA:803,1
DA:806,1
DA:808,1
DA:809,1
DA:810,1
DA:811,2
DA:818,1
DA:820,1
DA:821,4
DA:823,1
DA:824,1
DA:825,1
DA:826,1
DA:831,1
DA:832,1
DA:833,1
DA:834,1
DA:851,1
DA:856,1
DA:858,1
DA:861,2
DA:862,3
DA:863,3
DA:864,6
DA:866,1
DA:867,3
DA:868,1
DA:870,1
DA:871,8
DA:872,3
DA:878,1
DA:880,3
DA:881,0
DA:889,1
DA:891,1
DA:894,1
DA:896,1
DA:897,5
DA:898,1
DA:899,1
DA:903,1
DA:905,2
DA:906,5
DA:907,2
DA:908,1
DA:912,1
DA:919,1
DA:920,6
DA:921,6
DA:924,1
DA:926,2
DA:929,1
DA:930,2
DA:931,1
DA:934,1
DA:937,1
DA:939,3
DA:947,1
DA:949,1
DA:951,1
DA:953,2
DA:954,3
DA:955,3
DA:956,6
DA:957,3
DA:958,3
DA:960,1
DA:961,2
DA:962,1
DA:964,2
DA:968,1
DA:970,3
LF:397
LH:348
end_of_record
SF:lib/features/home_screen.dart
DA:29,2
DA:31,0
DA:33,0
DA:35,0
DA:36,0
DA:37,0
DA:40,0
DA:42,0
DA:43,0
DA:45,0
DA:60,0
DA:62,0
DA:63,0
DA:64,0
DA:65,0
DA:70,0
DA:71,0
DA:72,0
DA:73,0
DA:74,0
DA:75,0
DA:76,0
DA:77,0
DA:78,0
DA:79,0
DA:83,0
DA:87,0
DA:90,0
DA:92,0
DA:94,0
DA:95,0
DA:96,0
DA:99,0
DA:102,0
DA:103,0
DA:107,0
DA:108,0
DA:110,0
DA:111,0
DA:113,0
DA:115,0
DA:116,0
DA:118,0
DA:120,0
DA:121,0
DA:125,0
DA:127,0
DA:129,0
DA:131,0
DA:133,0
DA:134,0
DA:140,0
DA:144,0
DA:145,0
DA:146,0
DA:148,0
DA:150,0
DA:153,0
DA:154,0
DA:157,0
DA:160,0
DA:161,0
DA:162,0
DA:165,0
DA:168,0
DA:171,0
DA:173,0
DA:185,0
DA:187,0
DA:188,0
DA:189,0
DA:191,0
LF:72
LH:1
end_of_record
SF:lib/features/social/services/presence_service.dart
DA:8,0
DA:9,0
DA:21,0
DA:24,0
DA:25,0
DA:26,0
DA:31,0
DA:34,0
DA:39,0
DA:40,0
DA:41,0
DA:43,0
DA:44,0
DA:49,0
DA:50,0
DA:52,0
DA:53,0
DA:59,0
DA:61,0
DA:63,0
DA:68,0
DA:69,0
DA:72,0
DA:75,0
DA:77,0
DA:78,0
DA:79,0
DA:85,0
DA:86,0
DA:91,0
DA:96,0
DA:97,0
DA:100,0
DA:101,0
DA:104,0
DA:108,0
DA:109,0
DA:111,0
DA:112,0
DA:113,0
DA:114,0
DA:115,0
DA:120,0
DA:121,0
DA:123,0
DA:126,0
DA:127,0
DA:129,0
DA:130,0
DA:132,0
DA:134,0
DA:135,0
DA:136,0
DA:138,0
DA:139,0
DA:141,0
DA:153,0
DA:160,0
DA:163,0
LF:59
LH:0
end_of_record
SF:lib/features/chat/chat_message.dart
DA:10,0
DA:59,0
DA:60,0
DA:63,0
DA:64,0
DA:65,0
DA:66,0
DA:67,0
[...]
LF:86
LH:0
end_of_record
SF:lib/games/marriage/widgets/hud/game_actions_sidebar.dart
DA:19,0
DA:35,0
DA:37,0
DA:39,0
DA:42,0
DA:43,0
DA:44,0
DA:47,0
DA:49,0
DA:51,0
DA:53,0
DA:55,0
DA:56,0
DA:60,0
DA:62,0
DA:63,0
DA:65,0
DA:66,0
DA:72,0
DA:75,0
DA:76,0
DA:77,0
DA:88,0
DA:102,0
DA:105,0
DA:107,0
DA:108,0
DA:109,0
DA:111,0
DA:112,0
DA:115,0
DA:118,0
DA:119,0
DA:125,0
DA:126,0
DA:127,0
DA:128,0
DA:129,0
DA:131,0
DA:133,0
DA:135,0
DA:137,0
DA:139,0
DA:142,0
DA:144,0
DA:159,0
DA:161,0
DA:163,0
DA:165,0
DA:166,0
DA:167,0
DA:170,0
DA:171,0
DA:189,0
DA:195,0
DA:197,0
DA:198,0
DA:199,0
DA:200,0
DA:201,0
LF:60
LH:0
end_of_record
SF:lib/games/marriage/widgets/marriage_guided_tutorial.dart
DA:8,1
DA:15,1
DA:17,1
DA:27,1
DA:40,1
DA:53,1
DA:66,1
DA:81,1
DA:93,1
DA:106,1
DA:119,1
DA:132,1
DA:146,1
DA:153,1
DA:154,1
LF:15
LH:15
end_of_record
SF:lib/games/marriage/widgets/professional_table_layout.dart
DA:14,0
DA:23,0
DA:25,0
DA:26,0
DA:27,0
DA:28,0
DA:32,0
DA:35,0
DA:36,0
DA:39,0
DA:40,0
DA:42,0
DA:47,0
DA:51,0
DA:52,0
DA:53,0
DA:54,0
DA:55,0
DA:56,0
DA:57,0
DA:59,0
DA:60,0
DA:61,0
DA:62,0
DA:72,0
DA:73,0
DA:74,0
DA:76,0
DA:80,0
DA:88,0
DA:93,0
DA:94,0
DA:95,0
DA:98,0
DA:99,0
DA:100,0
DA:104,0
DA:113,0
DA:114,0
DA:115,0
DA:116,0
DA:126,0
DA:127,0
DA:130,0
DA:131,0
DA:132,0
DA:136,0
DA:137,0
DA:146,0
DA:152,0
DA:154,0
DA:155,0
DA:158,0
DA:160,0
DA:161,0
DA:162,0
DA:165,0
DA:167,0
DA:168,0
DA:169,0
DA:170,0
DA:173,0
DA:175,0
DA:179,0
DA:180,0
DA:181,0
DA:182,0
DA:184,0
DA:193,0
DA:198,0
DA:199,0
DA:200,0
DA:201,0
DA:202,0
DA:203,0
DA:205,0
DA:206,0
DA:207,0
DA:208,0
DA:209,0
DA:211,0
DA:212,0
DA:213,0
DA:214,0
DA:215,0
DA:216,0
DA:218,0
DA:219,0
DA:220,0
DA:221,0
DA:222,0
DA:223,0
DA:224,0
DA:226,0
DA:227,0
DA:228,0
DA:229,0
DA:230,0
DA:231,0
DA:232,0
DA:235,0
DA:236,0
DA:237,0
DA:238,0
DA:239,0
DA:240,0
DA:241,0
DA:247,0
DA:248,0
DA:251,0
DA:252,0
DA:254,0
DA:255,0
DA:257,0
DA:258,0
DA:260,0
DA:272,0
DA:278,0
DA:280,0
DA:281,0
DA:282,0
DA:288,0
DA:289,0
DA:290,0
DA:296,0
DA:297,0
DA:298,0
DA:299,0
DA:302,0
LF:129
LH:0
end_of_record
SF:lib/games/marriage/widgets/hud/player_slot_widget.dart
DA:19,1
DA:33,0
DA:35,0
DA:36,0
DA:37,0
DA:40,0
DA:41,0
DA:42,0
DA:43,0
DA:44,0
DA:46,0
DA:47,0
DA:49,0
DA:50,0
DA:51,0
DA:52,0
DA:59,0
DA:61,0
DA:63,0
DA:65,0
DA:67,0
DA:70,0
DA:72,0
DA:73,0
DA:74,0
DA:77,0
DA:78,0
DA:79,0
DA:84,0
DA:85,0
DA:86,0
DA:87,0
DA:89,0
DA:92,0
DA:96,0
DA:99,0
DA:104,0
DA:106,0
DA:107,0
DA:108,0
DA:109,0
DA:114,0
DA:115,0
DA:126,0
DA:127,0
DA:130,0
DA:148,0
DA:149,0
DA:150,0
DA:151,0
DA:160,0
DA:161,0
DA:164,0
DA:165,0
DA:166,0
DA:168,0
DA:169,0
DA:179,0
DA:180,0
DA:182,0
DA:190,0
DA:191,0
DA:192,0
DA:193,0
DA:203,0
DA:204,0
DA:205,0
DA:207,0
DA:209,0
DA:212,0
DA:214,0
DA:215,0
DA:219,0
DA:221,0
DA:222,0
DA:223,0
DA:234,0
DA:235,0
DA:237,0
DA:238,0
DA:239,0
DA:240,0
DA:241,0
DA:242,0
DA:243,0
DA:244,0
DA:245,0
DA:246,0
DA:248,0
DA:251,0
DA:252,0
DA:253,0
DA:254,0
DA:256,0
DA:267,1
DA:275,0
DA:277,0
DA:280,0
DA:282,0
DA:283,0
DA:284,0
DA:285,0
DA:288,0
DA:290,0
DA:291,0
DA:292,0
DA:300,0
DA:303,0
DA:309,0
DA:310,0
DA:320,0
DA:321,0
DA:324,0
DA:337,0
DA:339,0
DA:340,0
DA:343,0
LF:117
LH:2
end_of_record
SF:lib/games/marriage/widgets/hud/center_table_area.dart
DA:21,1
DA:43,0
DA:45,0
DA:47,0
DA:49,0
DA:50,0
DA:51,0
DA:52,0
DA:53,0
DA:56,0
DA:57,0
DA:58,0
DA:64,0
DA:66,0
DA:68,0
DA:70,0
DA:72,0
DA:75,0
DA:80,0
DA:82,0
DA:89,0
DA:90,0
DA:92,0
DA:93,0
DA:94,0
DA:96,0
DA:98,0
DA:101,0
DA:102,0
DA:103,0
DA:105,0
DA:107,0
DA:117,0
DA:118,0
DA:120,0
DA:121,0
DA:122,0
DA:123,0
DA:126,0
DA:127,0
DA:129,0
DA:134,0
DA:137,0
DA:138,0
DA:144,0
DA:149,0
DA:150,0
DA:151,0
DA:157,0
DA:158,0
DA:159,0
DA:161,0
DA:162,0
DA:164,0
DA:168,0
DA:169,0
DA:185,0
DA:196,0
DA:197,0
DA:198,0
DA:201,0
DA:209,0
DA:210,0
DA:213,0
DA:220,0
DA:222,0
DA:224,0
DA:225,0
DA:226,0
DA:228,0
DA:230,0
DA:233,0
DA:234,0
DA:235,0
DA:236,0
DA:237,0
DA:239,0
DA:241,0
DA:242,0
DA:246,0
DA:247,0
DA:248,0
DA:249,0
DA:262,0
DA:265,0
DA:266,0
DA:267,0
DA:268,0
DA:269,0
DA:270,0
DA:275,0
DA:276,0
DA:277,0
DA:278,0
DA:279,0
DA:280,0
DA:286,0
DA:287,0
DA:289,0
DA:290,0
DA:292,0
DA:295,0
DA:296,0
DA:297,0
DA:298,0
DA:310,0
DA:326,0
DA:327,0
DA:328,0
DA:330,0
DA:331,0
DA:332,0
DA:333,0
DA:334,0
DA:337,0
DA:338,0
DA:340,0
DA:342,0
DA:352,0
DA:354,0
DA:356,0
DA:358,0
DA:359,0
DA:360,0
DA:361,0
DA:374,0
LF:126
LH:1
end_of_record
SF:lib/games/marriage/widgets/hud/action_indicators.dart
DA:11,1
DA:17,0
DA:19,0
DA:21,0
DA:23,0
DA:24,0
DA:25,0
DA:26,0
DA:27,0
DA:28,0
DA:29,0
DA:35,0
DA:37,0
DA:38,0
DA:40,0
DA:41,0
DA:42,0
DA:43,0
DA:48,0
DA:52,0
DA:53,0
DA:54,0
DA:57,0
DA:58,0
DA:59,0
DA:60,0
DA:61,0
DA:62,0
DA:63,0
DA:64,0
DA:65,0
DA:66,0
DA:67,0
DA:68,0
DA:72,0
DA:73,0
DA:74,0
DA:75,0
DA:76,0
DA:77,0
DA:78,0
DA:79,0
DA:80,0
DA:81,0
DA:82,0
DA:87,0
DA:88,0
DA:89,0
DA:96,0
DA:100,0
DA:101,0
DA:103,0
DA:105,0
DA:107,0
DA:109,0
DA:113,0
DA:116,0
DA:117,0
DA:118,0
DA:120,0
DA:122,0
DA:124,0
DA:126,0
DA:131,0
DA:132,0
DA:134,0
DA:135,0
DA:144,0
DA:145,0
DA:146,0
DA:148,0
DA:149,0
DA:150,0
DA:165,0
DA:172,0
DA:174,0
DA:176,0
DA:177,0
DA:178,0
DA:179,0
DA:181,0
DA:183,0
DA:184,0
DA:185,0
DA:192,0
DA:193,0
DA:194,0
DA:195,0
DA:203,0
DA:204,0
DA:205,0
DA:206,0
DA:207,0
DA:218,0
DA:224,0
DA:226,0
DA:228,0
DA:232,0
DA:233,0
DA:234,0
DA:235,0
DA:241,0
DA:242,0
DA:250,0
DA:251,0
DA:252,0
DA:255,0
DA:258,0
DA:259,0
DA:260,0
DA:268,0
DA:270,0
DA:272,0
DA:274,0
DA:276,0
DA:277,0
DA:278,0
DA:279,0
DA:285,0
DA:287,0
DA:290,0
DA:293,0
DA:303,0
DA:304,0
DA:305,0
DA:306,0
DA:315,0
DA:316,0
DA:317,0
DA:320,0
DA:323,0
DA:324,0
LF:132
LH:1
end_of_record
SF:lib/games/marriage/premium_marriage_screen.dart
DA:35,0
DA:37,0
DA:39,0
DA:53,0
DA:55,0
DA:56,0
DA:58,0
DA:59,0
DA:63,0
DA:64,0
DA:65,0
DA:66,0
DA:70,0
DA:72,0
DA:74,0
DA:75,0
DA:76,0
DA:82,0
DA:83,0
DA:84,0
DA:85,0
DA:86,0
DA:89,0
DA:91,0
DA:94,0
DA:95,0
DA:96,0
DA:97,0
DA:99,0
DA:100,0
DA:102,0
DA:103,0
DA:105,0
DA:107,0
DA:108,0
DA:109,0
DA:111,0
DA:112,0
DA:116,0
DA:117,0
DA:118,0
DA:120,0
DA:126,0
DA:127,0
DA:128,0
DA:129,0
DA:131,0
DA:135,0
DA:136,0
DA:141,0
DA:142,0
DA:144,0
DA:146,0
DA:147,0
DA:148,0
DA:149,0
DA:155,0
DA:158,0
DA:159,0
DA:160,0
DA:161,0
DA:162,0
DA:163,0
DA:164,0
DA:169,0
DA:170,0
DA:171,0
DA:172,0
DA:173,0
DA:184,0
DA:200,0
DA:201,0
DA:203,0
DA:205,0
DA:216,0
DA:221,0
DA:222,0
DA:223,0
DA:225,0
DA:227,0
DA:229,0
DA:230,0
DA:231,0
DA:235,0
DA:237,0
DA:238,0
DA:239,0
DA:240,0
DA:242,0
DA:243,0
DA:249,0
DA:251,0
DA:252,0
DA:253,0
DA:254,0
DA:258,0
DA:263,0
DA:269,0
DA:271,0
DA:273,0
DA:275,0
DA:277,0
DA:280,0
DA:281,0
DA:282,0
DA:287,0
DA:288,0
DA:290,0
DA:298,0
DA:300,0
DA:303,0
DA:306,0
DA:307,0
DA:308,0
DA:315,0
DA:316,0
DA:318,0
DA:320,0
DA:322,0
DA:323,0
DA:324,0
DA:325,0
DA:326,0
DA:327,0
DA:335,0
DA:337,0
DA:338,0
DA:344,0
DA:354,0
DA:357,0
DA:358,0
DA:360,0
DA:361,0
DA:362,0
DA:363,0
DA:364,0
DA:365,0
DA:368,0
DA:370,0
DA:371,0
DA:372,0
DA:375,0
DA:377,0
DA:378,0
DA:379,0
DA:380,0
DA:382,0
DA:384,0
DA:385,0
DA:386,0
DA:388,0
DA:390,0
DA:395,0
DA:397,0
DA:403,0
DA:406,0
DA:413,0
DA:415,0
DA:417,0
DA:419,0
DA:421,0
DA:425,0
DA:428,0
DA:430,0
DA:431,0
DA:433,0
DA:434,0
DA:443,0
DA:444,0
DA:445,0
DA:446,0
DA:447,0
DA:449,0
DA:451,0
DA:453,0
DA:454,0
DA:455,0
DA:456,0
DA:459,0
DA:461,0
DA:462,0
DA:468,0
DA:470,0
DA:475,0
DA:477,0
DA:484,0
DA:485,0
DA:486,0
DA:489,0
DA:493,0
DA:495,0
DA:496,0
DA:497,0
DA:498,0
DA:500,0
DA:502,0
DA:503,0
DA:506,0
DA:509,0
DA:510,0
DA:514,0
DA:515,0
DA:516,0
DA:527,0
DA:529,0
DA:530,0
DA:531,0
DA:534,0
DA:536,0
DA:537,0
DA:538,0
DA:539,0
DA:540,0
DA:544,0
DA:546,0
DA:548,0
DA:549,0
DA:552,0
DA:555,0
DA:561,0
DA:562,0
DA:565,0
DA:568,0
DA:572,0
DA:574,0
DA:575,0
DA:576,0
DA:577,0
DA:579,0
DA:580,0
DA:587,0
DA:588,0
DA:600,0
DA:601,0
DA:603,0
DA:604,0
DA:607,0
DA:615,0
DA:616,0
DA:618,0
DA:619,0
DA:621,0
DA:623,0
DA:626,0
DA:628,0
DA:629,0
DA:630,0
DA:631,0
DA:634,0
DA:635,0
DA:636,0
DA:637,0
DA:639,0
DA:641,0
DA:642,0
DA:643,0
DA:644,0
DA:645,0
DA:650,0
DA:651,0
DA:652,0
DA:653,0
DA:655,0
DA:656,0
DA:657,0
DA:658,0
DA:673,0
DA:675,0
DA:676,0
DA:677,0
DA:680,0
DA:682,0
DA:683,0
DA:684,0
DA:687,0
DA:689,0
DA:690,0
DA:691,0
DA:692,0
DA:693,0
DA:694,0
DA:695,0
DA:699,0
DA:701,0
DA:702,0
DA:703,0
DA:704,0
DA:705,0
DA:706,0
DA:707,0
DA:711,0
DA:712,0
DA:714,0
DA:759,0
DA:760,0
DA:761,0
DA:770,0
DA:771,0
DA:772,0
DA:775,0
DA:776,0
DA:778,0
DA:780,0
DA:784,0
DA:785,0
DA:786,0
DA:789,0
DA:790,0
DA:792,0
DA:794,0
DA:798,0
DA:799,0
DA:800,0
DA:803,0
DA:804,0
DA:806,0
DA:807,0
DA:808,0
DA:809,0
DA:811,0
DA:813,0
DA:817,0
DA:818,0
DA:819,0
DA:822,0
DA:823,0
DA:825,0
DA:827,0
DA:828,0
DA:831,0
DA:835,0
DA:836,0
DA:837,0
DA:840,0
DA:841,0
DA:843,0
DA:845,0
DA:849,0
DA:850,0
DA:851,0
DA:854,0
DA:855,0
DA:857,0
DA:860,0
DA:861,0
DA:862,0
DA:863,0
DA:866,0
DA:867,0
DA:871,0
DA:874,0
DA:875,0
DA:876,0
DA:877,0
DA:880,0
DA:884,0
DA:885,0
DA:888,0
DA:890,0
DA:891,0
DA:894,0
DA:895,0
DA:908,0
DA:909,0
DA:913,0
DA:914,0
DA:915,0
DA:916,0
DA:917,0
DA:921,0
DA:922,0
DA:923,0
DA:926,0
LF:373
LH:0
end_of_record
SF:lib/games/marriage/services/hint_service.dart
DA:31,3
DA:46,1
DA:48,1
DA:51,0
DA:61,0
DA:65,0
DA:66,0
DA:79,0
DA:83,0
DA:88,0
DA:91,0
DA:96,0
DA:99,0
DA:105,1
DA:118,2
DA:123,0
DA:128,2
DA:133,0
DA:138,1
DA:149,1
DA:156,1
DA:164,2
DA:173,1
DA:176,1
DA:185,0
DA:186,0
DA:187,0
DA:189,0
DA:193,0
DA:200,1
DA:201,2
DA:207,5
DA:209,1
DA:211,1
DA:215,2
DA:221,0
DA:228,0
DA:248,0
DA:253,0
DA:272,0
DA:276,0
DA:277,0
DA:279,0
DA:280,0
DA:293,0
DA:294,0
DA:296,0
DA:297,0
DA:299,0
DA:301,0
DA:305,0
DA:306,0
DA:320,0
DA:322,0
DA:324,0
DA:326,0
DA:329,0
DA:330,0
DA:331,0
DA:332,0
DA:333,0
DA:334,0
DA:340,0
DA:342,0
DA:343,0
DA:345,0
DA:346,0
DA:349,0
DA:350,0
DA:351,0
DA:359,0
DA:360,0
DA:363,0
DA:365,0
DA:370,0
DA:372,0
DA:374,0
DA:375,0
DA:387,0
DA:389,0
DA:391,0
DA:409,0
DA:416,0
DA:417,0
DA:425,0
DA:427,0
DA:428,0
DA:431,0
DA:432,0
DA:435,0
DA:438,0
DA:440,0
DA:441,0
DA:444,0
DA:446,0
DA:447,0
DA:448,0
DA:449,0
DA:450,0
DA:451,0
DA:453,0
DA:455,0
DA:456,0
DA:457,0
DA:458,0
LF:105
LH:18
end_of_record
SF:lib/games/marriage/services/tutorial_service.dart
DA:20,2
DA:143,1
DA:144,1
DA:145,0
DA:149,0
DA:150,0
DA:151,0
DA:155,0
DA:156,0
DA:157,0
DA:168,0
DA:176,0
DA:177,0
DA:183,0
DA:184,0
DA:185,0
DA:187,0
DA:191,0
DA:192,0
DA:193,0
DA:197,0
DA:198,0
DA:201,0
DA:202,0
DA:203,0
DA:206,0
DA:208,0
DA:209,0
DA:212,0
DA:213,0
DA:214,0
DA:216,0
DA:217,0
DA:219,0
DA:222,0
DA:223,0
DA:224,0
DA:225,0
DA:230,0
DA:231,0
DA:232,0
DA:235,0
DA:236,0
DA:237,0
DA:241,0
DA:245,0
DA:251,0
DA:252,0
DA:255,0
DA:258,0
DA:259,0
DA:261,0
DA:262,0
DA:263,0
DA:264,0
DA:265,0
DA:266,0
DA:267,0
DA:268,0
DA:269,0
DA:270,0
DA:271,0
DA:272,0
DA:282,0
DA:283,0
DA:287,0
DA:288,0
DA:289,0
DA:290,0
DA:291,0
DA:292,0
DA:295,0
DA:297,0
DA:299,0
DA:301,0
DA:302,0
DA:305,0
DA:310,0
DA:311,0
DA:322,0
DA:323,0
DA:334,0
DA:336,0
DA:338,0
DA:339,0
DA:340,0
DA:347,0
DA:348,0
DA:353,0
DA:354,0
DA:355,0
DA:363,0
DA:372,0
DA:373,0
DA:375,0
DA:376,0
DA:377,0
DA:381,0
DA:383,0
DA:385,0
DA:386,0
DA:399,0
DA:401,0
DA:403,0
DA:407,0
DA:408,0
DA:410,0
DA:411,0
DA:420,0
DA:421,0
DA:422,0
DA:425,0
DA:426,0
DA:427,0
DA:428,0
DA:430,0
LF:116
LH:3
end_of_record
SF:lib/games/teen_patti/teen_patti_screen.dart
DA:33,0
DA:35,0
DA:36,0
DA:55,0
DA:56,0
DA:61,0
DA:65,0
DA:68,0
DA:71,0
DA:74,0
DA:78,0
DA:81,0
DA:84,0
DA:92,0
DA:94,0
DA:95,0
DA:98,0
DA:100,0
DA:103,0
DA:104,0
DA:105,0
DA:106,0
DA:110,0
DA:112,0
DA:114,0
DA:115,0
DA:116,0
DA:122,0
DA:123,0
DA:124,0
DA:125,0
DA:126,0
DA:135,0
DA:137,0
DA:139,0
DA:153,0
DA:154,0
DA:157,0
DA:158,0
DA:159,0
DA:161,0
DA:162,0
DA:163,0
DA:165,0
DA:166,0
DA:167,0
DA:168,0
DA:171,0
DA:172,0
DA:174,0
DA:176,0
DA:179,0
DA:180,0
DA:181,0
DA:184,0
DA:186,0
DA:187,0
DA:188,0
DA:192,0
DA:193,0
DA:194,0
DA:202,0
DA:203,0
DA:204,0
DA:205,0
DA:206,0
DA:211,0
DA:214,0
DA:218,0
DA:219,0
DA:220,0
DA:221,0
DA:222,0
DA:225,0
DA:228,0
DA:229,0
DA:230,0
DA:231,0
DA:232,0
DA:237,0
DA:240,0
DA:241,0
DA:242,0
DA:243,0
DA:245,0
DA:247,0
DA:249,0
DA:257,0
DA:258,0
DA:260,0
DA:263,0
DA:264,0
DA:266,0
DA:267,0
DA:268,0
DA:269,0
DA:271,0
DA:275,0
DA:276,0
DA:277,0
DA:278,0
DA:279,0
DA:288,0
DA:289,0
DA:291,0
DA:311,0
DA:316,0
DA:317,0
DA:319,0
DA:320,0
DA:321,0
DA:322,0
DA:324,0
DA:326,0
DA:327,0
DA:333,0
DA:334,0
DA:345,0
DA:346,0
DA:348,0
DA:349,0
DA:350,0
DA:352,0
DA:353,0
DA:359,0
DA:360,0
DA:362,0
DA:364,0
DA:366,0
DA:367,0
DA:368,0
DA:369,0
DA:372,0
DA:374,0
DA:375,0
DA:376,0
DA:377,0
DA:379,0
DA:384,0
DA:390,0
DA:397,0
DA:398,0
DA:399,0
DA:400,0
DA:402,0
DA:404,0
DA:412,0
DA:413,0
DA:416,0
DA:417,0
DA:418,0
DA:419,0
DA:420,0
DA:421,0
DA:423,0
DA:425,0
DA:431,0
DA:433,0
DA:435,0
DA:437,0
DA:442,0
DA:443,0
DA:450,0
DA:451,0
DA:454,0
DA:455,0
DA:457,0
DA:463,0
DA:464,0
DA:466,0
DA:467,0
DA:468,0
DA:469,0
DA:470,0
DA:473,0
DA:474,0
DA:476,0
DA:477,0
DA:478,0
DA:479,0
DA:481,0
DA:485,0
DA:486,0
DA:488,0
DA:489,0
DA:490,0
DA:491,0
DA:497,0
DA:498,0
DA:501,0
DA:503,0
DA:504,0
DA:505,0
DA:506,0
DA:512,0
DA:514,0
DA:515,0
DA:516,0
DA:517,0
DA:518,0
DA:523,0
DA:524,0
DA:525,0
DA:526,0
DA:535,0
DA:536,0
DA:539,0
DA:540,0
DA:541,0
DA:545,0
DA:546,0
DA:548,0
DA:549,0
DA:551,0
DA:558,0
DA:563,0
DA:564,0
DA:565,0
DA:567,0
DA:569,0
DA:570,0
DA:571,0
DA:572,0
DA:575,0
DA:577,0
DA:579,0
DA:580,0
DA:582,0
DA:583,0
DA:584,0
DA:585,0
DA:588,0
DA:589,0
DA:590,0
DA:591,0
DA:592,0
DA:594,0
DA:595,0
DA:596,0
DA:598,0
DA:599,0
DA:608,0
DA:610,0
DA:612,0
DA:614,0
DA:615,0
DA:618,0
DA:627,0
DA:628,0
DA:629,0
DA:633,0
DA:635,0
DA:636,0
DA:638,0
DA:647,0
DA:648,0
DA:649,0
DA:652,0
DA:665,0
DA:666,0
DA:669,0
DA:670,0
DA:673,0
DA:676,0
DA:678,0
DA:679,0
DA:681,0
DA:682,0
DA:688,0
DA:690,0
DA:697,0
DA:699,0
DA:700,0
DA:704,0
DA:705,0
DA:706,0
DA:722,0
DA:723,0
DA:724,0
DA:728,0
DA:730,0
DA:732,0
DA:733,0
DA:735,0
DA:738,0
DA:742,0
DA:743,0
DA:744,0
DA:748,0
DA:750,0
DA:752,0
DA:753,0
DA:756,0
DA:757,0
DA:760,0
DA:764,0
DA:765,0
DA:766,0
DA:770,0
DA:772,0
DA:774,0
DA:775,0
DA:777,0
DA:780,0
DA:784,0
DA:785,0
DA:786,0
DA:790,0
DA:792,0
DA:794,0
DA:795,0
DA:797,0
DA:800,0
LF:313
LH:0
end_of_record
SF:lib/games/teen_patti/teen_patti_game.dart
DA:32,2
DA:41,0
DA:43,1
DA:44,2
DA:45,1
DA:46,1
DA:47,1
DA:53,0
DA:56,0
DA:59,2
DA:62,2
DA:65,0
DA:68,1
DA:92,0
DA:93,0
DA:95,0
DA:96,0
DA:98,0
DA:100,0
DA:102,0
DA:103,0
DA:105,0
DA:106,0
DA:109,2
DA:110,2
DA:111,0
DA:113,2
DA:115,12
DA:116,0
DA:117,0
DA:121,4
DA:122,4
DA:123,4
DA:125,6
DA:126,8
DA:127,2
DA:128,4
DA:132,2
DA:133,2
DA:134,2
DA:137,1
DA:139,1
DA:140,1
DA:141,2
DA:144,3
DA:145,1
DA:149,5
DA:150,3
DA:151,2
DA:155,5
DA:156,4
DA:157,6
DA:160,1
DA:161,1
DA:162,1
DA:163,1
DA:166,0
DA:168,0
DA:171,0
DA:173,0
DA:174,0
DA:178,1
DA:179,2
DA:180,1
DA:181,1
DA:185,0
DA:186,0
DA:188,0
DA:189,0
DA:192,0
DA:193,0
DA:195,0
DA:198,0
DA:199,0
DA:202,0
DA:203,0
DA:208,0
DA:210,0
DA:213,0
DA:217,0
DA:218,0
DA:221,0
DA:222,0
DA:228,0
DA:229,0
DA:232,0
DA:235,0
DA:237,0
DA:238,0
DA:241,0
DA:246,0
DA:247,0
DA:249,0
DA:250,0
DA:253,0
DA:257,0
DA:258,0
DA:259,0
DA:261,0
DA:264,0
DA:267,0
DA:268,0
DA:272,0
DA:273,0
DA:275,0
DA:277,0
DA:280,0
DA:281,0
DA:286,0
DA:287,0
DA:289,0
DA:290,0
DA:293,0
DA:294,0
DA:296,0
DA:297,0
DA:301,0
DA:302,0
DA:305,0
DA:306,0
DA:311,0
DA:312,0
DA:313,0
DA:315,0
DA:319,0
DA:320,0
DA:321,0
DA:323,0
DA:327,0
DA:328,0
DA:330,0
DA:331,0
DA:332,0
DA:333,0
DA:337,0
DA:343,0
DA:348,0
DA:349,0
DA:351,0
DA:353,0
DA:356,0
DA:357,0
DA:359,0
DA:360,0
DA:362,0
DA:363,0
DA:365,0
DA:368,0
DA:374,1
DA:376,3
DA:379,0
DA:384,0
DA:385,0
DA:386,0
DA:387,0
DA:391,3
DA:394,0
DA:395,0
LF:158
LH:46
end_of_record
SF:lib/games/in_between/in_between_game.dart
DA:31,0
DA:34,0
DA:37,2
DA:40,2
DA:43,0
DA:46,0
DA:66,0
DA:67,0
DA:69,2
DA:71,10
DA:73,0
DA:74,0
DA:76,0
DA:77,0
DA:80,2
DA:81,0
DA:82,0
DA:83,0
DA:84,0
DA:87,3
DA:89,2
DA:91,12
DA:92,0
DA:93,0
DA:97,4
DA:98,4
DA:99,4
DA:101,4
DA:102,4
DA:105,2
DA:106,2
DA:107,2
DA:110,2
DA:112,2
DA:113,2
DA:116,6
DA:117,0
DA:121,6
DA:122,6
DA:123,2
DA:124,2
DA:127,4
DA:128,4
DA:129,4
DA:131,2
DA:133,2
DA:134,4
DA:135,2
DA:139,2
DA:142,2
DA:145,4
DA:146,4
DA:147,2
DA:148,6
DA:149,4
DA:150,0
DA:152,0
DA:153,0
DA:159,2
DA:161,2
DA:165,8
DA:168,2
DA:170,4
DA:171,0
DA:172,0
DA:176,0
DA:178,0
DA:179,0
DA:183,1
DA:185,2
DA:188,7
DA:189,1
DA:192,3
DA:193,5
DA:199,0
DA:200,0
DA:201,0
DA:203,0
DA:204,0
DA:206,0
DA:208,0
DA:209,0
DA:215,0
DA:216,0
DA:217,0
DA:220,0
DA:221,0
DA:223,0
DA:224,0
DA:225,0
DA:226,0
DA:229,0
DA:231,0
DA:232,0
DA:233,0
DA:234,0
DA:239,0
DA:241,0
DA:242,0
DA:247,0
DA:248,0
DA:249,0
DA:255,2
DA:256,2
DA:257,2
DA:259,2
DA:261,1
DA:263,1
DA:266,0
DA:271,2
DA:272,4
DA:274,4
DA:275,4
DA:278,4
DA:281,4
DA:283,2
DA:286,0
DA:289,0
DA:292,0
DA:297,0
DA:303,0
DA:304,0
DA:305,0
DA:306,0
DA:313,0
DA:314,0
DA:316,0
DA:317,0
DA:319,1
DA:321,6
DA:322,1
DA:323,1
DA:327,1
DA:328,1
DA:329,1
LF:135
LH:69
end_of_record
SF:lib/games/teen_patti/teen_patti_hand.dart
DA:26,0
DA:27,0
DA:28,0
DA:30,0
DA:33,0
DA:35,0
DA:36,0
DA:38,0
DA:39,0
DA:40,0
DA:42,0
DA:43,0
DA:44,0
DA:46,0
DA:47,0
DA:48,0
DA:49,0
DA:53,0
DA:55,0
DA:57,0
DA:59,0
DA:61,0
DA:62,0
DA:64,0
DA:66,0
DA:68,0
DA:70,0
DA:71,0
DA:73,0
DA:76,0
DA:77,0
DA:81,0
DA:82,0
DA:85,0
DA:90,0
DA:97,0
DA:100,0
DA:102,0
DA:104,0
DA:106,0
DA:109,0
DA:113,0
DA:115,0
DA:118,0
DA:122,0
DA:126,0
DA:128,0
DA:129,0
DA:130,0
DA:134,0
DA:138,0
DA:139,0
DA:140,0
DA:142,0
DA:144,0
DA:146,0
DA:148,0
DA:150,0
DA:155,0
DA:157,0
DA:158,0
DA:165,0
DA:166,0
DA:167,0
DA:169,0
DA:170,0
DA:172,0
DA:173,0
DA:174,0
DA:176,0
DA:177,0
DA:178,0
DA:180,0
LF:73
LH:0
end_of_record
SF:lib/games/marriage/widgets/maal_indicator.dart
DA:15,1
DA:26,1
DA:27,1
DA:33,1
DA:35,3
DA:37,1
DA:38,0
DA:39,1
DA:42,1
DA:44,1
DA:46,1
DA:47,2
DA:48,1
DA:49,0
DA:50,1
DA:51,1
DA:52,2
DA:53,2
DA:55,2
DA:56,1
DA:57,1
DA:58,1
DA:63,0
DA:65,1
DA:67,1
DA:68,1
DA:69,2
DA:70,2
DA:74,1
DA:75,3
DA:82,4
DA:83,2
DA:94,1
DA:95,1
DA:104,2
DA:105,1
DA:108,1
DA:109,2
DA:110,1
DA:127,3
DA:130,1
DA:131,0
DA:134,0
DA:135,0
DA:136,0
DA:137,0
DA:139,0
DA:142,0
DA:143,0
DA:144,0
DA:145,0
DA:146,0
DA:147,0
DA:148,0
DA:149,0
DA:150,0
DA:151,0
DA:152,0
DA:155,0
DA:161,0
DA:162,0
DA:164,0
DA:166,0
DA:167,0
DA:172,0
DA:173,0
LF:66
LH:38
end_of_record
SF:lib/core/services/ab_testing_service.dart
DA:14,3
DA:15,2
DA:16,1
DA:24,0
DA:26,0
DA:30,0
DA:38,0
DA:39,0
DA:42,0
DA:44,0
DA:45,0
DA:54,0
DA:62,0
DA:63,0
DA:65,0
DA:67,0
DA:68,0
DA:76,1
DA:78,2
DA:79,2
DA:83,0
DA:84,2
DA:89,0
DA:92,0
DA:93,0
DA:94,0
DA:99,0
DA:102,0
DA:106,0
DA:107,0
DA:108,0
DA:111,0
DA:114,0
DA:115,0
DA:116,0
DA:117,0
DA:118,0
DA:119,0
DA:123,0
DA:127,0
DA:129,0
DA:130,0
DA:131,0
DA:132,0
DA:140,0
DA:141,0
DA:143,0
DA:144,0
DA:145,0
DA:147,0
DA:151,0
DA:156,0
DA:159,0
DA:162,0
DA:168,0
DA:171,0
DA:176,0
DA:177,0
DA:181,0
DA:186,0
DA:189,0
DA:190,0
DA:191,0
DA:197,1
DA:198,1
DA:200,1
DA:208,2
DA:209,2
DA:216,1
DA:217,2
DA:221,1
DA:223,2
DA:227,1
DA:228,2
DA:233,0
LF:75
LH:18
end_of_record
SF:lib/core/services/sentry_service.dart
DA:16,2
DA:19,0
DA:20,0
DA:21,0
DA:25,0
DA:26,0
DA:27,0
DA:28,0
DA:29,0
DA:30,0
DA:31,0
DA:34,0
DA:36,0
DA:37,0
DA:38,0
DA:39,0
DA:40,0
DA:41,0
DA:42,0
DA:45,0
DA:47,0
DA:51,0
DA:55,1
DA:56,1
DA:59,0
DA:60,0
DA:61,0
DA:62,0
DA:68,0
DA:69,0
DA:75,1
DA:81,1
DA:82,3
DA:86,0
DA:89,0
DA:91,0
DA:94,0
DA:95,0
DA:103,1
DA:108,1
DA:109,3
DA:113,0
DA:116,0
DA:118,0
DA:119,0
DA:127,1
DA:133,1
DA:135,0
DA:136,0
DA:141,0
DA:147,1
DA:148,1
DA:149,0
LF:53
LH:13
end_of_record
SF:lib/core/services/event_tracker.dart
DA:8,3
DA:9,2
DA:10,1
DA:16,0
DA:19,0
DA:21,0
DA:25,1
DA:27,0
DA:33,1
DA:40,2
DA:41,1
DA:42,1
DA:43,1
DA:44,1
DA:45,1
DA:50,1
DA:58,2
DA:59,1
DA:60,1
DA:61,1
DA:62,1
DA:63,1
DA:64,1
DA:69,1
DA:73,2
DA:82,1
DA:88,0
DA:89,0
DA:90,0
DA:91,0
DA:93,0
DA:96,0
DA:101,1
DA:107,0
DA:108,0
DA:110,0
DA:115,1
DA:122,0
DA:125,0
DA:126,0
DA:139,1
DA:142,2
DA:146,1
DA:150,2
DA:157,1
DA:160,2
DA:164,1
DA:168,2
DA:177,1
DA:181,2
DA:182,1
DA:184,1
DA:189,1
DA:193,2
DA:200,1
DA:206,0
DA:207,0
DA:217,1
DA:223,2
DA:224,1
DA:225,2
DA:227,2
DA:229,1
DA:230,1
DA:237,1
DA:246,0
DA:249,0
DA:250,0
DA:256,0
DA:258,0
DA:261,0
DA:267,0
DA:274,0
DA:275,0
DA:276,0
DA:277,0
DA:278,0
DA:284,0
LF:78
LH:47
end_of_record
