SF:lib/core/widgets/game_card_graphic.dart
DA:37,1
DA:46,1
DA:47,1
DA:48,1
DA:50,1
DA:52,0
DA:54,0
DA:59,1
DA:60,1
DA:61,1
DA:62,1
DA:63,1
DA:64,0
DA:65,0
DA:66,0
DA:70,1
DA:71,1
DA:72,1
DA:74,1
DA:76,1
DA:78,1
DA:80,1
DA:82,1
DA:84,1
DA:86,1
DA:88,1
DA:90,1
DA:92,1
DA:94,1
DA:96,1
DA:101,1
DA:102,2
DA:103,2
DA:104,2
DA:107,1
DA:109,1
DA:110,0
DA:112,1
DA:115,0
DA:116,0
DA:117,0
DA:118,0
DA:119,0
DA:121,0
DA:122,0
DA:123,0
DA:124,0
DA:125,0
DA:131,0
DA:132,0
DA:133,0
DA:134,0
DA:135,0
DA:137,0
DA:138,0
DA:148,1
DA:149,1
DA:150,1
DA:151,1
DA:152,1
DA:154,1
DA:155,2
DA:156,1
DA:157,1
DA:158,1
DA:164,1
DA:165,1
DA:167,2
DA:169,0
DA:172,0
DA:174,0
DA:175,0
DA:176,0
DA:177,0
DA:178,0
DA:179,0
DA:184,0
DA:185,0
DA:186,0
DA:187,0
DA:188,0
DA:196,0
DA:199,0
DA:201,0
DA:203,0
DA:204,0
DA:205,0
DA:206,0
DA:207,0
DA:208,0
DA:213,0
DA:214,0
DA:215,0
DA:216,0
DA:217,0
DA:227,1
DA:228,1
DA:229,1
DA:230,1
DA:231,1
DA:232,4
DA:240,1
DA:242,1
DA:243,2
DA:244,2
DA:245,1
DA:246,2
DA:247,1
DA:249,1
DA:251,1
DA:253,1
DA:254,1
DA:255,1
DA:256,1
DA:257,1
DA:258,2
DA:263,1
DA:264,1
DA:265,1
DA:266,1
DA:267,2
DA:284,1
DA:291,1
DA:293,1
DA:295,1
DA:297,0
DA:298,0
DA:299,0
DA:309,1
DA:310,2
DA:311,1
DA:313,1
DA:314,1
DA:315,1
DA:316,1
DA:317,0
DA:318,1
DA:319,1
DA:320,0
DA:321,0
DA:323,0
DA:328,1
DA:329,1
DA:330,2
DA:331,2
DA:332,1
DA:334,1
DA:336,1
DA:338,1
DA:339,1
DA:340,1
DA:349,1
DA:351,1
DA:353,1
DA:367,0
DA:368,0
DA:369,0
DA:370,0
DA:371,0
DA:372,0
DA:375,0
DA:376,0
DA:383,1
DA:384,1
DA:385,2
DA:386,2
DA:387,1
DA:389,1
DA:391,1
DA:393,1
DA:394,1
DA:395,1
DA:398,1
DA:399,1
DA:404,1
DA:405,1
DA:407,1
DA:416,1
DA:418,1
DA:420,1
DA:423,1
DA:424,1
DA:434,0
DA:435,0
DA:436,0
DA:437,0
DA:438,0
DA:440,0
DA:442,0
DA:444,0
DA:445,0
DA:446,0
DA:455,0
DA:457,0
DA:459,0
LF:195
LH:117
end_of_record
SF:lib/features/ledger/services/settlement_service.dart
DA:8,1
DA:14,0
DA:15,0
DA:16,0
DA:17,0
DA:18,0
DA:22,0
DA:23,0
DA:24,0
DA:25,0
DA:26,0
DA:31,0
DA:40,1
DA:64,2
DA:66,4
DA:67,2
DA:71,1
DA:73,2
DA:74,3
DA:75,1
DA:79,4
DA:80,1
DA:83,0
DA:84,0
DA:88,1
DA:89,1
DA:91,2
DA:92,1
DA:93,2
DA:94,1
DA:95,2
DA:100,1
DA:105,4
DA:106,2
DA:107,2
DA:109,2
DA:110,2
DA:113,2
DA:114,1
DA:117,1
DA:118,1
DA:126,3
DA:127,3
DA:130,4
DA:131,4
LF:45
LH:32
end_of_record
SF:lib/features/game/logic/call_break_logic.dart
DA:7,2
DA:8,4
DA:10,4
DA:12,6
DA:13,4
DA:14,2
DA:16,2
DA:18,2
DA:23,2
DA:27,2
DA:32,2
DA:34,4
DA:35,2
DA:38,2
DA:40,8
DA:43,4
DA:45,2
DA:52,1
DA:53,1
DA:54,2
DA:55,4
LF:21
LH:21
end_of_record
SF:lib/features/game/models/game_state.dart
DA:18,0
DA:29,0
DA:30,0
DA:36,2
DA:44,0
DA:47,0
DA:50,0
DA:51,0
DA:53,0
DA:57,0
DA:58,0
DA:61,0
DA:62,0
DA:63,0
DA:75,0
DA:76,0
LF:16
LH:1
end_of_record
SF:lib/features/game/models/game_state.g.dart
DA:9,0
DA:10,0
DA:11,0
DA:14,0
DA:15,0
DA:16,0
DA:19,0
DA:20,0
DA:21,0
DA:24,0
DA:25,0
DA:27,0
DA:28,0
DA:29,0
DA:30,0
DA:31,0
DA:32,0
DA:35,0
DA:36,0
DA:37,0
DA:38,0
DA:48,0
DA:49,0
DA:50,0
DA:51,0
DA:54,0
DA:55,0
DA:56,0
DA:57,0
LF:29
LH:0
end_of_record
SF:lib/core/card_engine/pile.dart
DA:22,21
DA:25,18
DA:28,9
DA:31,0
DA:34,33
DA:37,12
DA:40,45
DA:43,2
DA:44,2
DA:45,8
DA:46,6
DA:52,20
DA:55,12
DA:61,9
DA:63,9
DA:64,45
DA:65,18
DA:66,18
DA:67,36
DA:68,18
DA:73,33
LF:21
LH:20
end_of_record
SF:lib/core/card_engine/deck.dart
DA:26,11
DA:27,11
DA:31,8
DA:34,2
DA:38,6
DA:39,6
DA:40,5
DA:42,4
DA:45,11
DA:46,11
DA:48,44
DA:50,22
DA:51,22
DA:52,22
DA:57,22
DA:58,18
DA:59,24
DA:65,9
DA:66,9
DA:67,9
DA:71,7
DA:72,21
DA:74,14
DA:75,14
DA:76,7
DA:78,14
LF:26
LH:26
end_of_record
SF:lib/core/card_engine/meld.dart
DA:25,8
DA:34,0
DA:37,0
DA:38,0
DA:42,0
DA:48,0
DA:49,0
DA:50,0
DA:51,0
DA:52,0
DA:53,0
DA:54,0
DA:55,0
DA:56,0
DA:58,0
DA:59,0
DA:60,0
DA:61,0
DA:62,0
DA:63,0
DA:70,12
DA:72,3
DA:74,9
DA:77,9
DA:78,15
DA:82,2
DA:83,4
DA:84,12
DA:88,4
DA:89,8
DA:97,0
DA:103,14
DA:105,5
DA:107,15
DA:110,15
DA:111,25
DA:114,8
DA:115,28
DA:119,12
DA:120,36
DA:130,0
DA:132,0
DA:133,0
DA:134,0
DA:135,0
DA:136,0
DA:141,0
DA:142,0
DA:144,0
DA:145,0
DA:147,0
DA:148,0
DA:160,0
DA:167,5
DA:168,5
DA:170,2
DA:172,6
DA:174,2
DA:176,9
DA:181,5
DA:182,2
DA:185,0
DA:186,0
DA:192,3
DA:193,3
DA:195,1
DA:197,3
DA:198,2
DA:200,10
DA:203,5
DA:207,0
DA:216,0
DA:217,0
DA:219,0
DA:221,0
DA:225,0
DA:227,0
DA:230,0
DA:231,0
DA:233,0
DA:234,0
DA:236,0
DA:237,0
DA:243,0
DA:244,0
DA:251,4
DA:255,4
DA:256,4
DA:259,28
DA:261,12
DA:262,8
DA:265,7
DA:266,18
DA:269,8
DA:270,18
DA:273,16
DA:274,12
DA:275,8
DA:283,0
DA:289,0
DA:291,0
DA:295,0
DA:296,0
DA:297,0
DA:306,2
DA:307,2
DA:308,2
DA:310,2
DA:311,0
DA:312,2
DA:313,8
DA:316,2
DA:318,6
DA:319,4
DA:321,8
DA:324,6
DA:325,2
DA:326,8
DA:327,2
DA:329,2
DA:332,4
DA:333,8
DA:336,4
DA:337,4
DA:338,4
DA:339,4
DA:341,2
DA:342,10
DA:346,14
DA:347,6
DA:348,6
DA:349,4
DA:352,6
DA:357,0
DA:366,1
DA:367,1
DA:368,1
DA:370,1
DA:371,0
DA:372,1
DA:373,4
DA:376,1
DA:378,3
DA:379,2
DA:380,4
DA:383,3
DA:384,1
DA:385,4
DA:386,1
DA:388,1
DA:391,2
DA:392,4
DA:395,0
DA:402,6
DA:403,6
DA:404,6
DA:406,12
DA:407,30
DA:410,12
DA:411,12
DA:412,8
DA:413,4
DA:414,3
DA:423,6
DA:424,6
DA:425,6
DA:427,12
DA:428,30
DA:431,12
DA:432,12
DA:434,6
DA:435,42
DA:439,18
DA:441,12
DA:442,54
DA:444,10
DA:445,6
DA:446,6
DA:447,12
DA:458,6
DA:459,6
DA:460,6
DA:462,12
DA:463,30
DA:464,24
DA:467,12
DA:468,12
DA:470,8
DA:471,4
DA:473,2
DA:474,4
DA:475,2
DA:476,6
DA:477,2
DA:479,2
DA:481,4
DA:490,7
DA:491,7
DA:492,7
DA:494,14
DA:495,35
DA:496,28
DA:499,14
DA:501,14
DA:512,10
DA:514,8
DA:515,8
DA:517,10
DA:518,10
DA:528,6
DA:529,6
DA:530,12
DA:531,12
DA:532,12
DA:533,12
DA:534,12
DA:538,6
DA:539,6
DA:545,18
DA:546,15
DA:548,3
DA:549,15
DA:551,3
DA:552,15
DA:554,3
DA:555,15
DA:560,0
DA:561,0
DA:562,0
DA:563,0
DA:564,0
DA:565,0
DA:567,0
DA:568,0
DA:569,0
DA:577,3
DA:581,3
DA:582,3
DA:585,12
DA:586,12
DA:588,3
DA:591,2
DA:592,4
DA:593,10
DA:597,4
DA:598,2
DA:599,2
DA:601,14
DA:604,6
DA:605,6
DA:610,8
DA:611,2
DA:613,2
DA:617,6
DA:619,10
DA:620,2
DA:621,2
DA:622,4
DA:624,2
DA:625,4
DA:633,2
DA:634,4
DA:636,4
DA:637,2
DA:638,4
DA:648,3
DA:652,3
DA:653,3
DA:655,12
DA:656,12
DA:658,3
DA:661,2
DA:662,4
DA:663,10
DA:667,4
DA:668,2
DA:670,4
DA:672,0
DA:673,0
DA:674,0
DA:677,8
DA:679,3
DA:680,1
DA:681,2
DA:689,3
DA:690,3
DA:693,3
DA:694,15
DA:696,3
DA:699,3
DA:700,3
DA:703,3
DA:707,3
DA:708,6
DA:709,3
DA:713,3
DA:714,5
DA:715,2
DA:719,3
DA:720,4
DA:721,1
DA:730,3
DA:731,5
DA:732,2
DA:737,0
DA:738,0
DA:739,0
DA:743,0
DA:744,0
DA:745,0
DA:749,0
DA:750,0
DA:751,0
DA:758,3
DA:763,15
DA:764,24
DA:768,12
DA:769,3
DA:770,3
DA:773,3
DA:777,18
DA:778,9
DA:780,3
DA:781,6
DA:782,18
DA:783,9
DA:784,12
DA:785,15
DA:792,3
DA:796,18
DA:797,21
DA:799,3
DA:800,15
DA:801,6
DA:804,9
DA:805,12
DA:806,3
DA:807,15
DA:810,8
DA:811,27
DA:816,4
DA:822,3
DA:827,24
DA:828,3
DA:829,9
DA:831,1
DA:832,1
DA:833,2
DA:834,2
DA:837,4
DA:838,3
DA:839,5
DA:840,2
DA:846,3
DA:851,24
DA:852,3
DA:853,9
DA:855,2
DA:856,4
DA:857,12
DA:858,6
DA:864,0
DA:869,0
DA:870,0
DA:872,0
DA:873,0
DA:876,0
DA:877,0
DA:880,0
DA:883,0
DA:884,0
DA:886,0
DA:887,0
DA:889,0
DA:890,0
DA:893,0
DA:894,0
DA:895,0
DA:904,0
DA:909,0
DA:910,0
DA:913,0
DA:914,0
DA:916,0
DA:919,0
DA:924,0
DA:925,0
DA:926,0
DA:929,0
DA:930,0
DA:931,0
DA:932,0
DA:935,0
DA:936,0
DA:937,0
DA:939,0
DA:940,0
DA:942,0
DA:944,0
DA:950,0
DA:951,0
DA:953,0
DA:956,0
DA:958,0
DA:959,0
DA:960,0
DA:962,0
DA:966,0
DA:968,0
DA:969,0
DA:971,0
DA:972,0
DA:974,0
DA:980,0
DA:981,0
DA:982,0
DA:983,0
DA:985,0
DA:987,0
DA:988,0
DA:989,0
DA:1000,0
DA:1005,0
DA:1006,0
DA:1008,0
DA:1009,0
DA:1011,0
DA:1013,0
DA:1017,0
DA:1018,0
DA:1019,0
DA:1022,0
DA:1023,0
DA:1025,0
DA:1026,0
DA:1027,0
DA:1030,0
DA:1036,0
DA:1037,0
DA:1039,0
DA:1042,0
DA:1043,0
DA:1044,0
DA:1045,0
DA:1046,0
DA:1048,0
DA:1049,0
DA:1051,0
DA:1055,0
DA:1057,0
DA:1059,0
DA:1060,0
DA:1062,0
LF:453
LH:280
end_of_record
SF:lib/core/card_engine/player_strategy.dart
DA:12,4
DA:13,8
DA:14,8
DA:15,20
DA:16,4
DA:17,20
DA:19,4
DA:20,4
DA:24,0
DA:25,0
DA:26,0
DA:27,0
DA:28,0
DA:29,0
DA:31,0
DA:32,0
DA:64,0
DA:67,0
DA:70,0
DA:77,0
DA:78,0
DA:79,0
DA:82,0
DA:89,0
DA:92,0
DA:101,0
DA:104,0
DA:107,0
DA:114,0
DA:115,0
DA:116,0
DA:119,0
DA:127,0
DA:130,0
DA:133,0
DA:134,0
DA:140,0
DA:143,0
DA:146,0
DA:153,0
DA:156,0
DA:157,0
DA:159,0
DA:160,0
DA:161,0
DA:165,0
DA:166,0
DA:167,0
DA:168,0
DA:171,0
DA:174,0
DA:181,0
DA:182,0
DA:184,0
DA:187,0
DA:190,0
DA:191,0
LF:57
LH:8
end_of_record
SF:lib/core/models/playing_card.dart
DA:41,3
DA:44,2
DA:52,17
DA:61,0
DA:62,0
DA:65,16
DA:73,8
DA:74,68
DA:77,0
DA:80,28
DA:83,0
DA:85,0
DA:89,3
DA:91,3
DA:92,6
DA:93,3
DA:97,9
DA:98,10
DA:103,6
DA:108,4
DA:109,2
DA:115,4
DA:120,4
DA:121,2
LF:24
LH:19
end_of_record
SF:lib/core/models/playing_card.g.dart
DA:9,0
DA:10,0
DA:11,0
DA:12,0
DA:13,0
DA:16,0
DA:17,0
DA:18,0
DA:19,0
DA:20,0
DA:21,0
LF:11
LH:0
end_of_record
SF:lib/core/config/game_terminology.dart
DA:14,2
DA:18,0
DA:19,0
DA:23,1
DA:24,1
DA:25,1
DA:27,0
DA:32,0
DA:33,0
DA:34,0
DA:36,0
DA:41,0
DA:42,0
DA:44,0
DA:45,0
DA:47,0
DA:48,0
DA:49,0
DA:51,0
DA:56,0
DA:57,0
DA:58,0
DA:60,0
DA:65,0
DA:66,0
DA:68,0
DA:69,0
DA:70,0
DA:72,0
DA:77,0
DA:78,0
DA:79,0
DA:81,0
DA:86,0
DA:87,0
DA:88,0
DA:90,0
DA:95,0
DA:96,0
DA:97,0
DA:99,0
DA:106,0
DA:107,0
DA:108,0
DA:110,0
DA:115,0
DA:116,0
DA:117,0
DA:119,0
DA:124,0
DA:125,0
DA:126,0
DA:128,0
DA:133,0
DA:134,0
DA:135,0
DA:136,1
DA:137,0
DA:141,0
DA:142,0
DA:143,0
DA:145,0
DA:150,0
DA:151,0
DA:152,0
DA:153,0
DA:157,0
DA:158,0
DA:159,0
DA:160,0
DA:161,0
DA:165,0
DA:166,0
DA:167,0
DA:169,0
DA:174,0
DA:175,0
DA:176,0
DA:177,0
DA:179,0
DA:180,0
DA:185,0
DA:186,0
DA:190,0
DA:191,0
DA:192,0
DA:193,0
DA:197,0
DA:198,0
DA:199,0
DA:200,0
DA:201,0
DA:203,0
DA:208,0
DA:209,0
DA:210,0
DA:211,0
DA:212,0
DA:213,0
DA:217,0
DA:218,0
DA:219,0
DA:220,0
DA:224,0
DA:225,0
DA:226,0
DA:227,0
DA:228,0
DA:229,0
DA:230,0
DA:231,0
DA:232,0
DA:233,0
LF:113
LH:5
end_of_record
SF:lib/games/base_game.dart
DA:94,0
DA:96,0
DA:97,0
DA:98,0
DA:99,0
DA:100,0
DA:101,0
DA:102,0
DA:103,0
DA:104,0
DA:105,0
LF:11
LH:0
end_of_record
SF:lib/games/call_break/call_break_game.dart
DA:22,1
DA:24,1
DA:25,3
DA:28,4
DA:36,1
DA:41,0
DA:44,0
DA:47,0
DA:50,0
DA:53,0
DA:56,1
DA:91,0
DA:92,0
DA:94,0
DA:96,0
DA:97,0
DA:99,0
DA:100,0
DA:102,0
DA:104,0
DA:109,2
DA:111,1
DA:113,5
DA:115,1
DA:116,2
DA:118,0
DA:119,0
DA:122,0
DA:125,0
DA:128,3
DA:131,0
DA:134,0
DA:136,1
DA:138,2
DA:139,1
DA:142,2
DA:143,2
DA:144,2
DA:145,2
DA:146,2
DA:147,2
DA:149,2
DA:150,3
DA:151,2
DA:154,1
DA:155,1
DA:158,1
DA:160,2
DA:163,3
DA:164,1
DA:168,3
DA:169,4
DA:170,6
DA:171,5
DA:175,1
DA:177,2
DA:178,2
DA:179,2
DA:180,1
DA:181,1
DA:183,2
DA:184,2
DA:188,1
DA:189,2
DA:192,5
DA:194,1
DA:195,1
DA:199,1
DA:200,2
DA:201,2
DA:202,2
DA:203,2
DA:205,2
DA:206,1
DA:209,3
DA:210,1
DA:212,5
DA:219,3
DA:222,4
DA:224,1
DA:226,2
DA:227,2
DA:229,2
DA:230,2
DA:233,4
DA:238,2
DA:239,5
DA:242,2
DA:246,1
DA:247,0
DA:250,0
DA:258,1
DA:260,1
DA:261,0
DA:265,3
DA:266,3
DA:270,3
DA:271,2
DA:274,2
DA:275,1
DA:277,1
DA:282,1
DA:283,1
DA:284,1
DA:287,1
DA:288,7
DA:291,1
DA:292,5
DA:293,2
DA:296,2
DA:299,3
DA:302,2
DA:303,1
DA:308,1
DA:309,1
DA:312,2
DA:318,1
DA:319,1
DA:322,4
DA:326,4
DA:327,5
DA:332,4
DA:333,5
DA:340,1
DA:343,1
DA:344,1
DA:349,2
DA:350,2
DA:351,2
DA:353,1
DA:356,1
DA:357,7
DA:360,6
DA:364,2
DA:365,0
DA:369,0
DA:371,0
DA:374,0
DA:376,0
DA:382,0
DA:384,0
DA:385,0
DA:386,0
DA:387,0
DA:394,1
DA:395,2
DA:397,1
DA:399,3
DA:402,1
DA:404,6
DA:408,0
DA:409,0
DA:411,0
DA:415,1
DA:416,2
DA:418,2
DA:419,0
DA:422,4
DA:423,1
DA:427,2
DA:428,6
DA:430,1
DA:435,1
DA:443,3
DA:445,0
DA:447,3
DA:449,3
DA:451,3
DA:453,1
DA:454,3
DA:455,5
DA:456,1
DA:457,5
LF:173
LH:135
end_of_record
SF:lib/config/casino_theme.dart
DA:59,0
DA:62,0
DA:63,0
DA:64,0
DA:69,0
DA:70,0
DA:71,0
DA:77,0
DA:78,0
DA:79,0
DA:86,2
DA:90,1
DA:100,1
DA:103,2
DA:105,1
DA:106,1
DA:110,2
DA:118,0
DA:123,0
DA:124,0
DA:125,0
DA:126,0
DA:127,0
DA:130,0
DA:134,0
DA:135,0
DA:137,0
DA:138,0
DA:139,0
DA:142,0
DA:146,0
DA:150,0
DA:152,0
DA:153,0
DA:154,0
DA:155,0
DA:156,0
LF:37
LH:7
end_of_record
SF:lib/core/widgets/skeleton_loading.dart
DA:16,1
DA:23,1
DA:25,1
DA:26,1
DA:27,1
DA:29,1
DA:30,1
DA:31,1
DA:32,1
DA:34,2
DA:45,1
DA:47,1
DA:49,1
DA:50,1
DA:51,1
DA:53,1
DA:54,1
DA:55,1
DA:67,1
DA:69,0
DA:71,0
DA:74,0
DA:75,0
DA:76,0
DA:77,0
DA:79,0
DA:81,0
DA:83,0
DA:84,0
DA:87,0
DA:88,0
DA:102,0
DA:103,0
DA:105,0
DA:119,1
DA:121,1
DA:123,1
DA:126,1
DA:127,1
DA:128,1
DA:130,1
DA:131,1
DA:134,1
DA:135,1
DA:155,0
DA:157,0
DA:159,0
DA:160,0
DA:161,0
DA:162,0
DA:175,0
DA:177,0
DA:179,0
DA:180,0
DA:181,0
DA:183,0
DA:184,0
DA:186,0
DA:189,0
DA:190,0
DA:194,0
DA:195,0
DA:210,0
DA:212,0
DA:214,0
DA:216,0
DA:217,0
DA:218,0
DA:223,0
DA:224,0
DA:226,0
DA:228,0
DA:237,0
DA:239,0
DA:241,0
DA:254,0
DA:255,0
DA:257,0
DA:270,0
DA:272,0
DA:274,0
DA:276,0
DA:277,0
DA:279,0
DA:280,0
DA:293,0
DA:295,0
DA:297,0
DA:315,0
DA:317,0
DA:332,1
DA:334,1
DA:336,1
DA:338,1
DA:345,1
DA:346,1
DA:347,1
DA:349,1
DA:352,1
DA:353,1
DA:354,1
DA:355,1
DA:356,1
DA:360,1
DA:361,1
DA:363,1
DA:365,1
DA:383,1
DA:397,1
DA:398,1
DA:401,1
LF:111
LH:50
end_of_record
SF:lib/features/onboarding/onboarding_screen.dart
DA:18,1
DA:20,1
DA:21,1
DA:65,1
DA:67,2
DA:68,1
DA:71,0
DA:72,0
DA:73,0
DA:76,0
DA:77,0
DA:79,0
DA:80,0
DA:84,0
DA:85,0
DA:86,0
DA:88,0
DA:89,0
DA:94,0
DA:98,1
DA:100,1
DA:102,1
DA:106,1
DA:107,1
DA:108,1
DA:110,1
DA:112,1
DA:114,1
DA:115,1
DA:125,1
DA:126,1
DA:127,1
DA:128,2
DA:129,0
DA:130,0
DA:131,0
DA:133,1
DA:134,3
DA:140,1
DA:142,1
DA:144,4
DA:145,2
DA:146,1
DA:151,1
DA:153,1
DA:155,1
DA:156,1
DA:157,1
DA:171,1
DA:174,1
DA:175,1
DA:176,1
DA:179,1
DA:185,1
DA:186,1
DA:187,1
DA:188,1
DA:196,1
DA:198,1
DA:199,1
DA:200,5
DA:210,1
DA:211,5
DA:220,3
DA:221,3
DA:230,1
DA:231,1
DA:233,1
DA:235,1
DA:237,1
DA:239,1
DA:241,1
DA:242,1
DA:243,1
DA:244,2
DA:250,3
DA:252,1
DA:253,3
DA:254,1
DA:255,3
DA:256,1
DA:259,1
DA:266,1
DA:267,1
DA:275,4
DA:280,1
DA:281,1
DA:282,1
DA:283,1
DA:288,3
DA:293,1
DA:294,1
DA:301,3
DA:315,1
LF:94
LH:78
end_of_record
SF:lib/features/tournament/tournament_model.dart
DA:30,0
DA:55,0
DA:56,0
DA:59,0
DA:60,0
DA:61,0
DA:64,0
DA:67,0
DA:68,0
DA:69,0
DA:70,0
DA:71,0
DA:78,1
DA:97,0
DA:98,0
DA:101,2
DA:104,0
DA:118,0
DA:132,0
DA:133,0
DA:139,0
DA:152,0
DA:153,0
LF:23
LH:2
end_of_record
SF:lib/features/tournament/tournament_model.g.dart
DA:9,0
DA:10,0
DA:11,0
DA:12,0
DA:13,0
DA:14,0
DA:15,0
DA:16,0
DA:18,0
DA:20,0
DA:21,0
DA:22,0
DA:23,0
DA:24,0
DA:26,0
DA:27,0
DA:29,0
DA:30,0
DA:32,0
DA:34,0
DA:35,0
DA:36,0
DA:39,0
DA:40,0
DA:41,0
DA:43,0
DA:44,0
DA:45,0
DA:47,0
DA:50,0
DA:51,0
DA:52,0
DA:53,0
DA:54,0
DA:55,0
DA:56,0
DA:57,0
DA:58,0
DA:59,0
DA:60,0
DA:61,0
DA:62,0
DA:63,0
DA:64,0
DA:65,0
DA:66,0
DA:67,0
DA:68,0
DA:69,0
DA:70,0
DA:71,0
DA:88,0
DA:89,0
DA:90,0
DA:91,0
DA:92,0
DA:93,0
DA:94,0
DA:95,0
DA:96,0
DA:97,0
DA:98,0
DA:99,0
DA:100,0
DA:102,0
DA:104,0
DA:106,0
DA:107,0
DA:109,0
DA:112,0
DA:113,0
DA:114,0
DA:115,0
DA:116,0
DA:117,0
DA:118,0
DA:119,0
DA:120,0
DA:121,0
DA:122,0
DA:123,0
DA:124,0
DA:125,0
DA:126,0
DA:127,0
DA:137,0
DA:139,0
DA:140,0
DA:141,0
DA:142,0
DA:143,0
DA:144,0
DA:145,0
DA:146,0
DA:147,0
DA:148,0
DA:151,0
DA:153,0
DA:154,0
DA:155,0
DA:156,0
DA:157,0
DA:158,0
DA:159,0
DA:160,0
DA:161,0
DA:162,0
DA:165,0
DA:166,0
DA:167,0
DA:168,0
DA:169,0
DA:170,0
DA:171,0
DA:172,0
DA:173,0
DA:174,0
DA:177,0
DA:178,0
DA:179,0
DA:180,0
DA:181,0
DA:182,0
DA:183,0
DA:184,0
DA:185,0
DA:186,0
LF:127
LH:0
end_of_record
SF:lib/features/tournament/widgets/bracket_view.dart
DA:15,1
DA:17,1
DA:20,1
DA:21,2
DA:22,5
DA:25,3
DA:27,1
DA:30,1
DA:32,1
DA:33,2
DA:34,1
DA:36,1
DA:37,2
DA:39,2
DA:40,0
DA:41,0
DA:57,1
DA:63,1
DA:65,1
DA:67,1
DA:68,1
DA:69,1
DA:71,1
DA:72,3
DA:73,1
DA:75,1
DA:77,1
DA:79,3
DA:82,5
DA:84,2
DA:85,2
DA:87,1
DA:98,1
DA:100,1
DA:102,3
DA:103,3
DA:105,1
DA:108,1
DA:109,1
DA:110,1
DA:117,1
DA:118,1
DA:126,1
DA:127,1
DA:128,1
DA:133,1
DA:134,1
DA:140,1
DA:141,1
DA:143,1
DA:145,1
DA:151,1
DA:153,1
DA:154,1
DA:155,3
DA:164,1
DA:169,1
DA:171,1
DA:182,3
DA:183,2
DA:185,1
DA:194,1
DA:195,2
DA:196,2
DA:197,5
DA:200,2
DA:202,1
DA:203,2
DA:204,2
DA:205,5
DA:207,2
DA:211,5
DA:222,1
DA:230,1
DA:232,1
DA:234,2
DA:235,1
DA:237,1
DA:238,1
DA:239,2
DA:240,1
DA:244,1
DA:245,1
DA:246,1
DA:247,1
DA:248,1
DA:249,1
DA:250,1
DA:255,2
DA:256,1
DA:257,2
DA:258,1
DA:260,1
LF:93
LH:91
end_of_record
SF:lib/config/visual_effects.dart
DA:13,2
DA:22,2
DA:23,2
DA:32,2
DA:34,2
DA:36,4
DA:39,2
DA:41,4
DA:44,2
DA:46,2
DA:49,2
DA:50,2
DA:51,10
DA:52,2
DA:53,2
DA:54,2
DA:55,6
DA:56,6
DA:57,6
DA:58,6
DA:59,2
DA:64,2
DA:66,4
DA:67,4
DA:68,2
DA:71,2
DA:73,2
DA:74,4
DA:75,1
DA:76,1
DA:79,1
DA:88,2
DA:89,2
DA:91,2
DA:92,2
DA:93,2
DA:94,2
DA:95,2
DA:96,2
DA:97,4
DA:98,4
DA:99,4
DA:100,4
DA:108,2
DA:109,2
DA:110,2
DA:111,2
DA:112,2
DA:113,4
DA:114,4
DA:122,4
DA:138,2
DA:156,2
DA:164,2
DA:166,4
DA:169,18
DA:171,14
DA:173,4
DA:174,4
DA:178,4
DA:179,12
DA:181,2
DA:182,8
DA:185,2
DA:187,6
DA:190,4
DA:191,2
DA:192,8
DA:193,2
DA:195,2
DA:196,2
DA:197,2
DA:198,4
DA:205,2
DA:207,6
DA:208,0
DA:216,2
DA:218,2
DA:221,2
DA:222,10
DA:223,10
DA:224,10
DA:227,6
DA:228,2
DA:230,16
DA:232,2
DA:233,2
DA:234,8
DA:235,4
DA:239,2
DA:240,4
DA:241,2
DA:244,2
DA:248,2
DA:250,6
DA:262,0
DA:271,0
DA:272,0
DA:281,0
DA:283,0
DA:284,0
DA:286,0
DA:288,0
DA:289,0
DA:292,0
DA:293,0
DA:294,0
DA:295,0
DA:300,0
DA:301,0
DA:302,0
DA:307,0
DA:309,0
DA:310,0
DA:311,0
DA:312,0
DA:314,0
DA:319,0
DA:321,0
DA:322,0
DA:325,0
DA:327,0
DA:328,0
DA:329,0
DA:330,0
DA:331,0
DA:333,0
DA:335,0
DA:336,0
DA:337,0
DA:339,0
DA:340,0
DA:342,0
DA:343,0
DA:357,0
DA:364,0
DA:365,0
DA:374,0
DA:376,0
DA:378,0
DA:379,0
DA:385,0
DA:386,0
DA:389,0
DA:390,0
DA:392,0
DA:393,0
DA:396,0
DA:397,0
DA:399,0
DA:402,0
DA:403,0
DA:404,0
DA:405,0
DA:406,0
DA:411,0
DA:413,0
DA:414,0
DA:416,0
DA:419,0
DA:421,0
DA:423,0
DA:424,0
DA:425,0
DA:426,0
DA:427,0
DA:428,0
DA:429,0
DA:430,0
DA:431,0
DA:446,0
DA:452,0
DA:453,0
DA:461,0
DA:463,0
DA:465,0
DA:470,0
DA:472,0
DA:473,0
DA:477,0
DA:478,0
DA:479,0
DA:480,0
DA:481,0
DA:482,0
DA:483,0
DA:484,0
DA:485,0
DA:486,0
DA:487,0
DA:493,0
DA:498,0
DA:500,0
DA:501,0
DA:502,0
DA:503,0
DA:504,0
DA:508,0
DA:510,0
DA:511,0
DA:514,0
DA:516,0
DA:517,0
DA:518,0
DA:519,0
DA:520,0
DA:521,0
DA:522,0
DA:523,0
DA:524,0
DA:525,0
DA:526,0
DA:546,0
DA:561,0
DA:563,0
DA:565,0
DA:566,0
DA:567,0
DA:569,0
DA:570,0
DA:572,0
DA:574,0
DA:575,0
DA:576,0
DA:578,0
DA:579,0
DA:580,0
DA:582,0
DA:583,0
DA:585,0
DA:586,0
DA:591,0
DA:595,0
DA:597,0
LF:234
LH:94
end_of_record
SF:lib/core/services/sound_service.dart
DA:9,0
DA:10,0
DA:16,0
DA:21,0
DA:22,0
DA:23,0
DA:30,0
DA:32,0
DA:38,0
DA:40,0
DA:43,0
DA:45,0
DA:47,0
DA:49,0
DA:53,0
DA:54,0
DA:56,0
DA:60,0
DA:63,0
DA:65,0
DA:69,0
DA:70,0
DA:71,0
DA:76,0
DA:78,0
DA:83,0
DA:85,0
DA:90,0
DA:92,0
DA:93,0
DA:98,0
DA:100,0
DA:102,0
DA:108,0
DA:118,0
DA:120,0
DA:124,0
DA:125,0
DA:126,0
DA:129,0
DA:130,0
DA:131,0
DA:134,0
DA:135,0
DA:136,0
DA:140,0
DA:141,0
DA:144,0
DA:145,0
DA:149,0
DA:154,0
DA:155,0
DA:157,0
DA:159,0
DA:164,0
DA:165,0
DA:166,0
DA:169,0
DA:170,0
DA:171,0
DA:174,0
DA:175,0
DA:176,0
DA:179,0
DA:180,0
DA:182,0
DA:184,0
DA:189,0
DA:190,0
DA:192,0
DA:194,0
DA:198,0
DA:199,0
DA:201,0
DA:203,0
LF:75
LH:0
end_of_record
SF:lib/features/tournament/widgets/bracket_connector.dart
DA:8,0
DA:15,0
DA:17,0
DA:18,0
DA:19,0
DA:20,0
DA:21,0
DA:22,0
DA:23,0
DA:35,0
DA:42,0
DA:44,0
DA:45,0
DA:46,0
DA:47,0
DA:51,0
DA:52,0
DA:55,0
DA:57,0
DA:60,0
DA:68,0
DA:72,0
DA:73,0
DA:74,0
DA:82,0
DA:85,0
DA:86,0
DA:87,0
DA:88,0
DA:92,0
LF:30
LH:0
end_of_record
SF:lib/features/wallet/models/user_tier.dart
DA:11,0
DA:13,0
DA:15,0
DA:17,0
DA:19,0
DA:21,0
DA:26,0
DA:28,0
DA:30,0
DA:32,0
DA:34,0
DA:36,0
DA:42,2
DA:45,1
DA:47,1
DA:49,1
DA:51,1
DA:53,1
DA:55,1
DA:56,1
DA:61,1
DA:63,1
DA:65,1
DA:67,1
DA:69,1
DA:71,1
DA:72,1
LF:27
LH:15
end_of_record
SF:lib/features/wallet/diamond_wallet.dart
DA:9,0
DA:11,0
DA:12,0
DA:16,0
DA:17,0
DA:18,0
DA:19,0
DA:22,0
DA:23,0
DA:80,0
DA:81,0
DA:98,0
DA:99,0
LF:13
LH:0
end_of_record
SF:lib/features/wallet/diamond_wallet.g.dart
DA:9,0
DA:11,0
DA:12,0
DA:13,0
DA:14,0
DA:16,0
DA:17,0
DA:20,0
DA:21,0
DA:22,0
DA:23,0
DA:24,0
DA:25,0
DA:26,0
DA:27,0
DA:28,0
DA:29,0
DA:32,0
DA:34,0
DA:35,0
DA:36,0
DA:37,0
DA:38,0
DA:39,0
DA:40,0
DA:41,0
DA:42,0
DA:43,0
DA:44,0
DA:45,0
DA:46,0
DA:47,0
DA:48,0
DA:59,0
DA:60,0
DA:61,0
DA:62,0
DA:63,0
DA:64,0
DA:65,0
DA:66,0
DA:67,0
DA:70,0
DA:71,0
DA:72,0
DA:73,0
DA:74,0
DA:75,0
DA:76,0
DA:77,0
DA:78,0
LF:51
LH:0
end_of_record
SF:lib/features/governance/governance_service.dart
DA:6,0
DA:7,0
DA:8,0
DA:14,0
DA:17,0
DA:18,0
DA:30,0
DA:34,1
DA:38,3
DA:39,2
DA:40,1
DA:42,1
DA:43,3
DA:44,1
DA:48,1
DA:50,1
DA:53,2
DA:56,1
DA:58,4
LF:19
LH:12
end_of_record
SF:lib/features/wallet/diamond_service.dart
DA:7,3
DA:8,0
DA:17,0
DA:19,0
DA:21,0
DA:24,0
DA:29,0
DA:31,0
DA:33,0
DA:35,0
DA:36,0
DA:39,0
DA:45,0
DA:46,0
DA:47,0
DA:48,0
DA:50,0
DA:51,0
DA:52,0
DA:54,0
DA:55,0
DA:61,0
DA:62,0
DA:63,0
DA:71,0
DA:79,0
DA:80,0
DA:84,0
DA:86,0
DA:91,0
DA:92,0
DA:93,0
DA:96,0
DA:101,0
DA:103,0
DA:111,0
DA:119,0
DA:122,0
DA:127,0
DA:129,0
DA:131,0
DA:132,0
DA:133,0
DA:136,0
DA:143,0
DA:146,0
DA:154,0
DA:156,0
DA:157,0
DA:160,0
DA:166,0
DA:172,0
DA:173,0
DA:179,0
DA:185,0
DA:187,0
DA:188,0
DA:189,0
DA:191,0
DA:198,0
DA:204,0
DA:205,0
DA:211,0
DA:220,0
DA:227,0
DA:234,0
DA:237,0
DA:241,0
DA:246,0
DA:247,0
DA:248,0
DA:249,0
DA:250,0
DA:251,0
DA:253,0
DA:254,0
DA:255,0
DA:257,0
DA:258,0
LF:79
LH:1
end_of_record
SF:lib/features/wallet/models/diamond_origin.dart
DA:14,1
DA:16,1
DA:18,1
DA:20,0
DA:22,0
DA:24,0
DA:31,0
DA:33,0
DA:35,0
DA:37,0
DA:39,0
DA:41,0
DA:43,0
DA:45,0
DA:47,0
LF:15
LH:3
end_of_record
SF:lib/features/game/services/card_validation_service.dart
DA:7,0
DA:13,0
DA:18,0
DA:22,0
DA:25,0
DA:26,0
DA:34,0
DA:35,0
DA:39,1
DA:44,2
DA:45,1
DA:48,1
DA:51,5
DA:52,1
DA:57,1
DA:61,0
DA:62,0
DA:66,1
DA:70,5
DA:72,5
DA:73,1
DA:74,2
DA:77,5
DA:79,5
DA:80,1
DA:81,1
DA:84,1
DA:85,1
DA:86,1
DA:87,1
DA:88,1
DA:89,1
LF:32
LH:22
end_of_record
SF:lib/features/game/engine/widgets/playing_card_widget.dart
DA:17,1
DA:29,1
DA:30,1
DA:41,1
DA:43,1
DA:44,3
DA:45,2
DA:48,2
DA:50,3
DA:53,0
DA:55,0
DA:56,0
DA:57,0
DA:58,0
DA:60,0
DA:62,0
DA:63,0
DA:67,1
DA:69,2
DA:70,1
DA:74,1
DA:77,1
DA:78,1
DA:80,1
DA:82,1
DA:84,1
DA:87,3
DA:89,2
DA:90,1
DA:93,1
DA:95,1
DA:98,1
DA:99,2
DA:100,8
DA:101,1
DA:103,2
DA:104,1
DA:105,6
DA:106,2
DA:108,1
DA:109,1
DA:110,1
DA:112,3
DA:113,2
DA:115,1
DA:116,1
DA:117,1
DA:118,1
DA:120,2
DA:121,1
DA:123,1
DA:129,1
DA:141,1
DA:154,1
DA:156,2
DA:157,1
DA:159,2
DA:160,2
DA:161,1
DA:162,1
DA:163,1
DA:164,2
DA:165,2
DA:167,2
DA:169,1
DA:170,1
DA:171,1
DA:177,1
DA:178,1
DA:179,1
DA:180,1
DA:182,1
DA:183,2
DA:184,3
DA:185,1
DA:187,2
DA:188,0
DA:189,0
DA:190,0
DA:191,0
DA:210,1
DA:211,1
DA:214,2
DA:215,2
DA:216,0
DA:217,0
DA:218,0
DA:219,0
DA:220,0
DA:223,0
DA:231,1
DA:232,1
DA:233,2
DA:234,1
DA:235,1
DA:237,2
DA:238,2
DA:239,0
DA:240,0
DA:246,0
DA:247,0
DA:248,0
DA:250,0
DA:252,0
DA:254,0
DA:256,0
DA:258,0
DA:260,0
DA:262,0
DA:264,0
DA:265,0
DA:266,0
DA:267,0
DA:268,0
DA:274,0
DA:275,0
DA:276,0
DA:277,0
DA:286,0
DA:287,0
DA:288,0
DA:289,0
DA:290,0
DA:294,0
DA:296,0
DA:298,0
DA:300,0
DA:301,0
DA:302,0
DA:303,0
DA:304,0
DA:310,0
DA:311,0
DA:312,0
DA:313,0
DA:329,1
DA:330,1
DA:331,1
DA:332,1
DA:333,1
DA:335,1
DA:336,3
LF:142
LH:86
end_of_record
SF:lib/features/profile/user_profile.dart
DA:9,1
DA:57,1
DA:58,1
DA:61,0
DA:64,0
DA:65,0
DA:66,0
DA:67,0
DA:68,0
DA:69,0
DA:77,0
DA:97,0
DA:98,0
DA:107,0
DA:121,0
DA:122,0
DA:131,0
DA:142,0
DA:143,0
DA:160,0
DA:170,0
DA:171,0
LF:22
LH:3
end_of_record
SF:lib/features/profile/user_profile.g.dart
DA:9,2
DA:10,1
DA:11,1
DA:12,1
DA:13,1
DA:14,1
DA:15,1
DA:16,1
DA:17,1
DA:18,1
DA:19,1
DA:20,1
DA:21,1
DA:22,1
DA:23,1
DA:24,1
DA:26,1
DA:27,0
DA:28,0
DA:31,1
DA:33,1
DA:34,1
DA:35,1
DA:36,1
DA:37,1
DA:38,1
DA:39,1
DA:40,1
DA:41,1
DA:43,0
DA:44,1
DA:46,0
DA:47,1
DA:49,1
DA:50,0
DA:51,0
DA:55,1
DA:56,1
DA:57,1
DA:58,1
DA:59,1
DA:60,1
DA:61,1
DA:62,1
DA:63,1
DA:64,1
DA:65,1
DA:66,1
DA:67,1
DA:68,1
DA:69,1
DA:70,1
DA:71,1
DA:72,1
DA:73,1
DA:74,1
DA:75,1
DA:76,1
DA:77,1
DA:78,1
DA:79,1
DA:80,1
DA:81,1
DA:82,1
DA:83,1
DA:84,1
DA:85,1
DA:88,0
DA:89,0
DA:90,0
DA:91,0
DA:92,0
DA:93,0
DA:94,0
DA:96,0
DA:99,0
DA:101,0
DA:102,0
DA:103,0
DA:104,0
DA:105,0
DA:106,0
DA:107,0
DA:110,0
DA:111,0
DA:112,0
DA:113,0
DA:114,0
DA:115,0
DA:116,0
DA:117,0
DA:118,0
DA:119,0
DA:120,0
DA:121,0
DA:122,0
DA:123,0
DA:124,0
DA:125,0
DA:136,0
DA:137,0
DA:138,0
DA:139,0
DA:140,0
DA:142,0
DA:144,0
DA:146,0
DA:147,0
DA:148,0
DA:149,0
DA:152,0
DA:153,0
DA:154,0
DA:155,0
DA:156,0
DA:157,0
DA:158,0
DA:159,0
DA:160,0
DA:161,0
DA:162,0
DA:173,0
DA:174,0
DA:175,0
DA:176,0
DA:177,0
DA:178,0
DA:180,0
DA:182,0
DA:184,0
DA:187,0
DA:188,0
DA:189,0
DA:190,0
DA:191,0
DA:192,0
DA:193,0
DA:194,0
DA:207,0
DA:208,0
DA:209,0
DA:210,0
DA:211,0
DA:212,0
DA:213,0
DA:216,0
DA:217,0
DA:218,0
DA:219,0
DA:220,0
DA:221,0
DA:222,0
LF:152
LH:61
end_of_record
SF:lib/features/game/game_room.dart
DA:14,1
DA:16,1
DA:18,1
DA:19,3
DA:20,0
DA:24,1
DA:25,1
DA:30,2
DA:109,1
DA:110,1
DA:113,1
DA:114,6
DA:117,5
DA:132,2
DA:138,1
DA:140,0
DA:141,0
DA:142,0
DA:147,1
DA:150,0
DA:153,0
DA:155,0
DA:156,0
DA:157,0
DA:158,0
DA:165,1
DA:166,1
DA:167,1
DA:168,0
DA:174,0
DA:175,0
DA:177,0
DA:178,0
DA:179,0
DA:180,0
DA:187,1
DA:188,1
DA:189,1
DA:190,0
DA:196,1
DA:198,0
DA:199,0
DA:204,1
LF:43
LH:23
end_of_record
SF:lib/features/game/game_room.g.dart
DA:9,2
DA:10,1
DA:11,1
DA:12,1
DA:13,1
DA:14,1
DA:16,2
DA:17,1
DA:18,1
DA:20,2
DA:21,1
DA:22,3
DA:23,1
DA:24,2
DA:25,1
DA:26,1
DA:27,2
DA:28,2
DA:29,2
DA:30,2
DA:31,1
DA:33,0
DA:35,1
DA:36,0
DA:39,1
DA:41,0
DA:43,1
DA:44,0
DA:45,0
DA:48,1
DA:49,0
DA:52,1
DA:54,0
DA:55,1
DA:58,2
DA:59,1
DA:60,1
DA:61,1
DA:62,1
DA:63,2
DA:64,1
DA:65,1
DA:66,1
DA:67,1
DA:68,1
DA:69,1
DA:70,2
DA:71,2
DA:72,1
DA:73,2
DA:74,2
DA:75,1
DA:76,1
DA:77,1
DA:78,1
DA:79,2
DA:80,1
DA:83,2
DA:84,1
DA:85,1
DA:86,1
DA:88,0
DA:89,1
DA:90,1
DA:93,2
DA:94,1
DA:95,1
DA:96,1
DA:97,1
DA:98,1
LF:70
LH:62
end_of_record
SF:lib/features/game/engine/models/deck.dart
DA:6,0
DA:7,0
DA:9,0
DA:10,0
DA:11,0
DA:19,0
DA:20,0
DA:21,0
DA:26,0
DA:27,0
DA:28,0
DA:31,0
DA:32,0
DA:34,0
DA:35,0
DA:36,0
DA:38,0
DA:39,0
DA:40,0
DA:41,0
DA:43,0
DA:50,0
DA:51,0
DA:55,0
DA:57,0
DA:58,0
DA:59,0
LF:27
LH:0
end_of_record
SF:lib/features/game/game_config.dart
DA:27,1
DA:28,1
LF:2
LH:2
end_of_record
SF:lib/features/game/game_config.g.dart
DA:9,2
DA:10,2
DA:11,2
DA:12,1
DA:13,2
DA:14,2
DA:17,0
DA:18,0
DA:19,0
DA:20,0
DA:21,0
DA:22,0
DA:23,0
LF:13
LH:6
end_of_record
SF:lib/games/in_between/in_between_game.dart
DA:31,0
DA:34,0
DA:37,1
DA:40,1
DA:43,0
DA:46,0
DA:66,0
DA:67,0
DA:69,1
DA:71,5
DA:73,0
DA:74,0
DA:76,0
DA:77,0
DA:80,2
DA:81,0
DA:82,0
DA:83,0
DA:84,0
DA:87,3
DA:89,1
DA:91,6
DA:92,0
DA:93,0
DA:97,2
DA:98,2
DA:99,2
DA:101,2
DA:102,2
DA:105,1
DA:106,1
DA:107,1
DA:110,1
DA:112,1
DA:113,1
DA:116,3
DA:117,0
DA:121,3
DA:122,3
DA:123,1
DA:124,1
DA:127,2
DA:128,2
DA:129,2
DA:131,1
DA:133,1
DA:134,2
DA:135,1
DA:139,1
DA:142,1
DA:145,2
DA:146,2
DA:147,1
DA:148,3
DA:149,2
DA:150,0
DA:152,0
DA:153,0
DA:159,1
DA:161,1
DA:165,4
DA:168,1
DA:170,2
DA:171,0
DA:172,0
DA:176,0
DA:178,0
DA:179,0
DA:183,1
DA:185,2
DA:188,7
DA:189,1
DA:192,3
DA:193,5
DA:199,0
DA:200,0
DA:201,0
DA:203,0
DA:204,0
DA:206,0
DA:208,0
DA:209,0
DA:215,0
DA:216,0
DA:217,0
DA:220,0
DA:221,0
DA:223,0
DA:224,0
DA:225,0
DA:226,0
DA:229,0
DA:231,0
DA:232,0
DA:233,0
DA:234,0
DA:239,0
DA:241,0
DA:242,0
DA:247,0
DA:248,0
DA:249,0
DA:255,1
DA:256,1
DA:257,1
DA:259,1
DA:261,1
DA:263,1
DA:266,0
DA:271,1
DA:272,2
DA:274,2
DA:275,2
DA:278,2
DA:281,2
DA:283,1
DA:286,0
DA:289,0
DA:292,0
DA:297,0
DA:303,0
DA:304,0
DA:305,0
DA:306,0
DA:313,0
DA:314,0
DA:316,0
DA:317,0
DA:319,1
DA:321,6
DA:322,1
DA:323,1
DA:327,1
DA:328,1
DA:329,1
LF:135
LH:69
end_of_record
SF:lib/games/marriage/marriage_game.dart
DA:19,0
DA:22,0
DA:24,0
DA:29,4
DA:31,4
DA:34,4
DA:37,2
DA:42,6
DA:46,4
DA:65,1
DA:66,1
DA:68,4
DA:70,20
DA:72,3
DA:73,6
DA:75,1
DA:76,2
DA:79,6
DA:82,9
DA:86,0
DA:87,0
DA:92,9
DA:95,12
DA:97,4
DA:99,24
DA:100,8
DA:103,8
DA:105,8
DA:106,8
DA:107,8
DA:108,8
DA:109,8
DA:111,8
DA:112,12
DA:113,8
DA:116,4
DA:117,4
DA:120,4
DA:122,4
DA:123,8
DA:126,12
DA:127,4
DA:129,8
DA:132,20
DA:133,16
DA:134,24
DA:135,20
DA:139,12
DA:142,8
DA:144,8
DA:147,4
DA:150,4
DA:152,8
DA:153,20
DA:154,4
DA:157,0
DA:159,0
DA:162,0
DA:165,0
DA:166,0
DA:168,0
DA:169,0
DA:170,0
DA:171,0
DA:175,0
DA:178,0
DA:182,0
DA:183,0
DA:186,0
DA:192,4
DA:193,4
DA:194,16
DA:197,4
DA:199,8
DA:200,8
DA:201,16
DA:204,4
DA:206,4
DA:207,1
DA:210,12
DA:211,8
DA:212,4
DA:217,3
DA:218,6
DA:221,6
DA:222,1
DA:225,6
DA:227,9
DA:232,1
DA:233,3
DA:236,0
DA:239,0
DA:240,0
DA:242,0
DA:247,0
DA:251,0
DA:257,4
DA:258,8
DA:260,8
DA:264,8
DA:265,0
DA:271,8
DA:274,4
DA:275,2
DA:284,6
DA:285,0
DA:288,6
DA:290,9
DA:295,0
DA:296,0
DA:297,0
DA:300,0
DA:301,0
DA:302,0
DA:305,0
DA:306,0
DA:308,0
DA:309,0
DA:310,0
DA:311,0
DA:318,0
DA:319,0
DA:320,0
DA:324,0
DA:326,0
DA:327,0
DA:335,3
DA:336,6
DA:338,6
DA:346,3
DA:347,0
DA:353,6
DA:354,0
DA:355,0
DA:362,2
DA:363,2
DA:365,2
DA:366,4
DA:368,4
DA:370,12
DA:373,4
DA:375,24
DA:379,9
DA:382,0
DA:383,0
DA:384,0
DA:385,0
DA:390,0
DA:391,0
DA:392,0
DA:395,0
DA:396,0
DA:397,0
DA:405,0
LF:154
LH:95
end_of_record
SF:lib/games/marriage/marriage_config.dart
DA:15,3
DA:142,0
DA:143,0
DA:210,0
DA:211,0
DA:212,0
DA:213,0
DA:214,0
DA:215,0
DA:219,0
DA:220,0
DA:221,0
DA:222,0
DA:224,0
DA:225,0
DA:226,0
DA:228,0
LF:17
LH:1
end_of_record
SF:lib/games/marriage/marriage_config.g.dart
DA:9,0
DA:10,0
DA:11,0
DA:13,0
DA:14,0
DA:15,0
DA:16,0
DA:17,0
DA:18,0
DA:19,0
DA:20,0
DA:21,0
DA:22,0
DA:23,0
DA:24,0
DA:25,0
DA:27,0
DA:28,0
DA:29,0
DA:30,0
DA:31,0
DA:33,0
DA:34,0
DA:35,0
DA:36,0
DA:37,0
DA:38,0
DA:39,0
DA:40,0
DA:41,0
DA:42,0
DA:43,0
DA:44,0
DA:45,0
DA:46,0
DA:47,0
DA:50,0
DA:51,0
DA:52,0
DA:53,0
DA:54,0
DA:55,0
DA:56,0
DA:57,0
DA:58,0
DA:59,0
DA:60,0
DA:61,0
DA:62,0
DA:63,0
DA:64,0
DA:65,0
DA:66,0
DA:67,0
DA:68,0
DA:69,0
DA:70,0
DA:71,0
DA:72,0
DA:73,0
DA:74,0
DA:75,0
DA:76,0
DA:77,0
DA:78,0
DA:79,0
DA:80,0
DA:81,0
DA:82,0
DA:83,0
DA:84,0
DA:85,0
LF:72
LH:0
end_of_record
SF:lib/games/marriage/marriage_scorer.dart
DA:12,1
DA:14,1
DA:15,4
DA:20,1
DA:26,2
DA:27,0
DA:30,2
DA:31,3
DA:32,1
DA:33,1
DA:36,2
DA:38,3
DA:42,1
DA:43,3
DA:44,2
DA:45,1
DA:50,1
DA:53,1
DA:54,1
DA:62,2
DA:65,3
DA:66,0
DA:67,1
DA:73,2
DA:74,1
DA:76,2
DA:77,1
DA:84,1
DA:85,2
DA:86,2
DA:89,3
DA:96,1
DA:98,2
DA:100,3
DA:101,1
DA:102,0
DA:104,0
DA:112,3
DA:113,1
DA:115,4
DA:116,1
DA:120,3
DA:121,3
DA:122,3
DA:127,1
DA:129,1
DA:130,3
DA:131,3
DA:140,1
DA:143,2
DA:144,1
DA:145,1
DA:147,3
DA:155,1
DA:156,1
DA:157,1
DA:160,8
DA:163,3
DA:164,2
DA:167,2
DA:168,4
DA:171,2
DA:172,4
DA:178,1
DA:180,4
DA:185,4
DA:190,0
DA:198,0
DA:199,0
DA:203,0
DA:207,0
DA:228,0
DA:238,0
DA:239,0
DA:240,0
DA:241,0
DA:242,0
DA:243,0
DA:244,0
DA:245,0
DA:246,0
LF:81
LH:62
end_of_record
SF:lib/games/marriage/marriage_maal_calculator.dart
DA:36,3
DA:42,3
DA:44,5
DA:49,3
DA:52,24
DA:56,9
DA:62,3
DA:64,3
DA:67,3
DA:70,15
DA:78,3
DA:80,3
DA:83,3
DA:86,15
DA:91,12
DA:92,12
DA:93,8
DA:101,2
DA:103,2
DA:104,4
DA:105,2
DA:106,2
DA:107,2
DA:108,2
DA:109,2
DA:110,2
DA:111,2
DA:112,2
DA:113,2
DA:119,0
DA:121,0
DA:123,0
DA:125,0
DA:127,0
DA:129,0
DA:131,0
DA:137,2
DA:139,4
DA:140,2
DA:141,4
DA:147,0
DA:148,0
DA:150,0
DA:151,0
DA:152,0
DA:153,0
DA:154,0
DA:163,0
DA:164,0
DA:166,0
DA:167,0
DA:168,0
DA:169,0
DA:183,0
DA:185,0
DA:187,0
LF:56
LH:33
end_of_record
SF:lib/games/marriage/marriage_multiplayer_screen.dart
DA:41,1
DA:43,1
DA:45,1
DA:62,1
DA:64,1
DA:65,1
DA:66,1
DA:69,1
DA:72,1
DA:73,2
DA:74,3
DA:79,1
DA:80,1
DA:81,0
DA:83,0
DA:84,0
DA:85,0
DA:91,3
DA:93,1
DA:94,1
DA:95,1
DA:96,1
DA:97,1
DA:98,1
DA:99,1
DA:100,1
DA:101,1
DA:102,0
DA:105,1
DA:107,3
DA:108,3
DA:109,1
DA:115,1
DA:116,3
DA:117,1
DA:118,2
DA:119,1
DA:128,1
DA:130,0
DA:132,0
DA:145,3
DA:146,3
DA:147,2
DA:148,2
DA:150,2
DA:151,3
DA:154,1
DA:155,1
DA:156,1
DA:157,1
DA:159,1
DA:164,1
DA:165,1
DA:169,1
DA:170,1
DA:173,1
DA:175,1
DA:176,1
DA:180,1
DA:182,1
DA:184,1
DA:185,1
DA:186,1
DA:189,1
DA:190,1
DA:197,1
DA:198,1
DA:199,1
DA:205,1
DA:207,1
DA:208,1
DA:212,2
DA:213,1
DA:217,1
DA:219,2
DA:226,1
DA:227,0
DA:232,0
DA:233,0
DA:235,0
DA:237,0
DA:238,0
DA:239,0
DA:240,0
DA:248,1
DA:252,2
DA:259,1
DA:263,1
DA:264,1
DA:265,2
DA:266,1
DA:267,2
DA:268,1
DA:269,2
DA:270,1
DA:271,1
DA:274,1
DA:275,1
DA:276,3
DA:278,4
DA:280,0
DA:282,1
DA:283,1
DA:284,0
DA:285,0
DA:287,0
DA:288,0
DA:299,1
DA:302,1
DA:304,1
DA:306,1
DA:308,1
DA:309,2
DA:310,1
DA:311,1
DA:312,1
DA:313,0
DA:314,0
DA:318,1
DA:320,1
DA:321,1
DA:323,1
DA:325,1
DA:326,1
DA:327,1
DA:333,0
DA:334,0
DA:337,1
DA:338,2
DA:339,1
DA:342,1
DA:344,1
DA:345,1
DA:347,1
DA:349,1
DA:355,0
DA:357,0
DA:358,0
DA:369,1
DA:370,0
DA:371,0
DA:372,0
DA:383,1
DA:384,3
DA:385,4
DA:386,2
DA:388,1
DA:390,1
DA:398,1
DA:399,1
DA:403,3
DA:404,1
DA:405,1
DA:406,1
DA:408,1
DA:410,1
DA:413,1
DA:416,1
DA:417,1
DA:418,1
DA:419,1
DA:422,1
DA:423,3
DA:424,1
DA:425,3
DA:427,1
DA:429,1
DA:430,1
DA:431,2
DA:432,1
DA:433,2
DA:438,1
DA:439,1
DA:440,1
DA:441,2
DA:443,1
DA:444,1
DA:445,1
DA:446,2
DA:461,1
DA:463,1
DA:465,1
DA:467,1
DA:469,1
DA:471,1
DA:472,1
DA:473,0
DA:475,0
DA:480,1
DA:483,1
DA:484,0
DA:485,1
DA:486,1
DA:487,1
DA:488,0
DA:489,1
DA:490,0
DA:491,1
DA:493,0
DA:495,0
DA:501,1
DA:502,1
DA:504,1
DA:507,1
DA:509,1
DA:510,1
DA:511,1
DA:512,1
DA:513,1
DA:514,1
DA:522,1
DA:525,1
DA:526,1
DA:532,1
DA:543,4
DA:546,0
DA:547,0
DA:548,0
DA:549,0
DA:550,0
DA:552,0
DA:554,0
DA:556,0
DA:557,0
DA:558,0
DA:559,0
DA:562,0
DA:564,0
DA:565,0
DA:571,0
DA:573,0
DA:579,0
DA:581,0
DA:585,0
DA:589,1
DA:590,2
DA:591,3
DA:592,1
DA:593,3
DA:595,1
DA:597,1
DA:598,1
DA:599,1
DA:600,1
DA:603,1
DA:604,1
DA:606,1
DA:612,1
DA:614,1
DA:621,1
DA:623,3
DA:631,1
DA:632,1
DA:633,1
DA:634,1
DA:642,1
DA:644,1
DA:645,1
DA:646,1
DA:647,1
DA:649,1
DA:651,1
DA:652,1
DA:655,1
DA:658,1
DA:659,1
DA:663,1
DA:664,1
DA:665,1
DA:674,1
DA:675,1
DA:676,1
DA:678,0
DA:683,1
DA:684,6
DA:686,2
DA:687,3
DA:688,2
DA:689,1
DA:690,1
DA:691,1
DA:694,1
DA:697,1
DA:698,1
DA:699,1
DA:702,1
DA:715,1
DA:718,1
DA:720,1
DA:721,1
DA:723,1
DA:725,1
DA:734,0
DA:735,0
DA:738,0
DA:740,0
DA:742,0
DA:743,0
DA:745,0
DA:746,0
DA:756,3
DA:757,1
DA:760,1
DA:766,1
DA:767,1
DA:768,1
DA:774,1
DA:778,1
DA:782,1
DA:784,1
DA:786,1
DA:787,1
DA:788,1
DA:789,3
DA:792,1
DA:799,1
DA:801,1
DA:802,1
DA:805,1
DA:806,1
DA:807,1
DA:808,1
DA:809,1
DA:814,1
DA:815,1
DA:817,1
DA:818,1
DA:820,1
DA:824,1
DA:826,1
DA:827,1
DA:837,1
DA:844,1
DA:846,1
DA:847,1
DA:848,1
DA:849,1
DA:852,1
DA:860,1
DA:861,1
DA:864,1
DA:866,1
DA:867,1
DA:870,1
DA:874,1
DA:875,1
DA:876,1
DA:882,1
DA:884,1
DA:885,1
DA:887,1
DA:888,1
DA:889,1
DA:893,1
DA:895,1
DA:896,1
DA:898,1
DA:903,1
DA:905,1
DA:907,1
DA:908,1
DA:909,1
DA:911,1
DA:912,1
DA:922,1
DA:925,1
DA:939,1
DA:945,1
DA:946,0
DA:949,0
DA:950,0
DA:951,0
DA:953,1
DA:954,1
DA:956,1
DA:959,1
DA:961,0
DA:964,0
DA:965,1
DA:966,1
DA:971,1
DA:976,1
DA:977,0
DA:996,0
DA:998,0
DA:999,0
DA:1009,1
DA:1017,3
DA:1018,2
DA:1019,1
DA:1020,1
DA:1022,1
DA:1024,1
DA:1025,0
DA:1026,0
DA:1032,1
DA:1041,1
DA:1042,1
DA:1043,1
DA:1045,1
DA:1047,1
DA:1048,1
DA:1049,1
DA:1050,1
DA:1051,1
DA:1053,1
DA:1054,1
DA:1057,1
DA:1060,1
DA:1061,1
DA:1063,0
DA:1065,0
DA:1066,1
DA:1073,1
DA:1075,1
DA:1076,1
DA:1077,2
DA:1078,1
DA:1079,2
DA:1084,1
DA:1085,2
DA:1086,1
DA:1087,2
DA:1097,0
DA:1100,0
DA:1102,0
DA:1105,0
DA:1107,0
DA:1115,1
DA:1117,1
DA:1119,1
DA:1121,1
DA:1123,1
DA:1125,1
DA:1127,1
DA:1133,1
DA:1135,1
DA:1137,1
DA:1139,1
DA:1141,1
DA:1143,1
DA:1145,1
DA:1150,1
DA:1153,2
DA:1154,1
DA:1156,1
DA:1159,1
DA:1161,1
DA:1162,1
DA:1163,1
DA:1164,1
DA:1165,1
DA:1170,1
DA:1172,1
DA:1174,1
DA:1176,1
DA:1177,1
DA:1179,1
DA:1182,1
DA:1185,1
DA:1190,1
DA:1191,1
DA:1193,1
DA:1199,1
DA:1205,0
DA:1206,0
DA:1209,0
DA:1210,0
DA:1211,0
DA:1212,0
DA:1213,0
DA:1216,0
DA:1218,0
DA:1227,0
DA:1228,0
DA:1240,1
DA:1245,1
DA:1253,1
DA:1261,1
DA:1263,1
DA:1266,1
DA:1267,1
DA:1269,1
DA:1273,1
DA:1274,1
DA:1275,1
DA:1280,1
DA:1282,1
DA:1283,1
DA:1285,1
DA:1287,1
DA:1298,0
DA:1299,0
DA:1301,0
DA:1304,0
DA:1305,0
DA:1306,0
DA:1311,0
DA:1312,0
DA:1313,0
DA:1318,0
DA:1319,0
DA:1320,0
DA:1321,0
DA:1322,0
DA:1323,0
DA:1332,0
DA:1333,0
DA:1334,0
DA:1335,0
DA:1342,0
DA:1343,0
DA:1344,0
DA:1345,0
DA:1351,0
DA:1352,0
DA:1358,0
DA:1361,0
DA:1364,0
DA:1365,0
DA:1368,0
DA:1371,0
DA:1372,0
DA:1373,0
DA:1376,0
DA:1377,0
DA:1381,0
DA:1382,0
DA:1383,0
DA:1384,0
DA:1390,0
DA:1394,0
DA:1395,0
DA:1398,0
DA:1401,0
DA:1402,0
DA:1403,0
DA:1406,0
DA:1407,0
DA:1413,0
DA:1414,0
DA:1415,0
DA:1416,0
DA:1417,0
DA:1420,0
DA:1421,0
DA:1424,0
DA:1429,0
DA:1431,0
DA:1433,0
DA:1441,0
DA:1443,0
DA:1444,0
DA:1451,0
DA:1455,0
DA:1456,0
DA:1457,0
DA:1458,0
DA:1464,0
DA:1468,0
DA:1469,0
DA:1472,0
DA:1475,0
DA:1476,0
DA:1477,0
DA:1480,0
DA:1481,0
DA:1483,0
DA:1485,0
DA:1486,0
DA:1487,0
DA:1492,0
DA:1493,0
DA:1494,0
DA:1495,0
DA:1501,0
DA:1505,0
DA:1506,0
DA:1508,0
DA:1511,0
DA:1512,0
DA:1513,0
DA:1516,0
DA:1518,0
DA:1519,0
DA:1520,0
DA:1521,0
DA:1530,0
DA:1531,0
DA:1532,0
DA:1533,0
DA:1539,0
DA:1543,0
DA:1545,0
DA:1547,0
DA:1548,0
DA:1550,0
DA:1551,0
DA:1552,0
DA:1553,0
DA:1555,0
DA:1557,0
DA:1558,0
DA:1560,0
DA:1562,0
DA:1563,0
DA:1571,0
DA:1572,0
DA:1575,0
DA:1577,0
DA:1580,0
DA:1581,0
DA:1582,0
DA:1583,0
DA:1585,0
DA:1586,0
DA:1593,0
DA:1594,0
DA:1596,0
DA:1604,0
DA:1606,0
DA:1607,0
DA:1629,0
DA:1630,0
DA:1631,0
DA:1633,0
DA:1634,0
DA:1635,0
DA:1636,0
DA:1638,0
DA:1640,0
DA:1646,0
DA:1648,0
DA:1649,0
DA:1650,0
DA:1651,0
DA:1653,0
DA:1657,0
DA:1659,0
DA:1660,0
DA:1661,0
DA:1662,0
DA:1670,0
DA:1671,0
DA:1672,0
DA:1673,0
DA:1683,0
DA:1684,0
DA:1685,0
DA:1686,0
DA:1688,0
DA:1698,0
DA:1700,0
DA:1702,0
DA:1704,0
DA:1706,0
DA:1708,0
DA:1709,0
DA:1710,0
DA:1711,0
DA:1715,0
DA:1726,0
DA:1727,0
DA:1728,0
DA:1729,0
DA:1730,0
DA:1742,0
DA:1743,0
DA:1745,0
DA:1746,0
DA:1747,0
DA:1748,0
DA:1750,0
DA:1752,0
DA:1762,0
DA:1764,0
DA:1765,0
DA:1766,0
DA:1767,0
DA:1769,0
DA:1770,0
DA:1771,0
DA:1774,0
DA:1775,0
DA:1777,0
DA:1778,0
DA:1779,0
DA:1781,0
DA:1782,0
DA:1785,0
DA:1786,0
DA:1787,0
DA:1794,0
DA:1797,0
DA:1799,0
DA:1800,0
DA:1801,0
DA:1809,0
DA:1810,0
DA:1811,0
DA:1814,0
DA:1819,0
DA:1820,0
DA:1821,0
DA:1824,0
DA:1830,0
DA:1832,0
DA:1833,0
DA:1834,0
DA:1835,0
DA:1837,0
DA:1838,0
DA:1839,0
DA:1840,0
DA:1847,0
DA:1848,0
DA:1849,0
DA:1868,0
DA:1869,0
DA:1870,0
DA:1881,0
DA:1888,0
DA:1889,0
DA:1890,0
DA:1893,0
DA:1895,0
DA:1896,0
DA:1898,0
DA:1900,0
DA:1901,0
DA:1903,0
DA:1909,0
DA:1914,0
DA:1915,0
DA:1917,0
DA:1918,0
DA:1925,0
LF:737
LH:396
end_of_record
SF:lib/games/marriage/marriage_service.dart
DA:18,3
DA:43,1
DA:62,0
DA:63,0
DA:64,0
DA:66,0
DA:67,0
DA:69,0
DA:70,0
DA:71,0
DA:72,0
DA:73,0
DA:74,0
DA:75,0
DA:76,0
DA:77,0
DA:78,0
DA:79,0
DA:81,0
DA:82,0
DA:86,0
DA:87,0
DA:89,0
DA:91,0
DA:92,0
DA:94,0
DA:96,0
DA:97,0
DA:99,0
DA:101,0
DA:102,0
DA:104,0
DA:108,0
DA:109,0
DA:110,0
DA:111,0
DA:112,0
DA:113,0
DA:114,0
DA:115,0
DA:116,0
DA:117,0
DA:118,0
DA:119,0
DA:120,0
DA:121,0
DA:122,0
DA:123,0
DA:124,0
DA:128,0
DA:131,3
DA:134,3
DA:137,3
DA:140,0
DA:143,3
DA:150,0
DA:156,0
DA:157,0
DA:158,0
DA:161,0
DA:162,0
DA:163,0
DA:164,0
DA:165,0
DA:167,0
DA:170,0
DA:174,0
DA:177,0
DA:180,0
DA:183,0
DA:184,0
DA:187,0
DA:188,0
DA:192,0
DA:197,0
DA:199,0
DA:204,0
DA:205,0
DA:206,0
DA:207,0
DA:208,0
DA:209,0
DA:215,0
DA:216,0
DA:217,0
DA:218,0
DA:220,0
DA:221,0
DA:224,0
DA:225,0
DA:227,0
DA:230,0
DA:231,0
DA:234,0
DA:235,0
DA:238,0
DA:240,0
DA:249,0
DA:250,0
DA:251,0
DA:252,0
DA:254,0
DA:255,0
DA:258,0
DA:259,0
DA:261,0
DA:265,0
DA:271,0
DA:272,0
DA:273,0
DA:280,0
DA:281,0
DA:282,0
DA:283,0
DA:289,0
DA:290,0
DA:293,0
DA:294,0
DA:297,0
DA:299,0
DA:308,0
DA:313,0
DA:314,0
DA:315,0
DA:317,0
DA:318,0
DA:321,0
DA:323,0
DA:326,0
DA:327,0
DA:330,0
DA:333,0
DA:334,0
DA:335,0
DA:336,0
DA:339,0
DA:341,0
DA:346,0
DA:347,0
DA:353,0
DA:357,0
DA:358,0
DA:359,0
DA:363,0
DA:364,0
DA:368,0
DA:369,0
DA:373,0
DA:374,0
DA:377,0
DA:380,0
DA:381,0
DA:385,0
DA:387,0
DA:388,0
DA:395,0
DA:397,0
DA:399,0
DA:403,0
DA:404,0
DA:405,0
DA:406,0
DA:407,0
DA:409,0
DA:410,0
DA:413,0
DA:414,0
DA:415,0
DA:416,0
DA:417,0
DA:418,0
DA:421,0
DA:425,0
DA:426,0
DA:427,0
DA:428,0
DA:430,0
DA:431,0
DA:434,0
DA:437,0
DA:440,0
DA:441,0
DA:442,0
DA:444,0
DA:447,0
DA:450,0
DA:453,0
DA:456,0
DA:466,0
DA:470,0
DA:474,0
DA:475,0
DA:477,0
DA:478,0
DA:479,0
DA:483,0
DA:495,0
DA:501,0
DA:502,0
DA:505,0
DA:507,0
DA:510,0
DA:511,0
DA:512,0
DA:513,0
DA:517,0
DA:519,0
DA:520,0
DA:522,0
DA:523,0
DA:528,0
DA:529,0
DA:531,0
DA:534,0
DA:537,0
DA:540,0
DA:541,0
DA:545,0
DA:546,0
DA:547,0
DA:548,0
DA:549,0
DA:553,0
DA:554,0
DA:556,0
DA:557,0
DA:558,0
DA:581,0
DA:582,0
DA:585,0
DA:591,0
DA:592,0
DA:595,0
DA:608,0
DA:611,0
DA:612,0
DA:615,0
DA:616,0
DA:617,0
DA:618,0
DA:619,0
DA:623,0
DA:624,0
DA:629,0
DA:630,0
DA:631,0
DA:635,0
DA:636,0
DA:640,0
DA:641,0
DA:642,0
DA:644,0
DA:645,0
DA:649,0
DA:652,0
DA:653,0
DA:654,0
DA:655,0
DA:659,0
DA:660,0
DA:661,0
DA:663,0
DA:664,0
DA:671,0
DA:677,0
DA:680,0
DA:690,0
DA:691,0
DA:692,0
DA:694,0
DA:695,0
DA:699,0
DA:700,0
DA:701,0
DA:703,0
DA:704,0
DA:705,0
DA:710,0
DA:711,0
DA:712,0
DA:713,0
DA:715,0
DA:716,0
DA:720,0
DA:723,0
DA:725,0
DA:727,0
DA:730,0
DA:731,0
DA:732,0
DA:733,0
DA:734,0
DA:737,0
DA:739,0
DA:740,0
DA:742,0
DA:743,0
DA:747,0
DA:751,0
DA:753,0
DA:754,0
DA:756,0
DA:757,0
DA:761,0
LF:304
LH:6
end_of_record
SF:lib/features/auth/auth_service.dart
DA:9,3
DA:10,0
DA:14,0
DA:15,0
DA:16,0
DA:20,0
DA:21,0
DA:22,0
DA:24,0
DA:26,0
DA:35,0
DA:36,0
DA:37,0
DA:39,0
DA:42,0
DA:51,0
DA:53,0
DA:55,0
DA:57,0
DA:58,0
DA:65,0
DA:68,0
DA:70,0
DA:71,0
DA:73,0
DA:77,0
DA:82,0
DA:86,0
DA:92,0
DA:94,0
DA:99,0
DA:101,0
DA:102,0
DA:103,0
DA:104,0
DA:105,0
DA:106,0
DA:108,0
DA:115,0
DA:120,0
DA:121,0
DA:122,0
DA:123,0
DA:124,0
DA:126,0
DA:127,0
DA:128,0
DA:129,0
DA:130,0
DA:131,0
DA:132,0
DA:133,0
DA:134,0
DA:144,0
DA:145,0
DA:146,0
DA:147,0
DA:148,0
DA:149,0
DA:150,0
DA:151,0
DA:152,0
DA:153,0
DA:154,0
DA:159,0
DA:164,0
DA:167,0
DA:172,0
DA:175,0
DA:176,0
DA:177,0
DA:181,0
DA:186,0
DA:187,0
DA:188,0
DA:192,0
DA:193,0
DA:194,0
DA:197,0
DA:199,0
DA:205,0
DA:207,0
DA:210,0
DA:211,0
DA:212,0
DA:215,0
DA:217,0
DA:221,0
DA:222,0
DA:231,0
DA:232,0
DA:235,0
DA:236,0
DA:238,0
DA:239,0
DA:242,0
DA:246,0
DA:247,0
DA:249,0
DA:250,0
DA:251,0
DA:255,0
DA:256,0
DA:258,0
DA:265,0
DA:268,0
DA:271,0
DA:274,0
DA:277,0
DA:280,0
DA:281,0
DA:283,0
DA:284,0
DA:286,0
DA:289,0
DA:292,0
DA:293,0
DA:295,0
DA:298,0
DA:302,0
DA:305,0
DA:308,0
DA:310,0
DA:313,0
DA:315,0
DA:318,0
DA:320,0
DA:323,0
DA:327,0
DA:330,0
DA:332,0
DA:335,0
DA:338,0
DA:343,0
DA:345,0
DA:348,0
DA:351,0
DA:353,0
DA:356,0
DA:359,0
DA:362,0
DA:365,0
DA:371,0
DA:376,0
DA:379,0
DA:381,0
DA:384,0
DA:386,0
DA:389,0
DA:391,0
DA:394,0
DA:396,0
LF:152
LH:1
end_of_record
SF:lib/features/rtc/audio_service.dart
DA:44,0
DA:57,0
DA:58,0
DA:62,0
DA:63,0
DA:64,0
DA:65,0
DA:66,0
DA:69,0
DA:70,0
DA:71,0
DA:72,0
DA:76,0
DA:77,0
DA:79,0
DA:80,0
DA:84,0
DA:89,0
DA:92,0
DA:93,0
DA:94,0
DA:95,0
DA:99,0
DA:100,0
DA:101,0
DA:103,0
DA:104,0
DA:110,0
DA:111,0
DA:114,0
DA:115,0
DA:117,0
DA:120,0
DA:121,0
DA:124,0
DA:126,0
DA:127,0
DA:128,0
DA:132,0
DA:133,0
DA:135,0
DA:136,0
DA:139,0
DA:143,0
DA:144,0
DA:146,0
DA:147,0
DA:148,0
DA:150,0
DA:155,0
DA:156,0
DA:160,0
DA:164,0
DA:169,0
DA:172,0
DA:173,0
DA:174,0
DA:179,0
DA:180,0
DA:181,0
DA:183,0
DA:189,0
DA:190,0
DA:191,0
DA:192,0
DA:197,0
DA:198,0
DA:199,0
DA:200,0
DA:201,0
DA:206,0
DA:210,0
DA:211,0
DA:212,0
DA:219,0
DA:223,0
DA:226,0
DA:229,0
DA:230,0
DA:234,0
DA:235,0
DA:236,0
DA:240,0
DA:244,0
DA:246,0
DA:248,0
DA:249,0
DA:255,0
DA:259,0
DA:261,0
DA:262,0
DA:263,0
DA:264,0
DA:265,0
DA:272,0
DA:273,0
DA:274,0
DA:275,0
DA:278,0
DA:280,0
DA:281,0
DA:282,0
DA:287,2
DA:288,2
DA:289,0
DA:290,0
DA:291,0
DA:296,0
DA:297,0
DA:298,0
DA:299,0
DA:303,0
DA:307,0
DA:308,0
LF:114
LH:2
end_of_record
SF:lib/features/chat/chat_service.dart
DA:19,0
DA:25,0
DA:26,0
DA:29,0
DA:30,0
DA:33,0
DA:34,0
DA:35,0
DA:36,0
DA:37,0
DA:38,0
DA:39,0
DA:40,0
DA:41,0
DA:42,0
DA:43,0
DA:44,0
DA:49,0
DA:50,0
DA:51,0
DA:54,0
DA:55,0
DA:63,0
DA:65,0
DA:66,0
DA:68,0
DA:74,0
DA:77,0
DA:78,0
DA:79,0
DA:84,0
DA:87,0
DA:89,0
DA:92,0
DA:93,0
DA:94,0
DA:99,0
DA:100,0
DA:105,0
DA:106,0
DA:107,0
DA:108,0
DA:113,0
DA:117,0
DA:118,0
DA:125,0
DA:129,0
DA:130,0
DA:137,0
DA:141,0
DA:145,0
DA:146,0
DA:150,0
DA:152,0
DA:153,0
DA:155,0
DA:160,0
DA:162,0
DA:163,0
DA:164,0
DA:167,0
DA:168,0
DA:169,0
DA:170,0
DA:173,0
DA:174,0
DA:178,0
DA:179,0
DA:183,0
DA:184,0
DA:185,0
DA:190,0
DA:191,0
DA:192,0
DA:195,0
DA:196,0
DA:204,0
DA:205,0
DA:206,0
DA:211,0
DA:212,0
DA:213,0
DA:214,0
DA:215,0
DA:218,0
DA:222,0
DA:223,0
DA:224,0
DA:225,0
DA:226,0
DA:227,0
DA:230,0
DA:231,0
DA:232,0
DA:233,0
DA:236,0
DA:241,0
DA:242,0
DA:243,0
DA:244,0
DA:245,0
DA:246,0
DA:247,0
DA:248,0
DA:249,0
DA:250,0
DA:251,0
DA:252,0
DA:255,0
DA:256,0
DA:257,0
DA:258,0
DA:263,0
DA:264,0
DA:269,0
DA:270,0
DA:271,0
DA:273,0
DA:275,0
DA:276,0
DA:277,0
DA:280,0
DA:282,0
DA:290,0
DA:292,0
DA:293,0
DA:295,0
DA:296,0
DA:297,0
DA:300,0
DA:301,0
DA:302,0
DA:303,0
DA:304,0
DA:305,0
DA:306,0
DA:310,0
DA:319,0
DA:320,0
DA:321,0
DA:322,0
DA:327,0
DA:328,0
DA:329,0
DA:331,0
DA:332,0
DA:335,0
DA:345,0
DA:356,0
DA:370,0
DA:383,1
DA:389,1
DA:392,0
DA:393,0
DA:394,0
DA:396,1
DA:397,5
DA:401,3
DA:402,0
DA:403,0
DA:404,0
DA:405,0
DA:410,2
DA:411,2
DA:412,3
DA:413,1
DA:417,0
DA:418,0
DA:419,0
DA:420,0
LF:170
LH:9
end_of_record
SF:lib/core/theme/app_theme.dart
DA:22,0
DA:23,0
DA:44,0
DA:46,0
DA:51,0
DA:56,0
DA:63,0
DA:68,0
DA:75,0
DA:76,0
DA:82,0
DA:86,0
DA:95,0
DA:96,0
DA:99,0
DA:100,0
DA:106,0
DA:124,0
DA:125,0
DA:126,0
DA:127,0
DA:128,0
LF:22
LH:0
end_of_record
SF:lib/core/theme/game_themes.dart
DA:69,0
DA:72,0
DA:75,0
DA:78,0
DA:82,0
DA:83,0
DA:84,0
DA:85,0
DA:154,0
DA:157,0
DA:158,0
DA:159,0
DA:160,0
DA:182,2
DA:191,0
DA:192,0
DA:193,0
DA:194,0
DA:195,0
DA:196,0
DA:198,0
DA:199,0
DA:201,0
DA:206,0
DA:207,0
DA:208,0
DA:209,0
DA:210,0
DA:211,0
DA:212,0
DA:217,0
DA:218,0
DA:222,0
DA:223,0
DA:227,0
DA:234,0
DA:235,0
DA:236,0
DA:237,0
DA:238,0
DA:239,0
LF:41
LH:1
end_of_record
SF:lib/core/utils/error_helper.dart
DA:18,0
DA:19,0
DA:22,0
DA:23,0
DA:24,0
DA:29,0
DA:34,0
DA:35,0
DA:38,0
DA:41,0
DA:44,0
DA:47,0
DA:52,0
DA:55,0
DA:58,0
DA:61,0
DA:64,0
DA:69,0
DA:72,0
DA:75,0
DA:78,0
DA:81,0
DA:84,0
DA:89,0
DA:92,0
DA:97,0
DA:100,0
DA:105,0
DA:109,0
DA:112,0
DA:113,0
DA:114,0
DA:115,0
DA:116,0
DA:117,0
DA:120,0
DA:121,0
DA:122,0
DA:123,0
DA:128,0
DA:129,0
DA:133,0
DA:134,0
DA:135,0
DA:136,0
DA:140,0
DA:146,0
DA:147,0
DA:149,0
DA:152,0
DA:155,0
DA:158,0
DA:161,0
LF:53
LH:0
end_of_record
SF:lib/core/widgets/contextual_loader.dart
DA:16,2
DA:24,0
DA:29,0
DA:34,0
DA:37,0
DA:40,0
DA:45,0
DA:50,0
DA:55,0
DA:60,1
DA:62,1
DA:63,1
DA:65,1
DA:66,1
DA:68,1
DA:70,1
DA:72,1
DA:73,1
DA:76,1
DA:77,1
DA:82,1
DA:83,1
DA:86,1
DA:92,1
DA:95,1
DA:104,1
DA:105,1
DA:106,3
DA:107,2
DA:124,0
DA:133,0
DA:135,0
DA:136,0
DA:137,0
DA:138,0
DA:144,0
DA:145,0
DA:158,2
DA:168,0
DA:169,0
DA:177,0
DA:178,0
DA:186,0
DA:187,0
DA:195,0
DA:201,0
DA:203,0
DA:204,0
DA:206,0
DA:207,0
DA:209,0
DA:211,0
DA:213,0
DA:215,0
DA:216,0
DA:219,0
DA:220,0
DA:225,0
DA:226,0
DA:227,0
DA:231,0
DA:234,0
DA:236,0
DA:237,0
DA:238,0
DA:239,0
DA:242,0
DA:246,0
DA:248,0
DA:249,0
DA:251,0
DA:252,0
LF:72
LH:22
end_of_record
SF:lib/core/widgets/game_mode_banner.dart
DA:38,1
DA:46,1
DA:47,4
DA:49,2
DA:56,1
DA:58,1
DA:60,1
DA:62,1
DA:63,1
DA:64,1
DA:65,2
DA:66,2
DA:69,1
DA:70,1
DA:71,2
DA:75,1
DA:77,1
DA:79,1
DA:81,2
DA:82,2
DA:83,3
DA:84,1
DA:85,1
DA:86,1
DA:89,3
DA:90,1
DA:91,1
DA:92,1
DA:93,1
DA:94,1
DA:99,1
DA:101,0
DA:109,0
DA:110,0
DA:112,0
DA:113,0
DA:114,0
DA:116,0
DA:118,0
DA:119,0
DA:120,0
DA:121,0
DA:123,0
DA:124,0
DA:125,0
DA:126,0
DA:127,0
DA:134,1
DA:135,1
DA:136,1
DA:137,1
DA:140,1
DA:142,1
DA:143,1
DA:146,1
DA:148,0
DA:149,0
DA:152,0
DA:163,1
DA:175,0
DA:181,0
DA:183,0
DA:185,0
DA:187,0
DA:189,0
DA:190,0
DA:191,0
DA:193,0
DA:195,0
DA:196,0
DA:199,0
DA:202,0
DA:204,0
DA:207,0
LF:74
LH:40
end_of_record
SF:lib/core/widgets/game_opponent_widget.dart
DA:24,1
DA:51,1
DA:53,2
DA:54,3
DA:55,1
DA:59,4
DA:60,2
DA:64,0
DA:74,1
DA:82,1
DA:84,1
DA:85,1
DA:86,1
DA:87,2
DA:88,1
DA:90,1
DA:92,1
DA:95,1
DA:97,2
DA:104,1
DA:107,2
DA:109,1
DA:111,1
DA:113,1
DA:114,1
DA:115,3
DA:116,1
DA:117,1
DA:119,0
DA:120,0
DA:121,0
DA:122,0
DA:123,0
DA:124,0
DA:130,0
DA:133,0
DA:139,1
DA:142,1
DA:144,1
DA:145,1
DA:146,3
DA:148,1
DA:149,1
DA:163,2
DA:165,0
DA:166,0
DA:167,0
DA:168,0
DA:169,0
DA:171,0
DA:176,1
DA:180,1
DA:182,1
DA:184,1
DA:185,2
DA:187,2
DA:188,1
DA:190,2
DA:192,2
DA:193,1
DA:194,1
DA:195,1
DA:206,1
DA:207,1
DA:208,1
DA:209,1
DA:210,1
DA:211,1
DA:212,3
DA:218,1
DA:219,2
DA:220,2
DA:221,2
DA:226,1
DA:227,1
DA:229,1
DA:230,1
DA:231,1
DA:233,1
DA:235,1
DA:236,3
DA:237,2
DA:240,1
DA:241,2
DA:242,1
DA:243,3
DA:253,1
DA:254,1
DA:256,2
DA:257,4
DA:260,2
DA:261,0
DA:262,0
DA:263,0
DA:269,2
DA:270,0
DA:271,0
DA:272,0
DA:273,0
DA:274,0
DA:284,2
DA:285,0
DA:286,0
DA:287,0
DA:293,3
DA:294,2
DA:297,1
DA:299,1
DA:301,1
DA:305,1
DA:306,1
DA:307,1
DA:309,1
DA:310,2
DA:311,1
DA:313,2
DA:317,1
DA:318,1
DA:320,1
DA:321,3
DA:322,2
DA:323,3
DA:324,1
DA:327,1
DA:331,1
DA:332,1
DA:340,1
DA:341,1
DA:342,1
DA:343,0
DA:344,1
DA:345,0
DA:346,1
DA:347,0
DA:348,1
DA:349,0
DA:350,1
DA:351,0
DA:353,1
DA:361,1
DA:369,0
DA:371,0
DA:373,0
DA:375,0
DA:378,0
DA:379,0
DA:381,0
DA:383,0
LF:148
LH:109
end_of_record
SF:lib/core/widgets/game_top_bar.dart
DA:12,1
DA:22,1
DA:24,1
DA:25,1
DA:27,1
DA:29,1
DA:31,2
DA:33,1
DA:34,1
DA:36,1
DA:38,1
DA:40,1
DA:45,1
DA:46,1
DA:47,1
DA:48,1
DA:49,1
DA:51,1
DA:52,1
DA:53,1
DA:59,1
DA:61,1
DA:68,1
DA:69,1
DA:70,2
DA:78,1
DA:84,1
DA:86,1
DA:87,1
DA:96,1
DA:103,1
DA:109,1
DA:110,1
DA:111,1
DA:128,1
DA:130,2
DA:137,1
DA:138,1
DA:139,1
DA:140,1
DA:142,1
DA:144,1
DA:145,1
LF:43
LH:43
end_of_record
SF:lib/core/widgets/tutorial_overlay.dart
DA:12,0
DA:26,0
DA:33,0
DA:34,0
DA:40,0
DA:41,0
DA:42,0
DA:44,0
DA:48,0
DA:49,0
DA:50,0
DA:53,0
DA:55,0
DA:57,0
DA:61,0
DA:63,0
DA:65,0
DA:66,0
DA:67,0
DA:68,0
DA:69,0
DA:70,0
DA:71,0
DA:76,0
DA:77,0
DA:79,0
DA:80,0
DA:81,0
DA:84,0
DA:85,0
DA:86,0
DA:93,0
DA:94,0
DA:95,0
DA:96,0
DA:97,0
DA:98,0
DA:99,0
DA:101,0
DA:111,0
DA:112,0
DA:113,0
DA:114,0
DA:115,0
DA:117,0
DA:118,0
DA:119,0
DA:120,0
DA:123,0
DA:124,0
DA:127,0
DA:129,0
DA:130,0
DA:131,0
DA:134,0
DA:135,0
DA:142,0
DA:147,0
DA:155,0
DA:158,0
DA:161,0
DA:165,0
DA:171,0
DA:176,0
DA:179,0
DA:181,0
DA:183,0
DA:184,0
DA:185,0
DA:186,0
DA:187,0
DA:194,0
DA:197,0
DA:198,0
DA:199,0
DA:207,0
DA:208,0
DA:216,0
DA:218,0
DA:219,0
DA:220,0
DA:227,0
DA:228,0
DA:229,0
DA:237,0
DA:238,0
DA:247,0
DA:248,0
DA:249,0
LF:89
LH:0
end_of_record
SF:lib/features/chat/chat_message.dart
DA:10,0
DA:59,0
DA:60,0
DA:63,0
DA:64,0
DA:65,0
DA:66,0
DA:67,0
DA:68,0
DA:69,0
DA:70,0
DA:71,0
DA:72,0
DA:74,0
DA:75,0
DA:76,0
DA:77,0
DA:78,0
DA:79,0
DA:80,0
DA:81,0
DA:82,0
DA:83,0
DA:88,0
DA:89,0
DA:90,0
DA:91,0
DA:92,0
DA:93,0
DA:94,0
DA:95,0
DA:96,0
DA:97,0
DA:98,0
DA:99,0
DA:100,0
DA:101,0
DA:102,0
DA:103,0
LF:39
LH:0
end_of_record
SF:lib/features/chat/chat_message.g.dart
DA:9,0
DA:10,0
DA:11,0
DA:12,0
DA:13,0
DA:15,0
DA:18,0
DA:19,0
DA:22,0
DA:23,0
DA:24,0
DA:26,0
DA:27,0
DA:28,0
DA:29,0
DA:31,0
DA:33,0
DA:34,0
DA:37,0
DA:38,0
DA:39,0
DA:40,0
DA:41,0
DA:42,0
DA:43,0
DA:44,0
DA:45,0
DA:46,0
DA:47,0
DA:48,0
DA:49,0
DA:50,0
DA:51,0
DA:52,0
DA:53,0
LF:35
LH:0
end_of_record
SF:lib/features/chat/widgets/chat_overlay.dart
DA:16,1
DA:25,1
DA:26,1
DA:35,1
DA:37,1
DA:38,2
DA:39,2
DA:40,2
DA:41,2
DA:45,1
DA:47,2
DA:48,1
DA:51,1
DA:53,1
DA:55,2
DA:56,1
DA:59,0
DA:62,1
DA:64,5
DA:66,1
DA:67,0
DA:68,0
DA:69,0
DA:71,1
DA:74,1
DA:75,2
DA:77,1
DA:78,1
DA:79,1
DA:85,1
DA:87,1
DA:88,1
DA:90,2
DA:93,2
DA:94,0
DA:97,0
DA:99,0
DA:100,0
DA:103,0
DA:104,0
DA:105,0
DA:106,0
DA:119,0
DA:120,0
DA:122,0
DA:125,0
DA:126,0
DA:127,0
DA:128,0
DA:129,0
DA:130,0
DA:136,0
DA:137,0
DA:139,0
DA:141,0
DA:142,0
DA:147,0
DA:148,0
DA:149,0
DA:152,0
DA:155,0
DA:157,0
DA:158,0
DA:162,0
DA:164,0
DA:173,0
DA:174,0
DA:175,0
DA:176,0
DA:179,0
DA:180,0
DA:181,0
DA:185,0
DA:187,0
DA:188,0
DA:196,0
DA:197,0
DA:202,0
DA:205,0
DA:211,0
DA:212,0
DA:213,0
DA:214,0
DA:216,0
DA:217,0
DA:220,0
DA:223,0
DA:225,0
DA:226,0
DA:229,0
DA:231,0
DA:232,0
DA:240,0
DA:243,0
DA:244,0
DA:245,0
DA:246,0
DA:248,0
DA:249,0
DA:250,0
DA:251,0
DA:254,0
DA:255,0
DA:256,0
DA:258,0
DA:259,0
DA:260,0
DA:268,0
DA:270,0
DA:274,0
DA:276,0
DA:277,0
DA:278,0
DA:280,0
DA:282,0
DA:284,0
DA:285,0
DA:286,0
DA:287,0
DA:291,0
DA:292,0
DA:293,0
DA:295,0
DA:296,0
DA:307,0
DA:308,0
DA:310,0
DA:312,0
DA:313,0
DA:314,0
DA:315,0
DA:316,0
DA:318,0
DA:321,0
DA:327,0
DA:328,0
DA:330,0
DA:331,0
DA:332,0
DA:335,0
DA:336,0
DA:337,0
DA:338,0
DA:339,0
DA:340,0
DA:342,0
DA:343,0
DA:347,0
DA:354,0
DA:355,0
DA:359,0
DA:360,0
DA:361,0
DA:370,0
DA:371,0
DA:373,0
DA:374,0
DA:375,0
DA:378,0
DA:379,0
DA:380,0
DA:391,0
DA:399,0
DA:401,0
DA:402,0
DA:403,0
DA:404,0
DA:406,0
DA:407,0
DA:409,0
DA:410,0
DA:411,0
DA:415,0
DA:417,0
DA:418,0
DA:419,0
DA:422,0
DA:423,0
DA:424,0
DA:426,0
DA:428,0
DA:429,0
DA:431,0
DA:432,0
DA:437,0
DA:438,0
DA:439,0
DA:442,0
DA:450,0
DA:451,0
LF:190
LH:30
end_of_record
SF:lib/features/game/ui/components/card_widget.dart
DA:15,2
DA:30,2
DA:33,2
DA:34,2
DA:35,2
DA:37,2
DA:38,0
DA:41,0
DA:42,0
DA:43,0
DA:44,0
DA:45,0
DA:46,0
DA:57,0
DA:58,0
DA:60,0
DA:67,2
DA:70,2
DA:72,2
DA:73,2
DA:75,6
DA:76,4
DA:78,2
DA:79,2
DA:81,3
DA:82,2
DA:83,0
DA:84,2
DA:85,4
DA:90,2
DA:91,2
DA:92,2
DA:93,2
DA:95,2
DA:96,2
DA:97,6
DA:98,2
DA:99,6
DA:104,2
DA:105,6
DA:106,2
DA:107,6
DA:114,2
DA:115,2
LF:44
LH:33
end_of_record
SF:lib/features/game/ui/components/table_layout.dart
DA:9,1
DA:11,1
DA:13,2
DA:15,1
DA:16,1
DA:18,1
DA:19,1
DA:24,1
DA:25,1
DA:27,1
DA:29,2
LF:11
LH:11
end_of_record
SF:lib/features/store/theme_store_provider.dart
DA:11,4
DA:12,2
DA:13,0
DA:17,4
DA:18,2
DA:19,1
DA:20,0
DA:21,0
DA:22,1
DA:27,0
DA:28,0
DA:29,0
DA:30,0
DA:31,0
DA:32,0
DA:37,0
DA:38,0
DA:39,0
DA:40,0
DA:41,0
DA:42,0
DA:48,0
DA:51,0
DA:52,0
DA:54,0
DA:55,0
DA:56,0
DA:58,0
DA:62,0
DA:63,0
DA:65,0
DA:66,0
DA:67,0
DA:69,0
DA:75,0
DA:76,0
LF:36
LH:6
end_of_record
SF:lib/features/rtc/signaling_service.dart
DA:23,0
DA:27,0
DA:30,0
DA:31,0
DA:32,0
DA:33,0
DA:34,0
DA:37,0
DA:38,0
DA:39,0
DA:40,0
DA:41,0
DA:42,0
DA:45,0
DA:47,0
DA:48,0
DA:49,0
DA:50,0
DA:53,0
DA:54,0
DA:55,0
DA:59,0
DA:63,0
DA:64,0
DA:65,0
DA:66,0
DA:67,0
DA:70,0
DA:75,0
DA:79,0
DA:80,0
DA:81,0
DA:82,0
DA:83,0
DA:86,0
DA:91,0
DA:95,0
DA:96,0
DA:99,0
DA:104,0
DA:105,0
DA:106,0
DA:107,0
DA:108,0
DA:109,0
DA:110,0
DA:111,0
DA:112,0
DA:114,0
DA:115,0
DA:116,0
DA:125,0
DA:126,0
DA:127,0
DA:128,0
DA:129,0
DA:130,0
DA:131,0
DA:132,0
DA:133,0
DA:135,0
DA:136,0
DA:137,0
DA:146,0
DA:147,0
DA:148,0
DA:149,0
DA:150,0
DA:151,0
DA:152,0
DA:153,0
DA:155,0
DA:156,0
DA:157,0
DA:166,0
DA:168,0
DA:169,0
DA:173,0
DA:174,0
DA:175,0
DA:178,0
DA:181,0
DA:182,0
DA:183,0
DA:184,0
DA:185,0
DA:186,0
DA:190,0
DA:191,0
DA:192,0
DA:193,0
DA:194,0
DA:195,0
DA:199,0
DA:200,0
DA:201,0
DA:202,0
DA:203,0
DA:206,0
DA:210,0
DA:211,0
DA:212,0
DA:213,0
DA:214,0
DA:218,0
DA:219,0
DA:220,0
DA:221,0
DA:226,0
DA:227,0
DA:228,0
DA:229,0
DA:230,0
DA:239,1
DA:241,0
DA:244,0
DA:245,0
DA:246,0
DA:248,1
DA:249,5
LF:120
LH:3
end_of_record
SF:lib/features/rtc/widgets/audio_controls.dart
DA:11,0
DA:17,0
DA:19,0
DA:20,0
DA:21,0
DA:23,0
DA:24,0
DA:26,0
DA:28,0
DA:30,0
DA:34,0
DA:35,0
DA:36,0
DA:46,0
DA:48,0
DA:49,0
DA:50,0
DA:51,0
DA:52,0
DA:54,0
DA:58,0
DA:59,0
DA:60,0
DA:65,0
DA:66,0
DA:68,0
DA:70,0
DA:81,0
DA:86,0
DA:90,0
DA:94,0
DA:98,0
DA:104,0
DA:106,0
DA:109,0
DA:120,1
DA:126,1
DA:128,3
DA:129,3
DA:130,1
DA:132,1
DA:133,1
DA:134,0
DA:135,2
DA:140,0
DA:141,0
DA:142,0
DA:143,0
DA:144,0
DA:145,0
DA:146,0
DA:147,0
DA:148,0
DA:149,0
DA:161,0
DA:168,0
DA:170,0
DA:171,0
DA:172,0
DA:174,0
DA:178,0
DA:179,0
DA:181,0
DA:184,0
DA:185,0
DA:186,0
DA:187,0
DA:190,0
DA:193,0
DA:198,0
DA:200,0
DA:201,0
DA:202,0
DA:210,0
DA:217,0
DA:219,0
DA:220,0
DA:222,0
DA:225,0
DA:226,0
DA:227,0
DA:228,0
DA:231,0
DA:233,0
DA:235,0
DA:237,0
LF:86
LH:8
end_of_record
SF:lib/features/store/theme_store_service.dart
DA:13,4
DA:14,0
DA:15,1
DA:16,0
DA:25,0
DA:28,0
DA:29,0
DA:35,0
DA:36,0
DA:39,0
DA:46,0
DA:47,0
DA:49,0
DA:52,0
DA:53,0
DA:54,0
DA:59,0
DA:60,0
DA:63,0
DA:64,0
DA:65,0
DA:69,0
DA:70,0
DA:73,0
DA:74,0
DA:75,0
DA:79,0
DA:80,0
DA:83,0
DA:84,0
DA:85,0
DA:89,0
DA:90,0
DA:93,0
DA:94,0
DA:95,0
DA:99,0
DA:100,0
DA:104,0
DA:105,0
LF:40
LH:2
end_of_record
SF:lib/features/video/services/pip_service.dart
DA:20,2
DA:29,0
DA:31,0
DA:39,0
DA:40,0
DA:41,0
DA:42,0
DA:43,0
DA:44,0
DA:45,0
DA:52,0
DA:56,0
DA:57,0
DA:58,0
DA:64,0
DA:68,0
DA:69,0
DA:70,0
DA:74,0
DA:75,0
DA:76,0
DA:77,0
DA:82,0
DA:83,0
DA:84,0
DA:85,0
DA:90,0
DA:91,0
DA:92,0
DA:94,0
DA:99,0
DA:100,0
DA:104,0
DA:105,0
DA:106,0
DA:110,0
DA:111,0
DA:116,0
DA:119,0
DA:123,0
DA:125,0
DA:129,0
DA:130,0
DA:135,0
DA:140,0
DA:141,0
DA:142,0
LF:47
LH:1
end_of_record
SF:lib/features/video/video_service.dart
DA:14,0
DA:53,0
DA:83,0
DA:89,0
DA:90,0
DA:93,0
DA:94,0
DA:95,0
DA:96,0
DA:97,0
DA:98,0
DA:99,0
DA:100,0
DA:101,0
DA:102,0
DA:105,0
DA:106,0
DA:107,0
DA:111,0
DA:112,0
DA:115,0
DA:119,0
DA:122,0
DA:125,0
DA:128,0
DA:131,0
DA:134,0
DA:135,0
DA:139,0
DA:140,0
DA:143,0
DA:145,0
DA:146,0
DA:147,0
DA:153,0
DA:154,0
DA:155,0
DA:156,0
DA:157,0
DA:158,0
DA:159,0
DA:160,0
DA:161,0
DA:165,0
DA:166,0
DA:167,0
DA:169,0
DA:173,0
DA:174,0
DA:178,0
DA:179,0
DA:180,0
DA:182,0
DA:186,0
DA:187,0
DA:190,0
DA:191,0
DA:192,0
DA:194,0
DA:199,0
DA:200,0
DA:201,0
DA:203,0
DA:207,0
DA:208,0
DA:212,0
DA:213,0
DA:214,0
DA:216,0
DA:220,0
DA:221,0
DA:224,0
DA:225,0
DA:226,0
DA:228,0
DA:233,0
DA:234,0
DA:237,0
DA:238,0
DA:240,0
DA:245,0
DA:246,0
DA:247,0
DA:248,0
DA:249,0
DA:250,0
DA:254,0
DA:258,0
DA:259,0
DA:261,0
DA:262,0
DA:263,0
DA:264,0
DA:265,0
DA:267,0
DA:268,0
DA:269,0
DA:271,0
DA:272,0
DA:273,0
DA:275,0
DA:276,0
DA:277,0
DA:279,0
DA:280,0
DA:281,0
DA:283,0
DA:284,0
DA:286,0
DA:287,0
DA:289,0
DA:290,0
DA:294,0
DA:296,0
DA:297,0
DA:310,0
DA:311,0
DA:314,0
DA:315,0
DA:316,0
DA:317,0
DA:318,0
DA:319,0
DA:320,0
DA:321,0
DA:322,0
DA:323,0
DA:328,0
DA:332,0
DA:333,0
DA:334,0
DA:335,0
DA:336,0
DA:337,0
DA:340,0
DA:345,0
DA:346,0
DA:349,0
DA:350,0
DA:351,0
DA:352,0
DA:353,0
DA:354,0
DA:358,0
DA:359,0
DA:360,0
DA:361,0
DA:362,0
DA:363,0
DA:364,0
DA:367,0
DA:371,0
DA:372,0
DA:373,0
DA:374,0
DA:375,0
DA:376,0
DA:377,0
DA:381,0
DA:382,0
DA:383,0
DA:384,0
DA:385,0
DA:386,0
DA:387,0
DA:388,0
DA:398,0
DA:404,0
DA:405,0
DA:406,0
DA:407,0
DA:408,0
DA:409,0
DA:424,0
DA:430,0
DA:433,0
DA:434,0
DA:435,0
DA:437,0
DA:438,0
DA:441,0
DA:442,0
DA:443,0
DA:444,0
DA:445,0
DA:446,0
DA:448,0
DA:453,0
DA:454,0
DA:455,0
LF:190
LH:0
end_of_record
SF:lib/features/video/widgets/video_grid.dart
DA:14,0
DA:21,0
DA:23,0
DA:24,0
DA:25,0
DA:26,0
DA:28,0
DA:30,0
DA:31,0
DA:34,0
DA:35,0
DA:36,0
DA:37,0
DA:40,0
DA:41,0
DA:45,0
DA:46,0
DA:47,0
DA:48,0
DA:53,0
DA:54,0
DA:57,0
DA:59,0
DA:61,0
DA:64,0
DA:66,0
DA:68,0
DA:69,0
DA:70,0
DA:71,0
DA:72,0
DA:73,0
DA:79,0
DA:81,0
DA:82,0
DA:85,0
DA:88,0
DA:89,0
DA:90,0
DA:95,0
DA:97,0
DA:98,0
DA:104,0
DA:107,0
DA:110,0
DA:111,0
DA:112,0
DA:117,0
DA:119,0
DA:120,0
DA:134,0
DA:138,0
DA:148,0
DA:152,0
DA:154,0
DA:155,0
DA:157,0
DA:158,0
DA:160,0
DA:161,0
DA:163,0
DA:169,0
DA:172,0
DA:178,0
DA:179,0
DA:180,0
DA:185,0
DA:186,0
DA:187,0
DA:191,0
DA:193,0
DA:194,0
DA:196,0
DA:199,0
DA:200,0
DA:201,0
DA:202,0
DA:203,0
DA:204,0
DA:207,0
DA:209,0
DA:212,0
DA:213,0
DA:214,0
DA:220,0
DA:221,0
DA:223,0
DA:224,0
DA:225,0
DA:231,0
DA:234,0
DA:236,0
DA:238,0
DA:240,0
DA:242,0
DA:243,0
DA:244,0
DA:245,0
DA:246,0
DA:247,0
DA:256,0
DA:259,0
DA:261,0
DA:262,0
DA:263,0
DA:265,0
DA:266,0
DA:275,0
DA:276,0
DA:277,0
DA:279,0
DA:280,0
DA:297,0
DA:298,0
DA:299,0
DA:302,0
DA:303,0
DA:304,0
DA:307,0
DA:312,0
DA:314,0
DA:316,0
DA:317,0
DA:318,0
DA:319,0
DA:320,0
DA:326,0
DA:328,0
DA:330,0
DA:334,0
DA:335,0
DA:337,0
DA:338,0
DA:347,0
DA:349,0
DA:350,0
DA:351,0
DA:352,0
DA:354,0
DA:359,0
DA:361,0
DA:362,0
DA:363,0
DA:364,0
DA:366,0
DA:373,0
DA:377,0
DA:378,0
DA:385,0
DA:390,0
DA:398,0
DA:406,0
DA:412,0
DA:413,0
DA:415,0
DA:416,0
DA:418,0
DA:419,0
DA:422,0
DA:424,0
DA:427,0
DA:430,0
DA:432,0
DA:445,0
LF:164
LH:0
end_of_record
SF:lib/games/marriage/widgets/marriage_table_layout.dart
DA:10,1
DA:18,1
DA:20,1
DA:21,1
DA:22,1
DA:23,1
DA:50,1
DA:52,1
DA:54,1
DA:55,1
DA:58,1
DA:60,1
DA:61,1
DA:63,1
DA:64,1
DA:65,1
DA:68,2
DA:72,1
DA:75,1
DA:79,1
DA:80,1
DA:81,1
DA:83,1
DA:93,1
DA:99,2
DA:101,1
DA:102,2
DA:130,3
DA:132,2
DA:138,3
DA:154,3
DA:155,3
DA:160,1
DA:161,1
DA:162,2
DA:163,2
DA:165,2
LF:37
LH:37
end_of_record
SF:lib/games/marriage/screens/marriage_guidebook_screen.dart
DA:10,2
DA:12,0
DA:14,0
DA:22,0
DA:24,0
DA:25,0
DA:28,0
DA:30,0
DA:31,0
DA:34,0
DA:36,0
DA:39,0
DA:40,0
DA:42,0
DA:43,0
DA:44,0
DA:45,0
DA:47,0
DA:48,0
DA:49,0
DA:50,0
DA:51,0
DA:52,0
DA:53,0
DA:55,0
DA:56,0
DA:57,0
DA:58,0
DA:59,0
DA:69,0
DA:70,0
DA:73,0
DA:75,0
DA:79,0
DA:81,0
DA:83,0
DA:84,0
DA:86,0
DA:87,0
DA:88,0
DA:89,0
DA:91,0
DA:93,0
DA:99,0
DA:106,0
DA:107,0
DA:109,0
DA:111,0
DA:112,0
DA:113,0
DA:114,0
DA:115,0
DA:121,0
DA:122,0
DA:123,0
DA:125,0
DA:126,0
DA:147,0
DA:149,0
DA:151,0
DA:152,0
DA:153,0
DA:154,0
DA:155,0
DA:159,0
DA:165,0
DA:171,0
DA:179,0
DA:184,0
DA:185,0
DA:187,0
DA:188,0
DA:189,0
DA:191,0
DA:192,0
DA:195,0
DA:207,0
DA:208,0
DA:223,0
DA:229,0
DA:232,0
DA:233,0
DA:235,0
DA:236,0
DA:238,0
DA:239,0
DA:242,0
DA:243,0
DA:245,0
DA:246,0
DA:248,0
DA:249,0
DA:258,0
DA:267,0
DA:270,0
DA:271,0
DA:273,0
DA:275,0
DA:276,0
DA:278,0
DA:279,0
DA:280,0
DA:281,0
DA:283,0
DA:284,0
DA:285,0
DA:297,0
DA:298,0
DA:328,0
DA:330,0
DA:332,0
DA:333,0
DA:335,0
DA:341,0
DA:342,0
DA:348,0
DA:349,0
DA:352,0
DA:354,0
DA:355,0
DA:367,0
DA:368,0
DA:369,0
DA:370,0
DA:375,0
DA:381,0
DA:382,0
DA:384,0
DA:386,0
DA:387,0
DA:389,0
DA:390,0
DA:391,0
DA:392,0
DA:400,0
DA:401,0
DA:403,0
DA:404,0
DA:412,0
DA:421,0
DA:424,0
DA:425,0
DA:428,0
DA:429,0
DA:433,0
DA:434,0
DA:436,0
DA:437,0
DA:439,0
DA:440,0
DA:441,0
DA:443,0
DA:447,0
DA:464,0
DA:471,0
DA:476,0
DA:478,0
DA:485,0
DA:490,0
DA:492,0
DA:498,0
DA:505,0
DA:506,0
DA:507,0
DA:510,0
DA:512,0
DA:513,0
DA:515,0
DA:516,0
DA:518,0
DA:524,0
DA:535,0
DA:544,0
DA:546,0
DA:548,0
DA:553,0
DA:556,0
DA:564,0
DA:565,0
DA:573,0
DA:581,0
DA:589,0
DA:601,0
DA:611,0
DA:613,0
DA:614,0
DA:615,0
DA:617,0
DA:618,0
DA:621,0
DA:624,0
DA:625,0
DA:627,0
DA:635,0
DA:636,0
DA:646,0
DA:651,0
DA:659,0
DA:661,0
DA:662,0
DA:664,0
DA:665,0
DA:666,0
DA:667,0
DA:669,0
DA:672,0
DA:675,0
DA:677,0
DA:683,0
DA:689,0
DA:691,0
DA:692,0
DA:693,0
DA:695,0
DA:697,0
DA:707,0
DA:708,0
DA:709,0
DA:712,0
DA:713,0
DA:715,0
DA:716,0
DA:717,0
DA:718,0
DA:719,0
DA:723,0
DA:724,0
DA:738,0
DA:740,0
DA:742,0
DA:743,0
DA:744,0
DA:745,0
DA:746,0
DA:747,0
DA:752,0
DA:753,0
DA:757,0
DA:761,0
DA:764,0
DA:765,0
DA:766,0
DA:775,0
DA:776,0
DA:778,0
DA:779,0
DA:781,0
DA:790,0
DA:792,0
DA:793,0
DA:799,0
DA:802,0
DA:803,0
DA:805,0
DA:812,0
DA:813,0
DA:816,0
DA:817,0
DA:818,0
DA:819,0
DA:821,0
DA:823,0
DA:824,0
DA:833,0
DA:840,0
DA:841,0
DA:844,0
DA:845,0
DA:847,0
DA:849,0
DA:850,0
DA:851,0
DA:857,0
LF:273
LH:1
end_of_record
SF:lib/games/marriage/widgets/marriage_hand_widget.dart
DA:17,2
DA:26,2
DA:27,2
DA:35,2
DA:37,2
DA:38,2
DA:41,0
DA:43,0
DA:47,0
DA:48,0
DA:52,0
DA:53,0
DA:54,0
DA:55,0
DA:56,0
DA:59,0
DA:60,0
DA:63,2
DA:65,6
DA:66,0
DA:68,2
DA:72,0
DA:74,0
DA:75,0
DA:78,0
DA:80,0
DA:82,0
DA:83,0
DA:85,0
DA:88,0
DA:89,0
DA:90,0
DA:93,0
DA:98,0
DA:100,0
DA:105,0
DA:111,0
DA:112,0
DA:113,0
DA:117,0
DA:118,0
DA:124,0
DA:125,0
DA:126,0
DA:130,2
DA:131,6
DA:132,2
DA:135,6
DA:139,3
DA:141,1
DA:142,1
DA:143,1
DA:147,3
DA:149,8
DA:153,1
DA:154,7
DA:155,1
DA:156,1
DA:159,2
DA:160,1
DA:167,2
DA:168,4
DA:169,10
DA:170,2
DA:171,10
DA:173,2
DA:176,2
DA:179,1
DA:180,1
DA:181,1
DA:183,1
DA:185,1
DA:187,1
DA:189,1
DA:191,0
DA:193,0
DA:198,2
DA:200,2
DA:203,2
DA:205,2
DA:207,2
DA:208,2
DA:209,2
DA:210,2
DA:220,2
DA:240,2
DA:244,2
DA:246,2
DA:247,10
DA:248,2
DA:253,2
DA:254,0
DA:255,0
DA:256,0
DA:258,2
DA:259,2
DA:262,2
DA:263,2
DA:264,0
DA:266,2
DA:267,2
DA:268,0
DA:274,2
DA:275,2
DA:289,0
DA:290,0
DA:292,0
DA:293,0
DA:295,0
DA:298,0
DA:302,2
DA:303,4
DA:309,4
DA:313,2
DA:314,2
DA:315,2
DA:317,2
DA:319,1
DA:321,1
DA:323,2
DA:325,0
DA:326,0
DA:328,0
DA:330,0
DA:340,4
DA:342,1
DA:345,0
DA:348,0
DA:351,0
DA:354,0
DA:357,0
DA:363,1
DA:367,2
DA:369,2
DA:371,2
DA:375,2
DA:376,2
DA:377,2
DA:379,2
DA:391,2
DA:393,6
DA:394,2
DA:396,2
DA:398,2
DA:399,2
DA:400,0
DA:401,0
DA:402,0
DA:403,0
DA:404,0
DA:406,0
DA:407,0
DA:409,0
DA:411,0
DA:414,2
DA:415,2
DA:416,2
DA:417,2
DA:418,0
DA:420,2
DA:428,6
DA:429,2
DA:430,2
DA:432,2
DA:433,2
DA:436,2
DA:438,2
DA:439,2
DA:441,4
DA:444,2
DA:446,4
DA:448,0
DA:451,2
DA:452,6
DA:454,4
DA:465,2
DA:466,8
DA:469,4
DA:470,5
DA:477,1
DA:478,1
DA:484,2
LF:182
LH:114
end_of_record
SF:lib/games/marriage/widgets/marriage_tutorial_steps.dart
DA:11,1
DA:12,1
DA:13,0
DA:17,0
DA:18,0
DA:19,0
DA:23,0
DA:24,0
DA:25,0
DA:29,0
DA:30,0
DA:31,0
DA:36,0
DA:41,0
DA:46,0
DA:51,0
DA:56,0
DA:70,0
DA:72,0
DA:74,0
DA:75,0
DA:76,0
DA:77,0
DA:78,0
DA:80,0
DA:81,0
DA:82,0
LF:27
LH:2
end_of_record
SF:lib/games/marriage/marriage_visit_validator.dart
DA:18,0
DA:25,0
DA:26,0
DA:28,0
DA:32,0
DA:55,0
DA:61,0
DA:63,0
DA:66,0
DA:67,0
DA:68,0
DA:71,0
DA:73,0
DA:74,0
DA:75,0
DA:80,0
DA:81,0
DA:86,0
DA:87,0
DA:88,0
DA:92,0
DA:94,0
DA:95,0
DA:101,0
DA:102,0
DA:107,0
DA:108,0
DA:110,0
DA:111,0
DA:117,0
DA:118,0
DA:123,0
DA:125,0
DA:126,0
DA:129,0
DA:130,0
DA:133,0
DA:134,0
DA:137,0
DA:138,0
DA:143,0
DA:144,0
DA:145,0
DA:147,0
DA:149,0
DA:150,0
DA:156,0
DA:168,0
DA:169,0
DA:170,0
DA:173,0
DA:176,0
DA:180,0
DA:181,0
LF:54
LH:0
end_of_record
SF:lib/games/marriage/widgets/visit_button_widget.dart
DA:27,1
DA:35,1
DA:37,1
DA:38,1
DA:39,1
DA:40,1
DA:41,1
DA:42,1
DA:43,1
DA:47,1
DA:48,1
DA:50,1
DA:51,1
DA:52,1
DA:53,2
DA:55,1
DA:57,1
DA:58,1
DA:60,1
DA:61,2
DA:63,1
DA:64,1
DA:65,1
DA:66,1
DA:73,2
DA:74,1
DA:75,1
DA:76,2
DA:83,1
DA:84,1
DA:85,1
DA:86,1
DA:93,3
DA:94,3
DA:95,2
DA:98,1
DA:99,1
DA:101,1
DA:102,1
DA:103,1
DA:104,2
DA:105,1
DA:106,1
DA:107,1
DA:113,1
DA:115,1
DA:118,1
DA:121,1
DA:122,1
DA:138,3
LF:50
LH:50
end_of_record
SF:lib/games/marriage/widgets/maal_indicator.dart
DA:10,1
DA:16,1
DA:18,2
DA:20,1
DA:22,1
DA:23,1
DA:24,1
DA:25,0
DA:26,1
DA:27,1
DA:28,1
DA:29,1
DA:31,1
DA:32,1
DA:33,1
DA:34,1
DA:39,0
DA:41,1
DA:43,1
DA:44,1
DA:45,1
DA:46,1
DA:50,1
DA:51,2
DA:58,3
DA:59,2
LF:26
LH:24
end_of_record
SF:lib/games/marriage/widgets/game_timer_widget.dart
DA:7,1
DA:13,1
DA:15,3
DA:18,1
DA:19,1
DA:21,1
DA:24,1
DA:25,1
DA:27,2
DA:29,1
DA:31,1
DA:32,1
DA:35,1
DA:38,1
DA:39,2
DA:40,1
LF:16
LH:16
end_of_record
SF:lib/features/ai/ai_service.dart
DA:10,0
DA:11,0
DA:14,0
DA:22,0
DA:23,0
DA:33,0
DA:34,0
DA:35,0
DA:36,0
DA:37,0
DA:38,0
DA:43,0
DA:53,0
DA:54,0
DA:65,0
DA:66,0
DA:67,0
DA:68,0
DA:73,0
DA:79,0
DA:80,0
DA:87,0
DA:88,0
DA:89,0
DA:90,0
DA:91,0
DA:92,0
DA:93,0
DA:98,0
DA:103,0
DA:104,0
DA:110,0
DA:111,0
DA:112,0
DA:113,0
DA:114,0
DA:115,0
DA:116,0
DA:121,0
DA:128,0
DA:130,0
DA:136,0
DA:138,0
DA:139,0
DA:140,0
DA:141,0
DA:145,0
DA:147,0
DA:148,0
DA:154,0
DA:155,0
DA:156,0
DA:157,0
DA:158,0
DA:174,0
DA:186,0
DA:196,0
DA:212,0
DA:226,0
DA:234,0
DA:235,0
DA:239,0
DA:243,0
DA:244,0
DA:245,0
DA:246,0
DA:247,0
DA:248,0
DA:249,0
DA:250,0
DA:255,0
DA:256,0
DA:260,0
DA:261,0
DA:262,0
DA:263,0
DA:264,0
DA:280,0
DA:289,0
DA:292,0
DA:293,0
DA:294,0
DA:295,0
DA:297,0
DA:298,0
DA:306,0
DA:312,0
DA:315,0
DA:316,0
DA:317,0
DA:318,0
DA:320,0
DA:321,0
LF:93
LH:0
end_of_record
SF:lib/core/ai/hybrid_ai_service.dart
DA:30,0
DA:39,0
DA:41,0
DA:42,0
DA:43,0
DA:47,0
DA:49,0
DA:62,0
DA:63,0
DA:64,0
DA:66,0
DA:71,0
DA:74,0
DA:75,0
DA:77,0
DA:78,0
DA:79,0
DA:80,0
DA:81,0
DA:84,0
DA:89,0
DA:96,0
DA:99,0
DA:100,0
DA:101,0
DA:102,0
DA:103,0
DA:112,0
DA:117,0
DA:118,0
DA:122,0
DA:123,0
DA:128,0
DA:130,0
DA:131,0
DA:132,0
DA:135,0
DA:138,0
DA:140,0
DA:141,0
DA:145,0
DA:146,0
DA:147,0
DA:151,0
DA:154,0
DA:160,0
DA:162,0
DA:163,0
DA:166,0
DA:171,0
DA:183,0
DA:188,0
DA:189,0
DA:191,0
DA:193,0
DA:194,0
DA:200,0
DA:207,0
DA:208,0
DA:221,0
DA:222,0
DA:225,0
DA:226,0
DA:227,0
DA:229,0
DA:232,0
DA:233,0
DA:234,0
DA:237,0
DA:238,0
DA:239,0
DA:242,0
DA:243,0
DA:244,0
DA:245,0
DA:246,0
DA:247,0
DA:249,0
DA:256,0
DA:258,0
DA:259,0
DA:260,0
DA:263,0
DA:265,0
DA:266,0
DA:267,0
DA:270,0
DA:275,0
DA:276,0
DA:277,0
DA:278,0
DA:282,0
DA:283,0
DA:284,0
DA:285,0
DA:287,0
DA:288,0
DA:291,0
DA:296,0
DA:297,0
LF:100
LH:0
end_of_record
SF:lib/core/services/app_logger.dart
DA:17,0
DA:19,0
DA:24,0
DA:26,0
DA:31,0
DA:33,0
DA:38,0
DA:45,0
DA:47,0
DA:50,0
DA:57,0
DA:59,0
DA:60,0
DA:66,0
DA:68,0
DA:73,0
DA:75,0
DA:80,0
DA:82,0
LF:19
LH:0
end_of_record
SF:lib/features/game/ui/components/casino_button.dart
DA:13,1
DA:24,1
DA:26,1
DA:27,1
DA:28,1
DA:29,1
DA:30,1
DA:31,1
DA:38,1
DA:39,1
DA:40,1
DA:41,1
DA:42,1
DA:43,2
DA:44,1
DA:45,1
DA:47,1
DA:48,1
DA:49,1
DA:52,1
DA:54,1
DA:55,2
DA:56,3
DA:59,1
DA:60,2
DA:61,4
DA:62,1
DA:64,1
LF:28
LH:28
end_of_record
SF:lib/games/marriage/marriage_bot.dart
DA:25,1
DA:31,0
DA:32,0
DA:33,0
DA:34,0
DA:36,0
DA:38,0
DA:44,0
DA:45,0
DA:46,0
DA:47,0
DA:49,0
DA:51,0
DA:58,1
DA:69,1
DA:70,1
DA:72,0
DA:74,1
DA:76,1
DA:81,0
DA:83,0
DA:84,0
DA:86,0
DA:90,0
DA:96,0
DA:97,0
DA:106,1
DA:112,1
DA:113,0
DA:118,0
DA:119,1
DA:121,1
DA:123,0
DA:126,1
DA:127,1
DA:129,0
DA:131,1
DA:133,1
DA:135,0
DA:137,0
DA:142,1
DA:148,1
DA:152,2
DA:153,2
DA:154,1
DA:155,1
DA:160,1
DA:161,1
DA:163,0
DA:165,1
DA:167,1
DA:169,0
DA:171,0
DA:173,0
DA:174,0
DA:183,0
DA:189,0
DA:196,0
DA:197,0
DA:201,0
DA:205,0
DA:208,0
DA:209,0
DA:218,1
DA:220,2
DA:222,3
DA:223,6
DA:224,2
DA:228,0
DA:232,0
DA:233,0
DA:239,0
DA:240,0
DA:242,0
DA:243,0
DA:245,0
DA:249,1
DA:255,4
DA:256,1
DA:259,1
DA:260,1
DA:262,1
DA:263,0
DA:266,4
DA:268,1
DA:271,5
DA:274,0
DA:275,0
DA:278,1
DA:282,0
DA:283,0
DA:287,1
DA:288,1
DA:292,6
DA:295,3
DA:297,4
DA:298,2
DA:299,1
DA:306,1
DA:307,2
DA:308,1
DA:314,0
DA:318,0
DA:320,0
DA:321,0
DA:324,0
DA:326,0
DA:328,0
DA:329,0
DA:330,0
DA:332,0
DA:336,0
DA:337,0
DA:340,0
DA:346,1
DA:347,1
DA:348,1
DA:349,1
DA:351,1
DA:353,1
DA:355,1
DA:358,2
DA:363,0
DA:365,0
DA:366,0
DA:369,0
DA:370,0
DA:371,0
DA:375,0
LF:129
LH:57
end_of_record
SF:lib/features/agents/models/bot_personality.dart
DA:42,1
DA:57,0
DA:135,0
DA:136,0
DA:137,0
DA:141,0
DA:143,0
DA:150,0
DA:152,0
DA:153,0
DA:154,0
DA:155,0
DA:156,0
DA:157,0
DA:158,0
DA:160,0
DA:161,0
DA:163,0
DA:167,0
DA:168,0
DA:169,0
DA:172,0
DA:173,0
DA:174,0
DA:175,0
DA:176,0
DA:177,0
DA:178,0
DA:188,0
DA:195,0
DA:196,0
DA:198,0
DA:199,0
DA:200,0
DA:203,0
DA:204,0
DA:205,0
DA:206,0
LF:38
LH:1
end_of_record
SF:lib/games/teen_patti/teen_patti_game.dart
DA:32,1
DA:41,0
DA:43,1
DA:44,2
DA:45,1
DA:46,1
DA:47,1
DA:53,0
DA:56,0
DA:59,1
DA:62,1
DA:65,0
DA:68,1
DA:92,0
DA:93,0
DA:95,0
DA:96,0
DA:98,0
DA:100,0
DA:102,0
DA:103,0
DA:105,0
DA:106,0
DA:109,2
DA:110,2
DA:111,0
DA:113,1
DA:115,6
DA:116,0
DA:117,0
DA:121,2
DA:122,2
DA:123,2
DA:125,3
DA:126,4
DA:127,1
DA:128,2
DA:132,1
DA:133,1
DA:134,1
DA:137,1
DA:139,1
DA:140,1
DA:141,2
DA:144,3
DA:145,1
DA:149,5
DA:150,3
DA:151,2
DA:155,5
DA:156,4
DA:157,6
DA:160,1
DA:161,1
DA:162,1
DA:163,1
DA:166,0
DA:168,0
DA:171,0
DA:173,0
DA:174,0
DA:178,1
DA:179,2
DA:180,1
DA:181,1
DA:185,0
DA:186,0
DA:188,0
DA:189,0
DA:192,0
DA:193,0
DA:195,0
DA:198,0
DA:199,0
DA:202,0
DA:203,0
DA:208,0
DA:210,0
DA:213,0
DA:217,0
DA:218,0
DA:221,0
DA:222,0
DA:228,0
DA:229,0
DA:232,0
DA:235,0
DA:237,0
DA:238,0
DA:241,0
DA:246,0
DA:247,0
DA:249,0
DA:250,0
DA:253,0
DA:257,0
DA:258,0
DA:259,0
DA:261,0
DA:264,0
DA:267,0
DA:268,0
DA:272,0
DA:273,0
DA:275,0
DA:277,0
DA:280,0
DA:281,0
DA:286,0
DA:287,0
DA:289,0
DA:290,0
DA:293,0
DA:294,0
DA:296,0
DA:297,0
DA:301,0
DA:302,0
DA:305,0
DA:306,0
DA:311,0
DA:312,0
DA:313,0
DA:315,0
DA:319,0
DA:320,0
DA:321,0
DA:323,0
DA:327,0
DA:328,0
DA:330,0
DA:331,0
DA:332,0
DA:333,0
DA:337,0
DA:343,0
DA:348,0
DA:349,0
DA:351,0
DA:353,0
DA:356,0
DA:357,0
DA:359,0
DA:360,0
DA:362,0
DA:363,0
DA:365,0
DA:368,0
DA:374,1
DA:376,3
DA:379,0
DA:384,0
DA:385,0
DA:386,0
DA:387,0
DA:391,3
DA:394,0
DA:395,0
LF:158
LH:46
end_of_record
SF:lib/games/teen_patti/teen_patti_hand.dart
DA:26,0
DA:27,0
DA:28,0
DA:30,0
DA:33,0
DA:35,0
DA:36,0
DA:38,0
DA:39,0
DA:40,0
DA:42,0
DA:43,0
DA:44,0
DA:46,0
DA:47,0
DA:48,0
DA:49,0
DA:53,0
DA:55,0
DA:57,0
DA:59,0
DA:61,0
DA:62,0
DA:64,0
DA:66,0
DA:68,0
DA:70,0
DA:71,0
DA:73,0
DA:76,0
DA:77,0
DA:81,0
DA:82,0
DA:85,0
DA:90,0
DA:97,0
DA:100,0
DA:102,0
DA:104,0
DA:106,0
DA:109,0
DA:113,0
DA:115,0
DA:118,0
DA:122,0
DA:126,0
DA:128,0
DA:129,0
DA:130,0
DA:134,0
DA:138,0
DA:139,0
DA:140,0
DA:142,0
DA:144,0
DA:146,0
DA:148,0
DA:150,0
DA:155,0
DA:157,0
DA:158,0
DA:165,0
DA:166,0
DA:167,0
DA:169,0
DA:170,0
DA:172,0
DA:173,0
DA:174,0
DA:176,0
DA:177,0
DA:178,0
DA:180,0
LF:73
LH:0
end_of_record
SF:lib/core/services/ab_testing_service.dart
DA:14,3
DA:15,2
DA:16,1
DA:24,0
DA:26,0
DA:29,0
DA:37,0
DA:38,0
DA:41,0
DA:43,0
DA:44,0
DA:53,0
DA:61,0
DA:62,0
DA:64,0
DA:66,0
DA:67,0
DA:75,1
DA:77,2
DA:78,2
DA:82,0
DA:83,2
DA:88,0
DA:91,0
DA:92,0
DA:93,0
DA:98,0
DA:101,0
DA:105,0
DA:106,0
DA:107,0
DA:110,0
DA:113,0
DA:114,0
DA:115,0
DA:116,0
DA:117,0
DA:118,0
DA:122,0
DA:126,0
DA:128,0
DA:129,0
DA:130,0
DA:131,0
DA:139,0
DA:140,0
DA:142,0
DA:143,0
DA:144,0
DA:146,0
DA:150,0
DA:155,0
DA:158,0
DA:161,0
DA:167,0
DA:170,0
DA:175,0
DA:176,0
DA:180,0
DA:185,0
DA:188,0
DA:189,0
DA:190,0
DA:196,1
DA:197,1
DA:199,1
DA:207,2
DA:208,2
DA:215,1
DA:216,2
DA:220,1
DA:222,2
DA:226,1
DA:227,2
DA:232,0
LF:75
LH:18
end_of_record
SF:lib/core/services/analytics_service.dart
DA:41,3
DA:42,2
DA:43,1
DA:49,0
DA:51,0
DA:53,0
DA:57,0
DA:59,0
DA:61,0
DA:66,0
DA:67,0
DA:70,0
DA:71,0
DA:74,0
DA:75,0
DA:80,0
DA:85,0
DA:87,0
DA:95,0
DA:99,0
DA:101,0
DA:105,0
DA:110,0
DA:112,0
DA:120,0
DA:126,0
DA:128,0
DA:138,0
DA:139,0
DA:146,0
DA:151,0
DA:153,0
DA:159,0
DA:160,0
DA:162,0
DA:166,0
DA:167,0
DA:169,0
DA:173,0
DA:174,0
DA:176,0
DA:182,0
DA:183,0
DA:186,0
DA:191,0
DA:193,0
DA:201,0
DA:207,0
DA:210,0
DA:211,0
DA:221,0
DA:225,0
DA:227,0
DA:232,0
DA:237,0
DA:245,0
DA:246,0
DA:255,0
DA:256,0
DA:263,0
DA:264,0
DA:271,0
DA:272,0
DA:274,0
DA:278,0
DA:282,0
DA:285,0
DA:286,0
DA:288,0
DA:294,0
DA:295,0
DA:298,0
DA:299,0
DA:302,0
DA:303,0
DA:306,0
DA:307,0
DA:310,0
DA:311,0
DA:314,0
DA:315,0
DA:316,0
DA:317,0
DA:318,0
DA:324,0
DA:325,0
DA:329,0
DA:331,0
DA:332,0
LF:89
LH:3
end_of_record
SF:lib/core/services/event_tracker.dart
DA:8,3
DA:9,2
DA:10,1
DA:16,0
DA:19,0
DA:21,0
DA:25,1
DA:27,0
DA:33,1
DA:40,2
DA:41,1
DA:42,1
DA:43,1
DA:44,1
DA:45,1
DA:50,1
DA:58,2
DA:59,1
DA:60,1
DA:61,1
DA:62,1
DA:63,1
DA:64,1
DA:69,1
DA:73,2
DA:82,1
DA:88,0
DA:89,0
DA:90,0
DA:91,0
DA:93,0
DA:96,0
DA:101,1
DA:107,0
DA:108,0
DA:110,0
DA:115,1
DA:122,0
DA:125,0
DA:126,0
DA:139,1
DA:142,2
DA:146,1
DA:150,2
DA:157,1
DA:160,2
DA:164,1
DA:168,2
DA:177,1
DA:181,2
DA:182,1
DA:184,1
DA:189,1
DA:193,2
DA:200,1
DA:206,0
DA:207,0
DA:217,1
DA:223,2
DA:224,1
DA:225,2
DA:227,2
DA:229,1
DA:230,1
DA:237,1
DA:246,0
DA:249,0
DA:250,0
DA:256,0
DA:258,0
DA:261,0
DA:267,0
DA:274,0
DA:275,0
DA:276,0
DA:277,0
DA:278,0
DA:284,0
LF:78
LH:47
end_of_record
SF:lib/core/services/sentry_service.dart
DA:16,2
DA:19,0
DA:20,0
DA:21,0
DA:25,0
DA:26,0
DA:27,0
DA:28,0
DA:29,0
DA:30,0
DA:31,0
DA:34,0
DA:36,0
DA:37,0
DA:38,0
DA:39,0
DA:40,0
DA:41,0
DA:42,0
DA:45,0
DA:47,0
DA:51,0
DA:55,1
DA:56,1
DA:59,0
DA:60,0
DA:61,0
DA:62,0
DA:68,0
DA:69,0
DA:75,1
DA:81,1
DA:82,3
DA:86,0
DA:89,0
DA:91,0
DA:94,0
DA:95,0
DA:103,1
DA:108,1
DA:109,3
DA:113,0
DA:116,0
DA:118,0
DA:119,0
DA:127,1
DA:133,1
DA:135,0
DA:136,0
DA:141,0
DA:147,1
DA:148,1
DA:149,0
LF:53
LH:13
end_of_record
SF:lib/core/services/feature_flags.dart
DA:33,3
DA:34,2
DA:35,1
DA:58,0
DA:59,0
DA:63,1
DA:64,1
DA:65,1
DA:67,0
DA:71,0
DA:72,0
DA:73,0
DA:77,0
DA:78,0
DA:79,0
DA:83,0
DA:84,0
DA:88,0
DA:89,0
DA:90,0
DA:99,1
DA:100,2
DA:103,2
DA:106,0
DA:109,0
DA:112,2
DA:115,2
DA:119,0
LF:28
LH:11
end_of_record
SF:lib/features/auth/auth_screen.dart
DA:13,1
DA:15,1
DA:16,1
DA:29,1
DA:31,1
DA:32,2
DA:35,1
DA:37,2
DA:40,1
DA:42,2
DA:45,1
DA:47,2
DA:50,1
DA:52,2
DA:55,1
DA:58,1
DA:60,2
DA:61,2
DA:62,2
DA:63,2
DA:64,2
DA:65,1
DA:68,0
DA:69,0
DA:70,0
DA:71,0
DA:75,0
DA:76,0
DA:79,0
DA:80,0
DA:82,0
DA:83,0
DA:87,0
DA:89,0
DA:92,0
DA:93,0
DA:94,0
DA:100,1
DA:102,1
DA:103,1
DA:104,1
DA:106,1
DA:109,1
DA:112,1
DA:115,1
DA:118,1
DA:119,1
DA:120,1
DA:122,1
DA:124,1
DA:128,1
DA:133,1
DA:138,1
DA:143,1
DA:148,1
DA:151,1
DA:153,1
DA:157,1
DA:160,1
DA:162,1
DA:165,1
DA:167,1
DA:178,1
DA:179,1
DA:193,1
DA:194,1
DA:195,1
DA:196,1
DA:197,1
DA:198,2
DA:199,2
DA:208,1
DA:209,1
DA:210,1
DA:211,1
DA:212,1
DA:213,3
DA:220,1
DA:221,1
DA:222,1
DA:223,1
DA:224,1
DA:225,3
DA:232,1
DA:233,1
DA:234,1
DA:235,1
DA:236,1
DA:237,2
DA:239,7
DA:240,2
DA:242,5
DA:243,2
DA:245,5
DA:246,2
DA:248,1
DA:249,1
DA:250,1
DA:251,1
DA:252,2
DA:253,1
DA:254,1
DA:255,1
DA:265,1
DA:266,1
DA:267,1
DA:274,1
DA:277,1
DA:278,1
DA:279,1
DA:280,4
DA:282,1
DA:283,1
DA:284,2
DA:285,1
DA:287,3
DA:295,1
DA:296,1
DA:298,1
DA:299,1
DA:300,1
DA:301,1
DA:302,1
DA:305,1
DA:306,2
DA:308,1
DA:310,1
DA:311,1
DA:313,1
DA:315,1
DA:323,1
DA:327,1
DA:328,2
DA:329,1
DA:330,1
DA:331,1
DA:332,1
DA:336,1
DA:337,1
DA:338,4
DA:339,1
DA:340,5
DA:341,4
DA:343,1
DA:344,1
DA:345,1
DA:348,1
DA:358,1
DA:359,1
DA:360,1
DA:364,1
DA:365,2
DA:371,1
DA:373,1
DA:375,2
DA:376,2
DA:377,1
DA:379,1
DA:381,1
DA:385,1
DA:387,1
DA:394,1
DA:397,1
DA:400,1
DA:420,1
DA:421,2
DA:422,1
DA:425,1
DA:429,1
DA:430,1
DA:431,1
DA:432,1
DA:433,4
DA:434,3
DA:436,1
DA:437,2
DA:438,1
DA:439,2
DA:440,2
DA:441,2
DA:443,1
DA:444,1
DA:446,1
DA:451,1
DA:452,1
DA:453,2
DA:456,1
DA:457,2
DA:460,1
DA:461,2
DA:470,1
DA:471,3
DA:472,2
DA:475,1
DA:476,1
DA:478,1
DA:480,1
DA:481,1
DA:483,1
DA:484,1
DA:489,1
DA:491,1
DA:493,1
DA:500,1
DA:502,1
DA:503,1
DA:509,4
DA:512,0
DA:513,0
DA:516,0
DA:517,0
DA:518,0
DA:519,0
DA:521,0
DA:522,0
DA:525,0
DA:526,0
DA:527,0
DA:536,1
DA:537,1
DA:538,1
DA:539,1
DA:540,4
DA:542,1
DA:545,1
DA:546,1
DA:550,1
DA:551,1
DA:552,1
DA:556,1
DA:557,2
DA:563,1
DA:565,1
DA:566,2
DA:567,1
DA:568,1
DA:569,1
DA:604,1
DA:605,3
DA:606,2
DA:609,0
DA:610,0
DA:611,0
DA:612,0
DA:613,0
DA:614,0
DA:617,0
DA:619,0
DA:621,0
DA:622,0
DA:623,0
DA:624,0
DA:625,0
DA:626,0
DA:628,0
DA:629,0
DA:631,0
DA:633,0
DA:636,0
DA:638,0
DA:639,0
DA:649,0
DA:652,1
DA:653,1
DA:655,1
DA:656,1
DA:657,1
DA:658,2
DA:659,1
DA:660,1
DA:661,1
DA:667,1
DA:668,1
DA:669,1
DA:670,1
DA:671,1
DA:672,1
DA:677,5
DA:680,1
DA:681,1
DA:686,4
DA:691,1
DA:692,1
DA:693,1
DA:694,1
DA:699,5
DA:702,1
DA:703,1
DA:708,4
DA:714,4
DA:717,1
DA:718,1
DA:720,1
DA:721,1
DA:722,1
DA:723,2
DA:725,1
DA:726,1
DA:727,1
DA:729,1
DA:730,1
DA:733,1
DA:736,1
DA:738,1
DA:739,1
DA:747,1
DA:750,1
DA:751,1
DA:758,4
DA:769,1
DA:776,1
DA:778,1
DA:780,1
DA:781,1
DA:782,1
DA:783,3
DA:784,1
DA:785,3
DA:788,1
DA:789,1
DA:791,1
DA:794,1
DA:795,1
DA:796,1
DA:797,2
DA:803,1
DA:806,1
DA:808,1
DA:809,1
DA:810,1
DA:811,2
DA:818,1
DA:820,1
DA:821,4
DA:823,1
DA:824,1
DA:825,1
DA:826,1
DA:831,1
DA:832,1
DA:833,1
DA:834,1
DA:851,1
DA:856,1
DA:858,1
DA:861,2
DA:862,3
DA:863,3
DA:864,6
DA:866,1
DA:867,3
DA:868,1
DA:870,1
DA:871,8
DA:872,3
DA:878,1
DA:880,3
DA:881,0
DA:889,1
DA:891,1
DA:894,1
DA:896,1
DA:897,5
DA:898,1
DA:899,1
DA:903,1
DA:905,2
DA:906,5
DA:907,2
DA:908,1
DA:912,1
DA:919,1
DA:920,6
DA:921,6
DA:924,1
DA:926,2
DA:929,1
DA:930,2
DA:931,1
DA:934,1
DA:937,1
DA:939,3
DA:947,1
DA:949,1
DA:951,1
DA:953,2
DA:954,3
DA:955,3
DA:956,6
DA:957,3
DA:958,3
DA:960,1
DA:961,2
DA:962,1
DA:964,2
DA:968,1
DA:970,3
LF:397
LH:348
end_of_record
SF:lib/core/constants/disclaimers.dart
DA:114,0
DA:115,0
DA:116,0
DA:117,0
DA:118,0
DA:119,0
DA:126,0
DA:127,0
DA:128,0
DA:132,0
DA:133,0
DA:134,0
LF:12
LH:0
end_of_record
